2026-04-10 09:20:05 [INFO] Traceability:76 - ======================================================================
2026-04-10 09:20:05 [INFO] Traceability:77 - 🔄 LOGGING CONFIGURADO - INICIO DE APLICACIÓN
2026-04-10 09:20:05 [INFO] Traceability:78 - 📁 Archivo diario: logs/server_20260410.log
2026-04-10 09:20:05 [INFO] Traceability:79 - 📁 Archivo general: logs/server.log
2026-04-10 09:20:05 [INFO] Traceability:80 - 📅 Fecha: 2026-04-10 09:20:05
2026-04-10 09:20:05 [INFO] Traceability:81 - ======================================================================
2026-04-10 09:20:05 [DEBUG] PngImagePlugin:198 - STREAM b'IHDR' 16 13
2026-04-10 09:20:05 [DEBUG] PngImagePlugin:198 - STREAM b'IDAT' 41 8192
2026-04-10 09:20:05 [DEBUG] PngImagePlugin:198 - STREAM b'IHDR' 16 13
2026-04-10 09:20:05 [DEBUG] PngImagePlugin:198 - STREAM b'IDAT' 41 8192
2026-04-10 09:20:05 [DEBUG] PngImagePlugin:198 - STREAM b'IHDR' 16 13
2026-04-10 09:20:05 [DEBUG] PngImagePlugin:198 - STREAM b'IDAT' 41 8192
2026-04-10 09:20:05 [DEBUG] PngImagePlugin:198 - STREAM b'IHDR' 16 13
2026-04-10 09:20:05 [DEBUG] PngImagePlugin:198 - STREAM b'IDAT' 41 8192
2026-04-10 09:20:05 [DEBUG] PngImagePlugin:198 - STREAM b'IHDR' 16 13
2026-04-10 09:20:05 [DEBUG] PngImagePlugin:198 - STREAM b'IDAT' 41 8192
2026-04-10 09:20:05 [DEBUG] PngImagePlugin:198 - STREAM b'IHDR' 16 13
2026-04-10 09:20:05 [DEBUG] PngImagePlugin:198 - STREAM b'IDAT' 41 8192
2026-04-10 09:20:05 [DEBUG] PngImagePlugin:198 - STREAM b'IHDR' 16 13
2026-04-10 09:20:05 [DEBUG] PngImagePlugin:198 - STREAM b'pHYs' 41 9
2026-04-10 09:20:05 [DEBUG] PngImagePlugin:198 - STREAM b'tEXt' 62 25
2026-04-10 09:20:05 [DEBUG] PngImagePlugin:198 - STREAM b'IDAT' 99 8192
2026-04-10 09:20:05 [DEBUG] PngImagePlugin:198 - STREAM b'IHDR' 16 13
2026-04-10 09:20:05 [DEBUG] PngImagePlugin:198 - STREAM b'pHYs' 41 9
2026-04-10 09:20:05 [DEBUG] PngImagePlugin:198 - STREAM b'tEXt' 62 25
2026-04-10 09:20:05 [DEBUG] PngImagePlugin:198 - STREAM b'IDAT' 99 8192
2026-04-10 09:20:05 [DEBUG] PngImagePlugin:198 - STREAM b'IHDR' 16 13
2026-04-10 09:20:05 [DEBUG] PngImagePlugin:198 - STREAM b'IDAT' 41 8192
2026-04-10 09:20:05 [DEBUG] PngImagePlugin:198 - STREAM b'IHDR' 16 13
2026-04-10 09:20:05 [DEBUG] PngImagePlugin:198 - STREAM b'IDAT' 41 8192
2026-04-10 09:20:05 [DEBUG] PngImagePlugin:198 - STREAM b'IHDR' 16 13
2026-04-10 09:20:05 [DEBUG] PngImagePlugin:198 - STREAM b'sRGB' 41 1
2026-04-10 09:20:05 [DEBUG] PngImagePlugin:198 - STREAM b'gAMA' 54 4
2026-04-10 09:20:05 [DEBUG] PngImagePlugin:198 - STREAM b'pHYs' 70 9
2026-04-10 09:20:05 [DEBUG] PngImagePlugin:198 - STREAM b'IDAT' 91 65445
2026-04-10 09:20:05 [DEBUG] PngImagePlugin:198 - STREAM b'IHDR' 16 13
2026-04-10 09:20:05 [DEBUG] PngImagePlugin:198 - STREAM b'sRGB' 41 1
2026-04-10 09:20:05 [DEBUG] PngImagePlugin:198 - STREAM b'gAMA' 54 4
2026-04-10 09:20:05 [DEBUG] PngImagePlugin:198 - STREAM b'pHYs' 70 9
2026-04-10 09:20:05 [DEBUG] PngImagePlugin:198 - STREAM b'IDAT' 91 65445
2026-04-10 09:22:35 [INFO] Traceability:76 - ======================================================================
2026-04-10 09:22:35 [INFO] Traceability:77 - 🔄 LOGGING CONFIGURADO - INICIO DE APLICACIÓN
2026-04-10 09:22:35 [INFO] Traceability:78 - 📁 Archivo diario: logs/server_20260410.log
2026-04-10 09:22:35 [INFO] Traceability:79 - 📁 Archivo general: logs/server.log
2026-04-10 09:22:35 [INFO] Traceability:80 - 📅 Fecha: 2026-04-10 09:22:35
2026-04-10 09:22:35 [INFO] Traceability:81 - ======================================================================
2026-04-10 09:22:35 [DEBUG] PngImagePlugin:198 - STREAM b'IHDR' 16 13
2026-04-10 09:22:35 [DEBUG] PngImagePlugin:198 - STREAM b'IDAT' 41 8192
2026-04-10 09:22:35 [DEBUG] PngImagePlugin:198 - STREAM b'IHDR' 16 13
2026-04-10 09:22:35 [DEBUG] PngImagePlugin:198 - STREAM b'IDAT' 41 8192
2026-04-10 09:22:35 [DEBUG] PngImagePlugin:198 - STREAM b'IHDR' 16 13
2026-04-10 09:22:35 [DEBUG] PngImagePlugin:198 - STREAM b'IDAT' 41 8192
2026-04-10 09:22:35 [DEBUG] PngImagePlugin:198 - STREAM b'IHDR' 16 13
2026-04-10 09:22:35 [DEBUG] PngImagePlugin:198 - STREAM b'IDAT' 41 8192
2026-04-10 09:22:35 [DEBUG] PngImagePlugin:198 - STREAM b'IHDR' 16 13
2026-04-10 09:22:35 [DEBUG] PngImagePlugin:198 - STREAM b'IDAT' 41 8192
2026-04-10 09:22:35 [DEBUG] PngImagePlugin:198 - STREAM b'IHDR' 16 13
2026-04-10 09:22:35 [DEBUG] PngImagePlugin:198 - STREAM b'IDAT' 41 8192
2026-04-10 09:22:35 [DEBUG] PngImagePlugin:198 - STREAM b'IHDR' 16 13
2026-04-10 09:22:35 [DEBUG] PngImagePlugin:198 - STREAM b'pHYs' 41 9
2026-04-10 09:22:35 [DEBUG] PngImagePlugin:198 - STREAM b'tEXt' 62 25
2026-04-10 09:22:35 [DEBUG] PngImagePlugin:198 - STREAM b'IDAT' 99 8192
2026-04-10 09:22:35 [DEBUG] PngImagePlugin:198 - STREAM b'IHDR' 16 13
2026-04-10 09:22:35 [DEBUG] PngImagePlugin:198 - STREAM b'pHYs' 41 9
2026-04-10 09:22:35 [DEBUG] PngImagePlugin:198 - STREAM b'tEXt' 62 25
2026-04-10 09:22:35 [DEBUG] PngImagePlugin:198 - STREAM b'IDAT' 99 8192
2026-04-10 09:22:35 [DEBUG] PngImagePlugin:198 - STREAM b'IHDR' 16 13
2026-04-10 09:22:35 [DEBUG] PngImagePlugin:198 - STREAM b'IDAT' 41 8192
2026-04-10 09:22:35 [DEBUG] PngImagePlugin:198 - STREAM b'IHDR' 16 13
2026-04-10 09:22:35 [DEBUG] PngImagePlugin:198 - STREAM b'IDAT' 41 8192
2026-04-10 09:22:35 [DEBUG] PngImagePlugin:198 - STREAM b'IHDR' 16 13
2026-04-10 09:22:35 [DEBUG] PngImagePlugin:198 - STREAM b'sRGB' 41 1
2026-04-10 09:22:35 [DEBUG] PngImagePlugin:198 - STREAM b'gAMA' 54 4
2026-04-10 09:22:35 [DEBUG] PngImagePlugin:198 - STREAM b'pHYs' 70 9
2026-04-10 09:22:35 [DEBUG] PngImagePlugin:198 - STREAM b'IDAT' 91 65445
2026-04-10 09:22:35 [DEBUG] PngImagePlugin:198 - STREAM b'IHDR' 16 13
2026-04-10 09:22:35 [DEBUG] PngImagePlugin:198 - STREAM b'sRGB' 41 1
2026-04-10 09:22:35 [DEBUG] PngImagePlugin:198 - STREAM b'gAMA' 54 4
2026-04-10 09:22:35 [DEBUG] PngImagePlugin:198 - STREAM b'pHYs' 70 9
2026-04-10 09:22:35 [DEBUG] PngImagePlugin:198 - STREAM b'IDAT' 91 65445
2026-04-10 09:22:37 [INFO] Traceability:482 - PLC - Connected
2026-04-10 09:22:41 [INFO] Traceability:682 - Command received->  part: P2173404-00-C:SEYU26061A0766 - Command PASSED
2026-04-10 09:25:10 [INFO] Traceability:76 - ======================================================================
2026-04-10 09:25:10 [INFO] Traceability:77 - 🔄 LOGGING CONFIGURADO - INICIO DE APLICACIÓN
2026-04-10 09:25:10 [INFO] Traceability:78 - 📁 Archivo diario: logs/server_20260410.log
2026-04-10 09:25:10 [INFO] Traceability:79 - 📁 Archivo general: logs/server.log
2026-04-10 09:25:10 [INFO] Traceability:80 - 📅 Fecha: 2026-04-10 09:25:10
2026-04-10 09:25:10 [INFO] Traceability:81 - ======================================================================
2026-04-10 09:25:10 [DEBUG] PngImagePlugin:198 - STREAM b'IHDR' 16 13
2026-04-10 09:25:10 [DEBUG] PngImagePlugin:198 - STREAM b'IDAT' 41 8192
2026-04-10 09:25:10 [DEBUG] PngImagePlugin:198 - STREAM b'IHDR' 16 13
2026-04-10 09:25:10 [DEBUG] PngImagePlugin:198 - STREAM b'IDAT' 41 8192
2026-04-10 09:25:10 [DEBUG] PngImagePlugin:198 - STREAM b'IHDR' 16 13
2026-04-10 09:25:10 [DEBUG] PngImagePlugin:198 - STREAM b'IDAT' 41 8192
2026-04-10 09:25:10 [DEBUG] PngImagePlugin:198 - STREAM b'IHDR' 16 13
2026-04-10 09:25:10 [DEBUG] PngImagePlugin:198 - STREAM b'IDAT' 41 8192
2026-04-10 09:25:10 [DEBUG] PngImagePlugin:198 - STREAM b'IHDR' 16 13
2026-04-10 09:25:10 [DEBUG] PngImagePlugin:198 - STREAM b'IDAT' 41 8192
2026-04-10 09:25:10 [DEBUG] PngImagePlugin:198 - STREAM b'IHDR' 16 13
2026-04-10 09:25:10 [DEBUG] PngImagePlugin:198 - STREAM b'IDAT' 41 8192
2026-04-10 09:25:10 [DEBUG] PngImagePlugin:198 - STREAM b'IHDR' 16 13
2026-04-10 09:25:10 [DEBUG] PngImagePlugin:198 - STREAM b'pHYs' 41 9
2026-04-10 09:25:10 [DEBUG] PngImagePlugin:198 - STREAM b'tEXt' 62 25
2026-04-10 09:25:10 [DEBUG] PngImagePlugin:198 - STREAM b'IDAT' 99 8192
2026-04-10 09:25:10 [DEBUG] PngImagePlugin:198 - STREAM b'IHDR' 16 13
2026-04-10 09:25:10 [DEBUG] PngImagePlugin:198 - STREAM b'pHYs' 41 9
2026-04-10 09:25:10 [DEBUG] PngImagePlugin:198 - STREAM b'tEXt' 62 25
2026-04-10 09:25:10 [DEBUG] PngImagePlugin:198 - STREAM b'IDAT' 99 8192
2026-04-10 09:25:10 [DEBUG] PngImagePlugin:198 - STREAM b'IHDR' 16 13
2026-04-10 09:25:10 [DEBUG] PngImagePlugin:198 - STREAM b'IDAT' 41 8192
2026-04-10 09:25:10 [DEBUG] PngImagePlugin:198 - STREAM b'IHDR' 16 13
2026-04-10 09:25:10 [DEBUG] PngImagePlugin:198 - STREAM b'IDAT' 41 8192
2026-04-10 09:25:10 [DEBUG] PngImagePlugin:198 - STREAM b'IHDR' 16 13
2026-04-10 09:25:10 [DEBUG] PngImagePlugin:198 - STREAM b'sRGB' 41 1
2026-04-10 09:25:10 [DEBUG] PngImagePlugin:198 - STREAM b'gAMA' 54 4
2026-04-10 09:25:10 [DEBUG] PngImagePlugin:198 - STREAM b'pHYs' 70 9
2026-04-10 09:25:10 [DEBUG] PngImagePlugin:198 - STREAM b'IDAT' 91 65445
2026-04-10 09:25:10 [DEBUG] PngImagePlugin:198 - STREAM b'IHDR' 16 13
2026-04-10 09:25:10 [DEBUG] PngImagePlugin:198 - STREAM b'sRGB' 41 1
2026-04-10 09:25:10 [DEBUG] PngImagePlugin:198 - STREAM b'gAMA' 54 4
2026-04-10 09:25:10 [DEBUG] PngImagePlugin:198 - STREAM b'pHYs' 70 9
2026-04-10 09:25:10 [DEBUG] PngImagePlugin:198 - STREAM b'IDAT' 91 65445
2026-04-10 09:25:21 [INFO] Traceability:482 - PLC - Connected
2026-04-10 09:25:22 [INFO] Traceability:682 - Command received->  part: P2173404-00-C:SEYU26061A0766 - Command PASSED
2026-04-10 09:26:57 [INFO] Traceability:76 - ======================================================================
2026-04-10 09:26:57 [INFO] Traceability:77 - 🔄 LOGGING CONFIGURADO - INICIO DE APLICACIÓN
2026-04-10 09:26:57 [INFO] Traceability:78 - 📁 Archivo diario: logs/server_20260410.log
2026-04-10 09:26:57 [INFO] Traceability:79 - 📁 Archivo general: logs/server.log
2026-04-10 09:26:57 [INFO] Traceability:80 - 📅 Fecha: 2026-04-10 09:26:57
2026-04-10 09:26:57 [INFO] Traceability:81 - ======================================================================
2026-04-10 09:26:57 [DEBUG] PngImagePlugin:198 - STREAM b'IHDR' 16 13
2026-04-10 09:26:57 [DEBUG] PngImagePlugin:198 - STREAM b'IDAT' 41 8192
2026-04-10 09:26:57 [DEBUG] PngImagePlugin:198 - STREAM b'IHDR' 16 13
2026-04-10 09:26:57 [DEBUG] PngImagePlugin:198 - STREAM b'IDAT' 41 8192
2026-04-10 09:26:57 [DEBUG] PngImagePlugin:198 - STREAM b'IHDR' 16 13
2026-04-10 09:26:57 [DEBUG] PngImagePlugin:198 - STREAM b'IDAT' 41 8192
2026-04-10 09:26:57 [DEBUG] PngImagePlugin:198 - STREAM b'IHDR' 16 13
2026-04-10 09:26:57 [DEBUG] PngImagePlugin:198 - STREAM b'IDAT' 41 8192
2026-04-10 09:26:57 [DEBUG] PngImagePlugin:198 - STREAM b'IHDR' 16 13
2026-04-10 09:26:57 [DEBUG] PngImagePlugin:198 - STREAM b'IDAT' 41 8192
2026-04-10 09:26:57 [DEBUG] PngImagePlugin:198 - STREAM b'IHDR' 16 13
2026-04-10 09:26:57 [DEBUG] PngImagePlugin:198 - STREAM b'IDAT' 41 8192
2026-04-10 09:26:57 [DEBUG] PngImagePlugin:198 - STREAM b'IHDR' 16 13
2026-04-10 09:26:57 [DEBUG] PngImagePlugin:198 - STREAM b'pHYs' 41 9
2026-04-10 09:26:57 [DEBUG] PngImagePlugin:198 - STREAM b'tEXt' 62 25
2026-04-10 09:26:57 [DEBUG] PngImagePlugin:198 - STREAM b'IDAT' 99 8192
2026-04-10 09:26:57 [DEBUG] PngImagePlugin:198 - STREAM b'IHDR' 16 13
2026-04-10 09:26:57 [DEBUG] PngImagePlugin:198 - STREAM b'pHYs' 41 9
2026-04-10 09:26:57 [DEBUG] PngImagePlugin:198 - STREAM b'tEXt' 62 25
2026-04-10 09:26:57 [DEBUG] PngImagePlugin:198 - STREAM b'IDAT' 99 8192
2026-04-10 09:26:57 [DEBUG] PngImagePlugin:198 - STREAM b'IHDR' 16 13
2026-04-10 09:26:57 [DEBUG] PngImagePlugin:198 - STREAM b'IDAT' 41 8192
2026-04-10 09:26:57 [DEBUG] PngImagePlugin:198 - STREAM b'IHDR' 16 13
2026-04-10 09:26:57 [DEBUG] PngImagePlugin:198 - STREAM b'IDAT' 41 8192
2026-04-10 09:26:57 [DEBUG] PngImagePlugin:198 - STREAM b'IHDR' 16 13
2026-04-10 09:26:57 [DEBUG] PngImagePlugin:198 - STREAM b'sRGB' 41 1
2026-04-10 09:26:57 [DEBUG] PngImagePlugin:198 - STREAM b'gAMA' 54 4
2026-04-10 09:26:57 [DEBUG] PngImagePlugin:198 - STREAM b'pHYs' 70 9
2026-04-10 09:26:57 [DEBUG] PngImagePlugin:198 - STREAM b'IDAT' 91 65445
2026-04-10 09:26:57 [DEBUG] PngImagePlugin:198 - STREAM b'IHDR' 16 13
2026-04-10 09:26:57 [DEBUG] PngImagePlugin:198 - STREAM b'sRGB' 41 1
2026-04-10 09:26:57 [DEBUG] PngImagePlugin:198 - STREAM b'gAMA' 54 4
2026-04-10 09:26:57 [DEBUG] PngImagePlugin:198 - STREAM b'pHYs' 70 9
2026-04-10 09:26:57 [DEBUG] PngImagePlugin:198 - STREAM b'IDAT' 91 65445
2026-04-10 09:27:16 [INFO] Traceability:482 - PLC - Connected
2026-04-10 09:27:16 [INFO] Traceability:682 - Command received->  part: P2173404-00-C:SEYU26061A0766 - Command PASSED
2026-04-10 09:28:55 [INFO] Traceability:76 - ======================================================================
2026-04-10 09:28:55 [INFO] Traceability:77 - 🔄 LOGGING CONFIGURADO - INICIO DE APLICACIÓN
2026-04-10 09:28:55 [INFO] Traceability:78 - 📁 Archivo diario: logs/server_20260410.log
2026-04-10 09:28:55 [INFO] Traceability:79 - 📁 Archivo general: logs/server.log
2026-04-10 09:28:55 [INFO] Traceability:80 - 📅 Fecha: 2026-04-10 09:28:55
2026-04-10 09:28:55 [INFO] Traceability:81 - ======================================================================
2026-04-10 09:28:55 [DEBUG] PngImagePlugin:198 - STREAM b'IHDR' 16 13
2026-04-10 09:28:55 [DEBUG] PngImagePlugin:198 - STREAM b'IDAT' 41 8192
2026-04-10 09:28:55 [DEBUG] PngImagePlugin:198 - STREAM b'IHDR' 16 13
2026-04-10 09:28:55 [DEBUG] PngImagePlugin:198 - STREAM b'IDAT' 41 8192
2026-04-10 09:28:55 [DEBUG] PngImagePlugin:198 - STREAM b'IHDR' 16 13
2026-04-10 09:28:55 [DEBUG] PngImagePlugin:198 - STREAM b'IDAT' 41 8192
2026-04-10 09:28:55 [DEBUG] PngImagePlugin:198 - STREAM b'IHDR' 16 13
2026-04-10 09:28:55 [DEBUG] PngImagePlugin:198 - STREAM b'IDAT' 41 8192
2026-04-10 09:28:55 [DEBUG] PngImagePlugin:198 - STREAM b'IHDR' 16 13
2026-04-10 09:28:55 [DEBUG] PngImagePlugin:198 - STREAM b'IDAT' 41 8192
2026-04-10 09:28:55 [DEBUG] PngImagePlugin:198 - STREAM b'IHDR' 16 13
2026-04-10 09:28:55 [DEBUG] PngImagePlugin:198 - STREAM b'IDAT' 41 8192
2026-04-10 09:28:55 [DEBUG] PngImagePlugin:198 - STREAM b'IHDR' 16 13
2026-04-10 09:28:55 [DEBUG] PngImagePlugin:198 - STREAM b'pHYs' 41 9
2026-04-10 09:28:55 [DEBUG] PngImagePlugin:198 - STREAM b'tEXt' 62 25
2026-04-10 09:28:55 [DEBUG] PngImagePlugin:198 - STREAM b'IDAT' 99 8192
2026-04-10 09:28:55 [DEBUG] PngImagePlugin:198 - STREAM b'IHDR' 16 13
2026-04-10 09:28:55 [DEBUG] PngImagePlugin:198 - STREAM b'pHYs' 41 9
2026-04-10 09:28:55 [DEBUG] PngImagePlugin:198 - STREAM b'tEXt' 62 25
2026-04-10 09:28:55 [DEBUG] PngImagePlugin:198 - STREAM b'IDAT' 99 8192
2026-04-10 09:28:55 [DEBUG] PngImagePlugin:198 - STREAM b'IHDR' 16 13
2026-04-10 09:28:55 [DEBUG] PngImagePlugin:198 - STREAM b'IDAT' 41 8192
2026-04-10 09:28:55 [DEBUG] PngImagePlugin:198 - STREAM b'IHDR' 16 13
2026-04-10 09:28:55 [DEBUG] PngImagePlugin:198 - STREAM b'IDAT' 41 8192
2026-04-10 09:28:55 [DEBUG] PngImagePlugin:198 - STREAM b'IHDR' 16 13
2026-04-10 09:28:55 [DEBUG] PngImagePlugin:198 - STREAM b'sRGB' 41 1
2026-04-10 09:28:55 [DEBUG] PngImagePlugin:198 - STREAM b'gAMA' 54 4
2026-04-10 09:28:55 [DEBUG] PngImagePlugin:198 - STREAM b'pHYs' 70 9
2026-04-10 09:28:55 [DEBUG] PngImagePlugin:198 - STREAM b'IDAT' 91 65445
2026-04-10 09:28:55 [DEBUG] PngImagePlugin:198 - STREAM b'IHDR' 16 13
2026-04-10 09:28:55 [DEBUG] PngImagePlugin:198 - STREAM b'sRGB' 41 1
2026-04-10 09:28:55 [DEBUG] PngImagePlugin:198 - STREAM b'gAMA' 54 4
2026-04-10 09:28:55 [DEBUG] PngImagePlugin:198 - STREAM b'pHYs' 70 9
2026-04-10 09:28:55 [DEBUG] PngImagePlugin:198 - STREAM b'IDAT' 91 65445
2026-04-10 09:28:57 [INFO] Traceability:482 - PLC - Connected
2026-04-10 09:29:02 [INFO] Traceability:682 - Command received->  part: P2173404-00-C:SEYU26061A0767 - Command PASSED
2026-04-10 09:31:08 [INFO] Traceability:76 - ======================================================================
2026-04-10 09:31:08 [INFO] Traceability:77 - 🔄 LOGGING CONFIGURADO - INICIO DE APLICACIÓN
2026-04-10 09:31:08 [INFO] Traceability:78 - 📁 Archivo diario: logs/server_20260410.log
2026-04-10 09:31:08 [INFO] Traceability:79 - 📁 Archivo general: logs/server.log
2026-04-10 09:31:08 [INFO] Traceability:80 - 📅 Fecha: 2026-04-10 09:31:08
2026-04-10 09:31:08 [INFO] Traceability:81 - ======================================================================
2026-04-10 09:31:08 [DEBUG] PngImagePlugin:198 - STREAM b'IHDR' 16 13
2026-04-10 09:31:08 [DEBUG] PngImagePlugin:198 - STREAM b'IDAT' 41 8192
2026-04-10 09:31:08 [DEBUG] PngImagePlugin:198 - STREAM b'IHDR' 16 13
2026-04-10 09:31:08 [DEBUG] PngImagePlugin:198 - STREAM b'IDAT' 41 8192
2026-04-10 09:31:08 [DEBUG] PngImagePlugin:198 - STREAM b'IHDR' 16 13
2026-04-10 09:31:08 [DEBUG] PngImagePlugin:198 - STREAM b'IDAT' 41 8192
2026-04-10 09:31:08 [DEBUG] PngImagePlugin:198 - STREAM b'IHDR' 16 13
2026-04-10 09:31:08 [DEBUG] PngImagePlugin:198 - STREAM b'IDAT' 41 8192
2026-04-10 09:31:08 [DEBUG] PngImagePlugin:198 - STREAM b'IHDR' 16 13
2026-04-10 09:31:08 [DEBUG] PngImagePlugin:198 - STREAM b'IDAT' 41 8192
2026-04-10 09:31:08 [DEBUG] PngImagePlugin:198 - STREAM b'IHDR' 16 13
2026-04-10 09:31:08 [DEBUG] PngImagePlugin:198 - STREAM b'IDAT' 41 8192
2026-04-10 09:31:08 [DEBUG] PngImagePlugin:198 - STREAM b'IHDR' 16 13
2026-04-10 09:31:08 [DEBUG] PngImagePlugin:198 - STREAM b'pHYs' 41 9
2026-04-10 09:31:08 [DEBUG] PngImagePlugin:198 - STREAM b'tEXt' 62 25
2026-04-10 09:31:08 [DEBUG] PngImagePlugin:198 - STREAM b'IDAT' 99 8192
2026-04-10 09:31:08 [DEBUG] PngImagePlugin:198 - STREAM b'IHDR' 16 13
2026-04-10 09:31:08 [DEBUG] PngImagePlugin:198 - STREAM b'pHYs' 41 9
2026-04-10 09:31:08 [DEBUG] PngImagePlugin:198 - STREAM b'tEXt' 62 25
2026-04-10 09:31:08 [DEBUG] PngImagePlugin:198 - STREAM b'IDAT' 99 8192
2026-04-10 09:31:08 [DEBUG] PngImagePlugin:198 - STREAM b'IHDR' 16 13
2026-04-10 09:31:08 [DEBUG] PngImagePlugin:198 - STREAM b'IDAT' 41 8192
2026-04-10 09:31:08 [DEBUG] PngImagePlugin:198 - STREAM b'IHDR' 16 13
2026-04-10 09:31:08 [DEBUG] PngImagePlugin:198 - STREAM b'IDAT' 41 8192
2026-04-10 09:31:08 [DEBUG] PngImagePlugin:198 - STREAM b'IHDR' 16 13
2026-04-10 09:31:08 [DEBUG] PngImagePlugin:198 - STREAM b'sRGB' 41 1
2026-04-10 09:31:08 [DEBUG] PngImagePlugin:198 - STREAM b'gAMA' 54 4
2026-04-10 09:31:08 [DEBUG] PngImagePlugin:198 - STREAM b'pHYs' 70 9
2026-04-10 09:31:08 [DEBUG] PngImagePlugin:198 - STREAM b'IDAT' 91 65445
2026-04-10 09:31:08 [DEBUG] PngImagePlugin:198 - STREAM b'IHDR' 16 13
2026-04-10 09:31:08 [DEBUG] PngImagePlugin:198 - STREAM b'sRGB' 41 1
2026-04-10 09:31:08 [DEBUG] PngImagePlugin:198 - STREAM b'gAMA' 54 4
2026-04-10 09:31:08 [DEBUG] PngImagePlugin:198 - STREAM b'pHYs' 70 9
2026-04-10 09:31:08 [DEBUG] PngImagePlugin:198 - STREAM b'IDAT' 91 65445
2026-04-10 09:31:15 [INFO] Traceability:482 - PLC - Connected
2026-04-10 09:31:16 [INFO] Traceability:682 - Command received->  part: P2173404-00-C:SEYU26061A0768 - Command PASSED
2026-04-10 09:36:41 [INFO] Traceability:76 - ======================================================================
2026-04-10 09:36:41 [INFO] Traceability:77 - 🔄 LOGGING CONFIGURADO - INICIO DE APLICACIÓN
2026-04-10 09:36:41 [INFO] Traceability:78 - 📁 Archivo diario: logs/server_20260410.log
2026-04-10 09:36:41 [INFO] Traceability:79 - 📁 Archivo general: logs/server.log
2026-04-10 09:36:41 [INFO] Traceability:80 - 📅 Fecha: 2026-04-10 09:36:41
2026-04-10 09:36:41 [INFO] Traceability:81 - ======================================================================
2026-04-10 09:36:41 [DEBUG] PngImagePlugin:198 - STREAM b'IHDR' 16 13
2026-04-10 09:36:41 [DEBUG] PngImagePlugin:198 - STREAM b'IDAT' 41 8192
2026-04-10 09:36:41 [DEBUG] PngImagePlugin:198 - STREAM b'IHDR' 16 13
2026-04-10 09:36:41 [DEBUG] PngImagePlugin:198 - STREAM b'IDAT' 41 8192
2026-04-10 09:36:41 [DEBUG] PngImagePlugin:198 - STREAM b'IHDR' 16 13
2026-04-10 09:36:41 [DEBUG] PngImagePlugin:198 - STREAM b'IDAT' 41 8192
2026-04-10 09:36:41 [DEBUG] PngImagePlugin:198 - STREAM b'IHDR' 16 13
2026-04-10 09:36:41 [DEBUG] PngImagePlugin:198 - STREAM b'IDAT' 41 8192
2026-04-10 09:36:41 [DEBUG] PngImagePlugin:198 - STREAM b'IHDR' 16 13
2026-04-10 09:36:41 [DEBUG] PngImagePlugin:198 - STREAM b'IDAT' 41 8192
2026-04-10 09:36:41 [DEBUG] PngImagePlugin:198 - STREAM b'IHDR' 16 13
2026-04-10 09:36:41 [DEBUG] PngImagePlugin:198 - STREAM b'IDAT' 41 8192
2026-04-10 09:36:41 [DEBUG] PngImagePlugin:198 - STREAM b'IHDR' 16 13
2026-04-10 09:36:41 [DEBUG] PngImagePlugin:198 - STREAM b'pHYs' 41 9
2026-04-10 09:36:41 [DEBUG] PngImagePlugin:198 - STREAM b'tEXt' 62 25
2026-04-10 09:36:41 [DEBUG] PngImagePlugin:198 - STREAM b'IDAT' 99 8192
2026-04-10 09:36:41 [DEBUG] PngImagePlugin:198 - STREAM b'IHDR' 16 13
2026-04-10 09:36:41 [DEBUG] PngImagePlugin:198 - STREAM b'pHYs' 41 9
2026-04-10 09:36:41 [DEBUG] PngImagePlugin:198 - STREAM b'tEXt' 62 25
2026-04-10 09:36:41 [DEBUG] PngImagePlugin:198 - STREAM b'IDAT' 99 8192
2026-04-10 09:36:41 [DEBUG] PngImagePlugin:198 - STREAM b'IHDR' 16 13
2026-04-10 09:36:41 [DEBUG] PngImagePlugin:198 - STREAM b'IDAT' 41 8192
2026-04-10 09:36:41 [DEBUG] PngImagePlugin:198 - STREAM b'IHDR' 16 13
2026-04-10 09:36:41 [DEBUG] PngImagePlugin:198 - STREAM b'IDAT' 41 8192
2026-04-10 09:36:41 [DEBUG] PngImagePlugin:198 - STREAM b'IHDR' 16 13
2026-04-10 09:36:41 [DEBUG] PngImagePlugin:198 - STREAM b'sRGB' 41 1
2026-04-10 09:36:41 [DEBUG] PngImagePlugin:198 - STREAM b'gAMA' 54 4
2026-04-10 09:36:41 [DEBUG] PngImagePlugin:198 - STREAM b'pHYs' 70 9
2026-04-10 09:36:41 [DEBUG] PngImagePlugin:198 - STREAM b'IDAT' 91 65445
2026-04-10 09:36:41 [DEBUG] PngImagePlugin:198 - STREAM b'IHDR' 16 13
2026-04-10 09:36:41 [DEBUG] PngImagePlugin:198 - STREAM b'sRGB' 41 1
2026-04-10 09:36:41 [DEBUG] PngImagePlugin:198 - STREAM b'gAMA' 54 4
2026-04-10 09:36:41 [DEBUG] PngImagePlugin:198 - STREAM b'pHYs' 70 9
2026-04-10 09:36:41 [DEBUG] PngImagePlugin:198 - STREAM b'IDAT' 91 65445
2026-04-10 09:36:43 [INFO] Traceability:482 - PLC - Connected
2026-04-10 09:36:44 [INFO] Traceability:682 - Command received->  part: P2173404-00-C:SEYU26061A0765 - Command PASSED
2026-04-10 09:37:13 [INFO] Traceability:139 - Cerrando aplicación...
2026-04-10 09:37:13 [INFO] Traceability:156 - Socket principal cerrado.
2026-04-10 09:37:13 [ERROR] Traceability:1312 - Error aceptando conexión: [WinError 10038] Se intentó realizar una operación en un elemento que no es un socket
2026-04-10 10:09:16 [INFO] Traceability:76 - ======================================================================
2026-04-10 10:09:16 [INFO] Traceability:77 - 🔄 LOGGING CONFIGURADO - INICIO DE APLICACIÓN
2026-04-10 10:09:16 [INFO] Traceability:78 - 📁 Archivo diario: logs/server_20260410.log
2026-04-10 10:09:16 [INFO] Traceability:79 - 📁 Archivo general: logs/server.log
2026-04-10 10:09:16 [INFO] Traceability:80 - 📅 Fecha: 2026-04-10 10:09:16
2026-04-10 10:09:16 [INFO] Traceability:81 - ======================================================================
2026-04-10 10:09:16 [DEBUG] PngImagePlugin:198 - STREAM b'IHDR' 16 13
2026-04-10 10:09:16 [DEBUG] PngImagePlugin:198 - STREAM b'IDAT' 41 8192
2026-04-10 10:09:16 [DEBUG] PngImagePlugin:198 - STREAM b'IHDR' 16 13
2026-04-10 10:09:16 [DEBUG] PngImagePlugin:198 - STREAM b'IDAT' 41 8192
2026-04-10 10:09:16 [DEBUG] PngImagePlugin:198 - STREAM b'IHDR' 16 13
2026-04-10 10:09:16 [DEBUG] PngImagePlugin:198 - STREAM b'IDAT' 41 8192
2026-04-10 10:09:16 [DEBUG] PngImagePlugin:198 - STREAM b'IHDR' 16 13
2026-04-10 10:09:16 [DEBUG] PngImagePlugin:198 - STREAM b'IDAT' 41 8192
2026-04-10 10:09:16 [DEBUG] PngImagePlugin:198 - STREAM b'IHDR' 16 13
2026-04-10 10:09:16 [DEBUG] PngImagePlugin:198 - STREAM b'IDAT' 41 8192
2026-04-10 10:09:16 [DEBUG] PngImagePlugin:198 - STREAM b'IHDR' 16 13
2026-04-10 10:09:16 [DEBUG] PngImagePlugin:198 - STREAM b'IDAT' 41 8192
2026-04-10 10:09:16 [DEBUG] PngImagePlugin:198 - STREAM b'IHDR' 16 13
2026-04-10 10:09:16 [DEBUG] PngImagePlugin:198 - STREAM b'pHYs' 41 9
2026-04-10 10:09:16 [DEBUG] PngImagePlugin:198 - STREAM b'tEXt' 62 25
2026-04-10 10:09:16 [DEBUG] PngImagePlugin:198 - STREAM b'IDAT' 99 8192
2026-04-10 10:09:16 [DEBUG] PngImagePlugin:198 - STREAM b'IHDR' 16 13
2026-04-10 10:09:16 [DEBUG] PngImagePlugin:198 - STREAM b'pHYs' 41 9
2026-04-10 10:09:16 [DEBUG] PngImagePlugin:198 - STREAM b'tEXt' 62 25
2026-04-10 10:09:16 [DEBUG] PngImagePlugin:198 - STREAM b'IDAT' 99 8192
2026-04-10 10:09:16 [DEBUG] PngImagePlugin:198 - STREAM b'IHDR' 16 13
2026-04-10 10:09:16 [DEBUG] PngImagePlugin:198 - STREAM b'IDAT' 41 8192
2026-04-10 10:09:16 [DEBUG] PngImagePlugin:198 - STREAM b'IHDR' 16 13
2026-04-10 10:09:16 [DEBUG] PngImagePlugin:198 - STREAM b'IDAT' 41 8192
2026-04-10 10:09:16 [DEBUG] PngImagePlugin:198 - STREAM b'IHDR' 16 13
2026-04-10 10:09:16 [DEBUG] PngImagePlugin:198 - STREAM b'sRGB' 41 1
2026-04-10 10:09:16 [DEBUG] PngImagePlugin:198 - STREAM b'gAMA' 54 4
2026-04-10 10:09:16 [DEBUG] PngImagePlugin:198 - STREAM b'pHYs' 70 9
2026-04-10 10:09:16 [DEBUG] PngImagePlugin:198 - STREAM b'IDAT' 91 65445
2026-04-10 10:09:16 [DEBUG] PngImagePlugin:198 - STREAM b'IHDR' 16 13
2026-04-10 10:09:16 [DEBUG] PngImagePlugin:198 - STREAM b'sRGB' 41 1
2026-04-10 10:09:16 [DEBUG] PngImagePlugin:198 - STREAM b'gAMA' 54 4
2026-04-10 10:09:16 [DEBUG] PngImagePlugin:198 - STREAM b'pHYs' 70 9
2026-04-10 10:09:16 [DEBUG] PngImagePlugin:198 - STREAM b'IDAT' 91 65445
2026-04-10 10:09:19 [INFO] Traceability:139 - Cerrando aplicación...
2026-04-10 10:09:19 [INFO] Traceability:156 - Socket principal cerrado.
2026-04-10 10:09:19 [ERROR] Traceability:1312 - Error aceptando conexión: [WinError 10038] Se intentó realizar una operación en un elemento que no es un socket
2026-04-10 11:03:41 [INFO] Traceability:76 - ======================================================================
2026-04-10 11:03:41 [INFO] Traceability:77 - 🔄 LOGGING CONFIGURADO - INICIO DE APLICACIÓN
2026-04-10 11:03:41 [INFO] Traceability:78 - 📁 Archivo diario: logs/server_20260410.log
2026-04-10 11:03:41 [INFO] Traceability:79 - 📁 Archivo general: logs/server.log
2026-04-10 11:03:41 [INFO] Traceability:80 - 📅 Fecha: 2026-04-10 11:03:41
2026-04-10 11:03:41 [INFO] Traceability:81 - ======================================================================
2026-04-10 11:03:42 [DEBUG] PngImagePlugin:198 - STREAM b'IHDR' 16 13
2026-04-10 11:03:42 [DEBUG] PngImagePlugin:198 - STREAM b'IDAT' 41 8192
2026-04-10 11:03:42 [DEBUG] PngImagePlugin:198 - STREAM b'IHDR' 16 13
2026-04-10 11:03:42 [DEBUG] PngImagePlugin:198 - STREAM b'IDAT' 41 8192
2026-04-10 11:03:42 [DEBUG] PngImagePlugin:198 - STREAM b'IHDR' 16 13
2026-04-10 11:03:42 [DEBUG] PngImagePlugin:198 - STREAM b'IDAT' 41 8192
2026-04-10 11:03:42 [DEBUG] PngImagePlugin:198 - STREAM b'IHDR' 16 13
2026-04-10 11:03:42 [DEBUG] PngImagePlugin:198 - STREAM b'IDAT' 41 8192
2026-04-10 11:03:42 [DEBUG] PngImagePlugin:198 - STREAM b'IHDR' 16 13
2026-04-10 11:03:42 [DEBUG] PngImagePlugin:198 - STREAM b'IDAT' 41 8192
2026-04-10 11:03:42 [DEBUG] PngImagePlugin:198 - STREAM b'IHDR' 16 13
2026-04-10 11:03:42 [DEBUG] PngImagePlugin:198 - STREAM b'IDAT' 41 8192
2026-04-10 11:03:42 [DEBUG] PngImagePlugin:198 - STREAM b'IHDR' 16 13
2026-04-10 11:03:42 [DEBUG] PngImagePlugin:198 - STREAM b'pHYs' 41 9
2026-04-10 11:03:42 [DEBUG] PngImagePlugin:198 - STREAM b'tEXt' 62 25
2026-04-10 11:03:42 [DEBUG] PngImagePlugin:198 - STREAM b'IDAT' 99 8192
2026-04-10 11:03:42 [DEBUG] PngImagePlugin:198 - STREAM b'IHDR' 16 13
2026-04-10 11:03:42 [DEBUG] PngImagePlugin:198 - STREAM b'pHYs' 41 9
2026-04-10 11:03:42 [DEBUG] PngImagePlugin:198 - STREAM b'tEXt' 62 25
2026-04-10 11:03:42 [DEBUG] PngImagePlugin:198 - STREAM b'IDAT' 99 8192
2026-04-10 11:03:42 [DEBUG] PngImagePlugin:198 - STREAM b'IHDR' 16 13
2026-04-10 11:03:42 [DEBUG] PngImagePlugin:198 - STREAM b'IDAT' 41 8192
2026-04-10 11:03:42 [DEBUG] PngImagePlugin:198 - STREAM b'IHDR' 16 13
2026-04-10 11:03:42 [DEBUG] PngImagePlugin:198 - STREAM b'IDAT' 41 8192
2026-04-10 11:03:42 [DEBUG] PngImagePlugin:198 - STREAM b'IHDR' 16 13
2026-04-10 11:03:42 [DEBUG] PngImagePlugin:198 - STREAM b'sRGB' 41 1
2026-04-10 11:03:42 [DEBUG] PngImagePlugin:198 - STREAM b'gAMA' 54 4
2026-04-10 11:03:42 [DEBUG] PngImagePlugin:198 - STREAM b'pHYs' 70 9
2026-04-10 11:03:42 [DEBUG] PngImagePlugin:198 - STREAM b'IDAT' 91 65445
2026-04-10 11:03:42 [DEBUG] PngImagePlugin:198 - STREAM b'IHDR' 16 13
2026-04-10 11:03:42 [DEBUG] PngImagePlugin:198 - STREAM b'sRGB' 41 1
2026-04-10 11:03:42 [DEBUG] PngImagePlugin:198 - STREAM b'gAMA' 54 4
2026-04-10 11:03:42 [DEBUG] PngImagePlugin:198 - STREAM b'pHYs' 70 9
2026-04-10 11:03:42 [DEBUG] PngImagePlugin:198 - STREAM b'IDAT' 91 65445
2026-04-10 11:03:43 [INFO] Traceability:482 - PLC - Connected
2026-04-10 11:03:46 [INFO] Traceability:682 - Command received->  part: P2173404-00-C:SEYU26061A0765 - Command PASSED
2026-04-10 11:04:55 [INFO] Traceability:139 - Cerrando aplicación...
2026-04-10 11:04:55 [INFO] Traceability:156 - Socket principal cerrado.
2026-04-10 11:04:55 [ERROR] Traceability:1312 - Error aceptando conexión: [WinError 10038] Se intentó realizar una operación en un elemento que no es un socket
2026-04-10 11:05:23 [INFO] Traceability:76 - ======================================================================
2026-04-10 11:05:23 [INFO] Traceability:77 - 🔄 LOGGING CONFIGURADO - INICIO DE APLICACIÓN
2026-04-10 11:05:23 [INFO] Traceability:78 - 📁 Archivo diario: logs/server_20260410.log
2026-04-10 11:05:23 [INFO] Traceability:79 - 📁 Archivo general: logs/server.log
2026-04-10 11:05:23 [INFO] Traceability:80 - 📅 Fecha: 2026-04-10 11:05:23
2026-04-10 11:05:23 [INFO] Traceability:81 - ======================================================================
2026-04-10 11:05:23 [DEBUG] PngImagePlugin:198 - STREAM b'IHDR' 16 13
2026-04-10 11:05:23 [DEBUG] PngImagePlugin:198 - STREAM b'IDAT' 41 8192
2026-04-10 11:05:23 [DEBUG] PngImagePlugin:198 - STREAM b'IHDR' 16 13
2026-04-10 11:05:23 [DEBUG] PngImagePlugin:198 - STREAM b'IDAT' 41 8192
2026-04-10 11:05:23 [DEBUG] PngImagePlugin:198 - STREAM b'IHDR' 16 13
2026-04-10 11:05:23 [DEBUG] PngImagePlugin:198 - STREAM b'IDAT' 41 8192
2026-04-10 11:05:23 [DEBUG] PngImagePlugin:198 - STREAM b'IHDR' 16 13
2026-04-10 11:05:23 [DEBUG] PngImagePlugin:198 - STREAM b'IDAT' 41 8192
2026-04-10 11:05:23 [DEBUG] PngImagePlugin:198 - STREAM b'IHDR' 16 13
2026-04-10 11:05:23 [DEBUG] PngImagePlugin:198 - STREAM b'IDAT' 41 8192
2026-04-10 11:05:23 [DEBUG] PngImagePlugin:198 - STREAM b'IHDR' 16 13
2026-04-10 11:05:23 [DEBUG] PngImagePlugin:198 - STREAM b'IDAT' 41 8192
2026-04-10 11:05:23 [DEBUG] PngImagePlugin:198 - STREAM b'IHDR' 16 13
2026-04-10 11:05:23 [DEBUG] PngImagePlugin:198 - STREAM b'pHYs' 41 9
2026-04-10 11:05:23 [DEBUG] PngImagePlugin:198 - STREAM b'tEXt' 62 25
2026-04-10 11:05:23 [DEBUG] PngImagePlugin:198 - STREAM b'IDAT' 99 8192
2026-04-10 11:05:23 [DEBUG] PngImagePlugin:198 - STREAM b'IHDR' 16 13
2026-04-10 11:05:23 [DEBUG] PngImagePlugin:198 - STREAM b'pHYs' 41 9
2026-04-10 11:05:23 [DEBUG] PngImagePlugin:198 - STREAM b'tEXt' 62 25
2026-04-10 11:05:23 [DEBUG] PngImagePlugin:198 - STREAM b'IDAT' 99 8192
2026-04-10 11:05:23 [DEBUG] PngImagePlugin:198 - STREAM b'IHDR' 16 13
2026-04-10 11:05:23 [DEBUG] PngImagePlugin:198 - STREAM b'IDAT' 41 8192
2026-04-10 11:05:23 [DEBUG] PngImagePlugin:198 - STREAM b'IHDR' 16 13
2026-04-10 11:05:23 [DEBUG] PngImagePlugin:198 - STREAM b'IDAT' 41 8192
2026-04-10 11:05:23 [DEBUG] PngImagePlugin:198 - STREAM b'IHDR' 16 13
2026-04-10 11:05:23 [DEBUG] PngImagePlugin:198 - STREAM b'sRGB' 41 1
2026-04-10 11:05:23 [DEBUG] PngImagePlugin:198 - STREAM b'gAMA' 54 4
2026-04-10 11:05:23 [DEBUG] PngImagePlugin:198 - STREAM b'pHYs' 70 9
2026-04-10 11:05:23 [DEBUG] PngImagePlugin:198 - STREAM b'IDAT' 91 65445
2026-04-10 11:05:23 [DEBUG] PngImagePlugin:198 - STREAM b'IHDR' 16 13
2026-04-10 11:05:23 [DEBUG] PngImagePlugin:198 - STREAM b'sRGB' 41 1
2026-04-10 11:05:23 [DEBUG] PngImagePlugin:198 - STREAM b'gAMA' 54 4
2026-04-10 11:05:23 [DEBUG] PngImagePlugin:198 - STREAM b'pHYs' 70 9
2026-04-10 11:05:23 [DEBUG] PngImagePlugin:198 - STREAM b'IDAT' 91 65445
2026-04-10 11:05:25 [INFO] Traceability:482 - PLC - Connected
2026-04-10 11:05:27 [INFO] Traceability:682 - Command received->  part: P2173404-00-C:SEYU26061A0766 - Command PASSED
2026-04-10 11:06:29 [INFO] Traceability:76 - ======================================================================
2026-04-10 11:06:29 [INFO] Traceability:77 - 🔄 LOGGING CONFIGURADO - INICIO DE APLICACIÓN
2026-04-10 11:06:29 [INFO] Traceability:78 - 📁 Archivo diario: logs/server_20260410.log
2026-04-10 11:06:29 [INFO] Traceability:79 - 📁 Archivo general: logs/server.log
2026-04-10 11:06:29 [INFO] Traceability:80 - 📅 Fecha: 2026-04-10 11:06:29
2026-04-10 11:06:29 [INFO] Traceability:81 - ======================================================================
2026-04-10 11:06:29 [DEBUG] PngImagePlugin:198 - STREAM b'IHDR' 16 13
2026-04-10 11:06:29 [DEBUG] PngImagePlugin:198 - STREAM b'IDAT' 41 8192
2026-04-10 11:06:29 [DEBUG] PngImagePlugin:198 - STREAM b'IHDR' 16 13
2026-04-10 11:06:29 [DEBUG] PngImagePlugin:198 - STREAM b'IDAT' 41 8192
2026-04-10 11:06:29 [DEBUG] PngImagePlugin:198 - STREAM b'IHDR' 16 13
2026-04-10 11:06:29 [DEBUG] PngImagePlugin:198 - STREAM b'IDAT' 41 8192
2026-04-10 11:06:29 [DEBUG] PngImagePlugin:198 - STREAM b'IHDR' 16 13
2026-04-10 11:06:29 [DEBUG] PngImagePlugin:198 - STREAM b'IDAT' 41 8192
2026-04-10 11:06:29 [DEBUG] PngImagePlugin:198 - STREAM b'IHDR' 16 13
2026-04-10 11:06:29 [DEBUG] PngImagePlugin:198 - STREAM b'IDAT' 41 8192
2026-04-10 11:06:29 [DEBUG] PngImagePlugin:198 - STREAM b'IHDR' 16 13
2026-04-10 11:06:29 [DEBUG] PngImagePlugin:198 - STREAM b'IDAT' 41 8192
2026-04-10 11:06:29 [DEBUG] PngImagePlugin:198 - STREAM b'IHDR' 16 13
2026-04-10 11:06:29 [DEBUG] PngImagePlugin:198 - STREAM b'pHYs' 41 9
2026-04-10 11:06:29 [DEBUG] PngImagePlugin:198 - STREAM b'tEXt' 62 25
2026-04-10 11:06:29 [DEBUG] PngImagePlugin:198 - STREAM b'IDAT' 99 8192
2026-04-10 11:06:29 [DEBUG] PngImagePlugin:198 - STREAM b'IHDR' 16 13
2026-04-10 11:06:29 [DEBUG] PngImagePlugin:198 - STREAM b'pHYs' 41 9
2026-04-10 11:06:29 [DEBUG] PngImagePlugin:198 - STREAM b'tEXt' 62 25
2026-04-10 11:06:29 [DEBUG] PngImagePlugin:198 - STREAM b'IDAT' 99 8192
2026-04-10 11:06:29 [DEBUG] PngImagePlugin:198 - STREAM b'IHDR' 16 13
2026-04-10 11:06:29 [DEBUG] PngImagePlugin:198 - STREAM b'IDAT' 41 8192
2026-04-10 11:06:29 [DEBUG] PngImagePlugin:198 - STREAM b'IHDR' 16 13
2026-04-10 11:06:29 [DEBUG] PngImagePlugin:198 - STREAM b'IDAT' 41 8192
2026-04-10 11:06:29 [DEBUG] PngImagePlugin:198 - STREAM b'IHDR' 16 13
2026-04-10 11:06:29 [DEBUG] PngImagePlugin:198 - STREAM b'sRGB' 41 1
2026-04-10 11:06:29 [DEBUG] PngImagePlugin:198 - STREAM b'gAMA' 54 4
2026-04-10 11:06:29 [DEBUG] PngImagePlugin:198 - STREAM b'pHYs' 70 9
2026-04-10 11:06:29 [DEBUG] PngImagePlugin:198 - STREAM b'IDAT' 91 65445
2026-04-10 11:06:29 [DEBUG] PngImagePlugin:198 - STREAM b'IHDR' 16 13
2026-04-10 11:06:29 [DEBUG] PngImagePlugin:198 - STREAM b'sRGB' 41 1
2026-04-10 11:06:29 [DEBUG] PngImagePlugin:198 - STREAM b'gAMA' 54 4
2026-04-10 11:06:29 [DEBUG] PngImagePlugin:198 - STREAM b'pHYs' 70 9
2026-04-10 11:06:29 [DEBUG] PngImagePlugin:198 - STREAM b'IDAT' 91 65445
2026-04-10 11:06:32 [INFO] Traceability:482 - PLC - Connected
2026-04-10 11:06:34 [INFO] Traceability:682 - Command received->  part: P2173404-00-C:SEYU26061A0767 - Command PASSED
2026-04-10 11:07:56 [INFO] Traceability:139 - Cerrando aplicación...
2026-04-10 11:07:56 [INFO] Traceability:156 - Socket principal cerrado.
2026-04-10 11:07:56 [ERROR] Traceability:1312 - Error aceptando conexión: [WinError 10038] Se intentó realizar una operación en un elemento que no es un socket
2026-04-10 11:10:20 [INFO] Traceability:76 - ======================================================================
2026-04-10 11:10:20 [INFO] Traceability:77 - 🔄 LOGGING CONFIGURADO - INICIO DE APLICACIÓN
2026-04-10 11:10:20 [INFO] Traceability:78 - 📁 Archivo diario: logs/server_20260410.log
2026-04-10 11:10:20 [INFO] Traceability:79 - 📁 Archivo general: logs/server.log
2026-04-10 11:10:20 [INFO] Traceability:80 - 📅 Fecha: 2026-04-10 11:10:20
2026-04-10 11:10:20 [INFO] Traceability:81 - ======================================================================
2026-04-10 11:10:20 [DEBUG] PngImagePlugin:198 - STREAM b'IHDR' 16 13
2026-04-10 11:10:20 [DEBUG] PngImagePlugin:198 - STREAM b'IDAT' 41 8192
2026-04-10 11:10:20 [DEBUG] PngImagePlugin:198 - STREAM b'IHDR' 16 13
2026-04-10 11:10:20 [DEBUG] PngImagePlugin:198 - STREAM b'IDAT' 41 8192
2026-04-10 11:10:20 [DEBUG] PngImagePlugin:198 - STREAM b'IHDR' 16 13
2026-04-10 11:10:20 [DEBUG] PngImagePlugin:198 - STREAM b'IDAT' 41 8192
2026-04-10 11:10:20 [DEBUG] PngImagePlugin:198 - STREAM b'IHDR' 16 13
2026-04-10 11:10:20 [DEBUG] PngImagePlugin:198 - STREAM b'IDAT' 41 8192
2026-04-10 11:10:20 [DEBUG] PngImagePlugin:198 - STREAM b'IHDR' 16 13
2026-04-10 11:10:20 [DEBUG] PngImagePlugin:198 - STREAM b'IDAT' 41 8192
2026-04-10 11:10:20 [DEBUG] PngImagePlugin:198 - STREAM b'IHDR' 16 13
2026-04-10 11:10:20 [DEBUG] PngImagePlugin:198 - STREAM b'IDAT' 41 8192
2026-04-10 11:10:20 [DEBUG] PngImagePlugin:198 - STREAM b'IHDR' 16 13
2026-04-10 11:10:20 [DEBUG] PngImagePlugin:198 - STREAM b'pHYs' 41 9
2026-04-10 11:10:20 [DEBUG] PngImagePlugin:198 - STREAM b'tEXt' 62 25
2026-04-10 11:10:20 [DEBUG] PngImagePlugin:198 - STREAM b'IDAT' 99 8192
2026-04-10 11:10:20 [DEBUG] PngImagePlugin:198 - STREAM b'IHDR' 16 13
2026-04-10 11:10:20 [DEBUG] PngImagePlugin:198 - STREAM b'pHYs' 41 9
2026-04-10 11:10:20 [DEBUG] PngImagePlugin:198 - STREAM b'tEXt' 62 25
2026-04-10 11:10:20 [DEBUG] PngImagePlugin:198 - STREAM b'IDAT' 99 8192
2026-04-10 11:10:20 [DEBUG] PngImagePlugin:198 - STREAM b'IHDR' 16 13
2026-04-10 11:10:20 [DEBUG] PngImagePlugin:198 - STREAM b'IDAT' 41 8192
2026-04-10 11:10:20 [DEBUG] PngImagePlugin:198 - STREAM b'IHDR' 16 13
2026-04-10 11:10:20 [DEBUG] PngImagePlugin:198 - STREAM b'IDAT' 41 8192
2026-04-10 11:10:20 [DEBUG] PngImagePlugin:198 - STREAM b'IHDR' 16 13
2026-04-10 11:10:20 [DEBUG] PngImagePlugin:198 - STREAM b'sRGB' 41 1
2026-04-10 11:10:20 [DEBUG] PngImagePlugin:198 - STREAM b'gAMA' 54 4
2026-04-10 11:10:20 [DEBUG] PngImagePlugin:198 - STREAM b'pHYs' 70 9
2026-04-10 11:10:20 [DEBUG] PngImagePlugin:198 - STREAM b'IDAT' 91 65445
2026-04-10 11:10:20 [DEBUG] PngImagePlugin:198 - STREAM b'IHDR' 16 13
2026-04-10 11:10:20 [DEBUG] PngImagePlugin:198 - STREAM b'sRGB' 41 1
2026-04-10 11:10:20 [DEBUG] PngImagePlugin:198 - STREAM b'gAMA' 54 4
2026-04-10 11:10:20 [DEBUG] PngImagePlugin:198 - STREAM b'pHYs' 70 9
2026-04-10 11:10:20 [DEBUG] PngImagePlugin:198 - STREAM b'IDAT' 91 65445
2026-04-10 11:10:24 [INFO] Traceability:482 - PLC - Connected
2026-04-10 11:10:26 [INFO] Traceability:682 - Command received->  part: P2173404-00-C:SEYU26061A0765 - Command PASSED
2026-04-10 11:10:55 [INFO] Traceability:682 - Command received->  part: P2173404-00-C:SEYU26061A0766 - Command PASSED
2026-04-10 11:11:11 [INFO] Traceability:139 - Cerrando aplicación...
2026-04-10 11:11:11 [INFO] Traceability:156 - Socket principal cerrado.
2026-04-10 11:11:11 [ERROR] Traceability:1312 - Error aceptando conexión: [WinError 10038] Se intentó realizar una operación en un elemento que no es un socket
2026-04-10 11:15:29 [INFO] Traceability:76 - ======================================================================
2026-04-10 11:15:29 [INFO] Traceability:77 - 🔄 LOGGING CONFIGURADO - INICIO DE APLICACIÓN
2026-04-10 11:15:29 [INFO] Traceability:78 - 📁 Archivo diario: logs/server_20260410.log
2026-04-10 11:15:29 [INFO] Traceability:79 - 📁 Archivo general: logs/server.log
2026-04-10 11:15:29 [INFO] Traceability:80 - 📅 Fecha: 2026-04-10 11:15:29
2026-04-10 11:15:29 [INFO] Traceability:81 - ======================================================================
2026-04-10 11:15:29 [DEBUG] PngImagePlugin:198 - STREAM b'IHDR' 16 13
2026-04-10 11:15:29 [DEBUG] PngImagePlugin:198 - STREAM b'IDAT' 41 8192
2026-04-10 11:15:29 [DEBUG] PngImagePlugin:198 - STREAM b'IHDR' 16 13
2026-04-10 11:15:29 [DEBUG] PngImagePlugin:198 - STREAM b'IDAT' 41 8192
2026-04-10 11:15:29 [DEBUG] PngImagePlugin:198 - STREAM b'IHDR' 16 13
2026-04-10 11:15:29 [DEBUG] PngImagePlugin:198 - STREAM b'IDAT' 41 8192
2026-04-10 11:15:29 [DEBUG] PngImagePlugin:198 - STREAM b'IHDR' 16 13
2026-04-10 11:15:29 [DEBUG] PngImagePlugin:198 - STREAM b'IDAT' 41 8192
2026-04-10 11:15:29 [DEBUG] PngImagePlugin:198 - STREAM b'IHDR' 16 13
2026-04-10 11:15:29 [DEBUG] PngImagePlugin:198 - STREAM b'IDAT' 41 8192
2026-04-10 11:15:29 [DEBUG] PngImagePlugin:198 - STREAM b'IHDR' 16 13
2026-04-10 11:15:29 [DEBUG] PngImagePlugin:198 - STREAM b'IDAT' 41 8192
2026-04-10 11:15:29 [DEBUG] PngImagePlugin:198 - STREAM b'IHDR' 16 13
2026-04-10 11:15:29 [DEBUG] PngImagePlugin:198 - STREAM b'pHYs' 41 9
2026-04-10 11:15:29 [DEBUG] PngImagePlugin:198 - STREAM b'tEXt' 62 25
2026-04-10 11:15:29 [DEBUG] PngImagePlugin:198 - STREAM b'IDAT' 99 8192
2026-04-10 11:15:29 [DEBUG] PngImagePlugin:198 - STREAM b'IHDR' 16 13
2026-04-10 11:15:29 [DEBUG] PngImagePlugin:198 - STREAM b'pHYs' 41 9
2026-04-10 11:15:29 [DEBUG] PngImagePlugin:198 - STREAM b'tEXt' 62 25
2026-04-10 11:15:29 [DEBUG] PngImagePlugin:198 - STREAM b'IDAT' 99 8192
2026-04-10 11:15:29 [DEBUG] PngImagePlugin:198 - STREAM b'IHDR' 16 13
2026-04-10 11:15:29 [DEBUG] PngImagePlugin:198 - STREAM b'IDAT' 41 8192
2026-04-10 11:15:29 [DEBUG] PngImagePlugin:198 - STREAM b'IHDR' 16 13
2026-04-10 11:15:29 [DEBUG] PngImagePlugin:198 - STREAM b'IDAT' 41 8192
2026-04-10 11:15:29 [DEBUG] PngImagePlugin:198 - STREAM b'IHDR' 16 13
2026-04-10 11:15:29 [DEBUG] PngImagePlugin:198 - STREAM b'sRGB' 41 1
2026-04-10 11:15:29 [DEBUG] PngImagePlugin:198 - STREAM b'gAMA' 54 4
2026-04-10 11:15:29 [DEBUG] PngImagePlugin:198 - STREAM b'pHYs' 70 9
2026-04-10 11:15:29 [DEBUG] PngImagePlugin:198 - STREAM b'IDAT' 91 65445
2026-04-10 11:15:29 [DEBUG] PngImagePlugin:198 - STREAM b'IHDR' 16 13
2026-04-10 11:15:29 [DEBUG] PngImagePlugin:198 - STREAM b'sRGB' 41 1
2026-04-10 11:15:29 [DEBUG] PngImagePlugin:198 - STREAM b'gAMA' 54 4
2026-04-10 11:15:29 [DEBUG] PngImagePlugin:198 - STREAM b'pHYs' 70 9
2026-04-10 11:15:29 [DEBUG] PngImagePlugin:198 - STREAM b'IDAT' 91 65445
2026-04-10 11:15:34 [INFO] Traceability:482 - PLC - Connected
2026-04-10 11:15:40 [INFO] Traceability:682 - Command received->  part: P2173404-00-C:SEYU26061A0765 - Command PASSED
2026-04-10 11:16:42 [INFO] Traceability:682 - Command received->  part: P2173404-00-C:SEYU26061A0766 - Command PASSED
2026-04-10 11:18:19 [INFO] Traceability:139 - Cerrando aplicación...
2026-04-10 11:18:19 [INFO] Traceability:156 - Socket principal cerrado.
2026-04-10 11:18:19 [ERROR] Traceability:1312 - Error aceptando conexión: [WinError 10038] Se intentó realizar una operación en un elemento que no es un socket
2026-04-10 11:29:36 [INFO] Traceability:76 - ======================================================================
2026-04-10 11:29:36 [INFO] Traceability:77 - 🔄 LOGGING CONFIGURADO - INICIO DE APLICACIÓN
2026-04-10 11:29:36 [INFO] Traceability:78 - 📁 Archivo diario: logs/server_20260410.log
2026-04-10 11:29:36 [INFO] Traceability:79 - 📁 Archivo general: logs/server.log
2026-04-10 11:29:36 [INFO] Traceability:80 - 📅 Fecha: 2026-04-10 11:29:36
2026-04-10 11:29:36 [INFO] Traceability:81 - ======================================================================
2026-04-10 11:29:37 [DEBUG] PngImagePlugin:198 - STREAM b'IHDR' 16 13
2026-04-10 11:29:37 [DEBUG] PngImagePlugin:198 - STREAM b'IDAT' 41 8192
2026-04-10 11:29:37 [DEBUG] PngImagePlugin:198 - STREAM b'IHDR' 16 13
2026-04-10 11:29:37 [DEBUG] PngImagePlugin:198 - STREAM b'IDAT' 41 8192
2026-04-10 11:29:37 [DEBUG] PngImagePlugin:198 - STREAM b'IHDR' 16 13
2026-04-10 11:29:37 [DEBUG] PngImagePlugin:198 - STREAM b'IDAT' 41 8192
2026-04-10 11:29:37 [DEBUG] PngImagePlugin:198 - STREAM b'IHDR' 16 13
2026-04-10 11:29:37 [DEBUG] PngImagePlugin:198 - STREAM b'IDAT' 41 8192
2026-04-10 11:29:37 [DEBUG] PngImagePlugin:198 - STREAM b'IHDR' 16 13
2026-04-10 11:29:37 [DEBUG] PngImagePlugin:198 - STREAM b'IDAT' 41 8192
2026-04-10 11:29:37 [DEBUG] PngImagePlugin:198 - STREAM b'IHDR' 16 13
2026-04-10 11:29:37 [DEBUG] PngImagePlugin:198 - STREAM b'IDAT' 41 8192
2026-04-10 11:29:37 [DEBUG] PngImagePlugin:198 - STREAM b'IHDR' 16 13
2026-04-10 11:29:37 [DEBUG] PngImagePlugin:198 - STREAM b'pHYs' 41 9
2026-04-10 11:29:37 [DEBUG] PngImagePlugin:198 - STREAM b'tEXt' 62 25
2026-04-10 11:29:37 [DEBUG] PngImagePlugin:198 - STREAM b'IDAT' 99 8192
2026-04-10 11:29:37 [DEBUG] PngImagePlugin:198 - STREAM b'IHDR' 16 13
2026-04-10 11:29:37 [DEBUG] PngImagePlugin:198 - STREAM b'pHYs' 41 9
2026-04-10 11:29:37 [DEBUG] PngImagePlugin:198 - STREAM b'tEXt' 62 25
2026-04-10 11:29:37 [DEBUG] PngImagePlugin:198 - STREAM b'IDAT' 99 8192
2026-04-10 11:29:37 [DEBUG] PngImagePlugin:198 - STREAM b'IHDR' 16 13
2026-04-10 11:29:37 [DEBUG] PngImagePlugin:198 - STREAM b'IDAT' 41 8192
2026-04-10 11:29:37 [DEBUG] PngImagePlugin:198 - STREAM b'IHDR' 16 13
2026-04-10 11:29:37 [DEBUG] PngImagePlugin:198 - STREAM b'IDAT' 41 8192
2026-04-10 11:29:37 [DEBUG] PngImagePlugin:198 - STREAM b'IHDR' 16 13
2026-04-10 11:29:37 [DEBUG] PngImagePlugin:198 - STREAM b'sRGB' 41 1
2026-04-10 11:29:37 [DEBUG] PngImagePlugin:198 - STREAM b'gAMA' 54 4
2026-04-10 11:29:37 [DEBUG] PngImagePlugin:198 - STREAM b'pHYs' 70 9
2026-04-10 11:29:37 [DEBUG] PngImagePlugin:198 - STREAM b'IDAT' 91 65445
2026-04-10 11:29:37 [DEBUG] PngImagePlugin:198 - STREAM b'IHDR' 16 13
2026-04-10 11:29:37 [DEBUG] PngImagePlugin:198 - STREAM b'sRGB' 41 1
2026-04-10 11:29:37 [DEBUG] PngImagePlugin:198 - STREAM b'gAMA' 54 4
2026-04-10 11:29:37 [DEBUG] PngImagePlugin:198 - STREAM b'pHYs' 70 9
2026-04-10 11:29:37 [DEBUG] PngImagePlugin:198 - STREAM b'IDAT' 91 65445
2026-04-10 11:29:39 [INFO] Traceability:482 - PLC - Connected
2026-04-10 11:29:40 [INFO] Traceability:682 - Command received->  part: P2173404-00-C:SEYU26061A0765 - Command PASSED
2026-04-10 11:32:51 [INFO] Traceability:139 - Cerrando aplicación...
2026-04-10 11:32:51 [INFO] Traceability:156 - Socket principal cerrado.
2026-04-10 11:32:51 [ERROR] Traceability:1312 - Error aceptando conexión: [WinError 10038] Se intentó realizar una operación en un elemento que no es un socket
2026-04-10 12:31:00 [INFO] Traceability:76 - ======================================================================
2026-04-10 12:31:00 [INFO] Traceability:77 - 🔄 LOGGING CONFIGURADO - INICIO DE APLICACIÓN
2026-04-10 12:31:00 [INFO] Traceability:78 - 📁 Archivo diario: logs/server_20260410.log
2026-04-10 12:31:00 [INFO] Traceability:79 - 📁 Archivo general: logs/server.log
2026-04-10 12:31:00 [INFO] Traceability:80 - 📅 Fecha: 2026-04-10 12:31:00
2026-04-10 12:31:00 [INFO] Traceability:81 - ======================================================================
2026-04-10 12:31:00 [DEBUG] PngImagePlugin:198 - STREAM b'IHDR' 16 13
2026-04-10 12:31:00 [DEBUG] PngImagePlugin:198 - STREAM b'IDAT' 41 8192
2026-04-10 12:31:00 [DEBUG] PngImagePlugin:198 - STREAM b'IHDR' 16 13
2026-04-10 12:31:00 [DEBUG] PngImagePlugin:198 - STREAM b'IDAT' 41 8192
2026-04-10 12:31:00 [DEBUG] PngImagePlugin:198 - STREAM b'IHDR' 16 13
2026-04-10 12:31:00 [DEBUG] PngImagePlugin:198 - STREAM b'IDAT' 41 8192
2026-04-10 12:31:00 [DEBUG] PngImagePlugin:198 - STREAM b'IHDR' 16 13
2026-04-10 12:31:00 [DEBUG] PngImagePlugin:198 - STREAM b'IDAT' 41 8192
2026-04-10 12:31:00 [DEBUG] PngImagePlugin:198 - STREAM b'IHDR' 16 13
2026-04-10 12:31:00 [DEBUG] PngImagePlugin:198 - STREAM b'IDAT' 41 8192
2026-04-10 12:31:00 [DEBUG] PngImagePlugin:198 - STREAM b'IHDR' 16 13
2026-04-10 12:31:00 [DEBUG] PngImagePlugin:198 - STREAM b'IDAT' 41 8192
2026-04-10 12:31:00 [DEBUG] PngImagePlugin:198 - STREAM b'IHDR' 16 13
2026-04-10 12:31:00 [DEBUG] PngImagePlugin:198 - STREAM b'pHYs' 41 9
2026-04-10 12:31:00 [DEBUG] PngImagePlugin:198 - STREAM b'tEXt' 62 25
2026-04-10 12:31:00 [DEBUG] PngImagePlugin:198 - STREAM b'IDAT' 99 8192
2026-04-10 12:31:00 [DEBUG] PngImagePlugin:198 - STREAM b'IHDR' 16 13
2026-04-10 12:31:00 [DEBUG] PngImagePlugin:198 - STREAM b'pHYs' 41 9
2026-04-10 12:31:00 [DEBUG] PngImagePlugin:198 - STREAM b'tEXt' 62 25
2026-04-10 12:31:00 [DEBUG] PngImagePlugin:198 - STREAM b'IDAT' 99 8192
2026-04-10 12:31:00 [DEBUG] PngImagePlugin:198 - STREAM b'IHDR' 16 13
2026-04-10 12:31:00 [DEBUG] PngImagePlugin:198 - STREAM b'IDAT' 41 8192
2026-04-10 12:31:00 [DEBUG] PngImagePlugin:198 - STREAM b'IHDR' 16 13
2026-04-10 12:31:00 [DEBUG] PngImagePlugin:198 - STREAM b'IDAT' 41 8192
2026-04-10 12:31:00 [DEBUG] PngImagePlugin:198 - STREAM b'IHDR' 16 13
2026-04-10 12:31:00 [DEBUG] PngImagePlugin:198 - STREAM b'sRGB' 41 1
2026-04-10 12:31:00 [DEBUG] PngImagePlugin:198 - STREAM b'gAMA' 54 4
2026-04-10 12:31:00 [DEBUG] PngImagePlugin:198 - STREAM b'pHYs' 70 9
2026-04-10 12:31:00 [DEBUG] PngImagePlugin:198 - STREAM b'IDAT' 91 65445
2026-04-10 12:31:00 [DEBUG] PngImagePlugin:198 - STREAM b'IHDR' 16 13
2026-04-10 12:31:00 [DEBUG] PngImagePlugin:198 - STREAM b'sRGB' 41 1
2026-04-10 12:31:00 [DEBUG] PngImagePlugin:198 - STREAM b'gAMA' 54 4
2026-04-10 12:31:00 [DEBUG] PngImagePlugin:198 - STREAM b'pHYs' 70 9
2026-04-10 12:31:00 [DEBUG] PngImagePlugin:198 - STREAM b'IDAT' 91 65445
2026-04-10 12:31:02 [INFO] Traceability:482 - PLC - Connected
2026-04-10 12:31:03 [INFO] Traceability:682 - Command received->  part: P2173404-00-C:SEYU26061A0765 - Command PASSED
2026-04-10 12:33:32 [INFO] Traceability:76 - ======================================================================
2026-04-10 12:33:32 [INFO] Traceability:77 - 🔄 LOGGING CONFIGURADO - INICIO DE APLICACIÓN
2026-04-10 12:33:32 [INFO] Traceability:78 - 📁 Archivo diario: logs/server_20260410.log
2026-04-10 12:33:32 [INFO] Traceability:79 - 📁 Archivo general: logs/server.log
2026-04-10 12:33:32 [INFO] Traceability:80 - 📅 Fecha: 2026-04-10 12:33:32
2026-04-10 12:33:32 [INFO] Traceability:81 - ======================================================================
2026-04-10 12:33:32 [DEBUG] PngImagePlugin:198 - STREAM b'IHDR' 16 13
2026-04-10 12:33:32 [DEBUG] PngImagePlugin:198 - STREAM b'IDAT' 41 8192
2026-04-10 12:33:32 [DEBUG] PngImagePlugin:198 - STREAM b'IHDR' 16 13
2026-04-10 12:33:32 [DEBUG] PngImagePlugin:198 - STREAM b'IDAT' 41 8192
2026-04-10 12:33:32 [DEBUG] PngImagePlugin:198 - STREAM b'IHDR' 16 13
2026-04-10 12:33:32 [DEBUG] PngImagePlugin:198 - STREAM b'IDAT' 41 8192
2026-04-10 12:33:32 [DEBUG] PngImagePlugin:198 - STREAM b'IHDR' 16 13
2026-04-10 12:33:32 [DEBUG] PngImagePlugin:198 - STREAM b'IDAT' 41 8192
2026-04-10 12:33:32 [DEBUG] PngImagePlugin:198 - STREAM b'IHDR' 16 13
2026-04-10 12:33:32 [DEBUG] PngImagePlugin:198 - STREAM b'IDAT' 41 8192
2026-04-10 12:33:32 [DEBUG] PngImagePlugin:198 - STREAM b'IHDR' 16 13
2026-04-10 12:33:32 [DEBUG] PngImagePlugin:198 - STREAM b'IDAT' 41 8192
2026-04-10 12:33:32 [DEBUG] PngImagePlugin:198 - STREAM b'IHDR' 16 13
2026-04-10 12:33:32 [DEBUG] PngImagePlugin:198 - STREAM b'pHYs' 41 9
2026-04-10 12:33:32 [DEBUG] PngImagePlugin:198 - STREAM b'tEXt' 62 25
2026-04-10 12:33:32 [DEBUG] PngImagePlugin:198 - STREAM b'IDAT' 99 8192
2026-04-10 12:33:32 [DEBUG] PngImagePlugin:198 - STREAM b'IHDR' 16 13
2026-04-10 12:33:32 [DEBUG] PngImagePlugin:198 - STREAM b'pHYs' 41 9
2026-04-10 12:33:32 [DEBUG] PngImagePlugin:198 - STREAM b'tEXt' 62 25
2026-04-10 12:33:32 [DEBUG] PngImagePlugin:198 - STREAM b'IDAT' 99 8192
2026-04-10 12:33:32 [DEBUG] PngImagePlugin:198 - STREAM b'IHDR' 16 13
2026-04-10 12:33:32 [DEBUG] PngImagePlugin:198 - STREAM b'IDAT' 41 8192
2026-04-10 12:33:32 [DEBUG] PngImagePlugin:198 - STREAM b'IHDR' 16 13
2026-04-10 12:33:32 [DEBUG] PngImagePlugin:198 - STREAM b'IDAT' 41 8192
2026-04-10 12:33:32 [DEBUG] PngImagePlugin:198 - STREAM b'IHDR' 16 13
2026-04-10 12:33:32 [DEBUG] PngImagePlugin:198 - STREAM b'sRGB' 41 1
2026-04-10 12:33:32 [DEBUG] PngImagePlugin:198 - STREAM b'gAMA' 54 4
2026-04-10 12:33:32 [DEBUG] PngImagePlugin:198 - STREAM b'pHYs' 70 9
2026-04-10 12:33:32 [DEBUG] PngImagePlugin:198 - STREAM b'IDAT' 91 65445
2026-04-10 12:33:32 [DEBUG] PngImagePlugin:198 - STREAM b'IHDR' 16 13
2026-04-10 12:33:32 [DEBUG] PngImagePlugin:198 - STREAM b'sRGB' 41 1
2026-04-10 12:33:32 [DEBUG] PngImagePlugin:198 - STREAM b'gAMA' 54 4
2026-04-10 12:33:32 [DEBUG] PngImagePlugin:198 - STREAM b'pHYs' 70 9
2026-04-10 12:33:32 [DEBUG] PngImagePlugin:198 - STREAM b'IDAT' 91 65445
2026-04-10 12:33:44 [INFO] Traceability:482 - PLC - Connected
2026-04-10 12:33:53 [INFO] Traceability:682 - Command received->  part: P2173404-00-C:SEYU26061A0766 - Command PASSED
