2026-04-09 18:19:43 [INFO] Traceability:76 - ======================================================================
2026-04-09 18:19:43 [INFO] Traceability:77 - 🔄 LOGGING CONFIGURADO - INICIO DE APLICACIÓN
2026-04-09 18:19:43 [INFO] Traceability:78 - 📁 Archivo diario: logs/server_20260409.log
2026-04-09 18:19:43 [INFO] Traceability:79 - 📁 Archivo general: logs/server.log
2026-04-09 18:19:43 [INFO] Traceability:80 - 📅 Fecha: 2026-04-09 18:19:43
2026-04-09 18:19:43 [INFO] Traceability:81 - ======================================================================
2026-04-09 18:19:44 [DEBUG] PngImagePlugin:198 - STREAM b'IHDR' 16 13
2026-04-09 18:19:44 [DEBUG] PngImagePlugin:198 - STREAM b'IDAT' 41 8192
2026-04-09 18:19:44 [DEBUG] PngImagePlugin:198 - STREAM b'IHDR' 16 13
2026-04-09 18:19:44 [DEBUG] PngImagePlugin:198 - STREAM b'IDAT' 41 8192
2026-04-09 18:19:44 [DEBUG] PngImagePlugin:198 - STREAM b'IHDR' 16 13
2026-04-09 18:19:44 [DEBUG] PngImagePlugin:198 - STREAM b'IDAT' 41 8192
2026-04-09 18:19:44 [DEBUG] PngImagePlugin:198 - STREAM b'IHDR' 16 13
2026-04-09 18:19:44 [DEBUG] PngImagePlugin:198 - STREAM b'IDAT' 41 8192
2026-04-09 18:19:44 [DEBUG] PngImagePlugin:198 - STREAM b'IHDR' 16 13
2026-04-09 18:19:44 [DEBUG] PngImagePlugin:198 - STREAM b'IDAT' 41 8192
2026-04-09 18:19:44 [DEBUG] PngImagePlugin:198 - STREAM b'IHDR' 16 13
2026-04-09 18:19:44 [DEBUG] PngImagePlugin:198 - STREAM b'IDAT' 41 8192
2026-04-09 18:19:44 [DEBUG] PngImagePlugin:198 - STREAM b'IHDR' 16 13
2026-04-09 18:19:44 [DEBUG] PngImagePlugin:198 - STREAM b'pHYs' 41 9
2026-04-09 18:19:44 [DEBUG] PngImagePlugin:198 - STREAM b'tEXt' 62 25
2026-04-09 18:19:44 [DEBUG] PngImagePlugin:198 - STREAM b'IDAT' 99 8192
2026-04-09 18:19:44 [DEBUG] PngImagePlugin:198 - STREAM b'IHDR' 16 13
2026-04-09 18:19:44 [DEBUG] PngImagePlugin:198 - STREAM b'pHYs' 41 9
2026-04-09 18:19:44 [DEBUG] PngImagePlugin:198 - STREAM b'tEXt' 62 25
2026-04-09 18:19:44 [DEBUG] PngImagePlugin:198 - STREAM b'IDAT' 99 8192
2026-04-09 18:19:44 [DEBUG] PngImagePlugin:198 - STREAM b'IHDR' 16 13
2026-04-09 18:19:44 [DEBUG] PngImagePlugin:198 - STREAM b'IDAT' 41 8192
2026-04-09 18:19:44 [DEBUG] PngImagePlugin:198 - STREAM b'IHDR' 16 13
2026-04-09 18:19:44 [DEBUG] PngImagePlugin:198 - STREAM b'IDAT' 41 8192
2026-04-09 18:19:44 [DEBUG] PngImagePlugin:198 - STREAM b'IHDR' 16 13
2026-04-09 18:19:44 [DEBUG] PngImagePlugin:198 - STREAM b'sRGB' 41 1
2026-04-09 18:19:44 [DEBUG] PngImagePlugin:198 - STREAM b'gAMA' 54 4
2026-04-09 18:19:44 [DEBUG] PngImagePlugin:198 - STREAM b'pHYs' 70 9
2026-04-09 18:19:44 [DEBUG] PngImagePlugin:198 - STREAM b'IDAT' 91 65445
2026-04-09 18:19:44 [DEBUG] PngImagePlugin:198 - STREAM b'IHDR' 16 13
2026-04-09 18:19:44 [DEBUG] PngImagePlugin:198 - STREAM b'sRGB' 41 1
2026-04-09 18:19:44 [DEBUG] PngImagePlugin:198 - STREAM b'gAMA' 54 4
2026-04-09 18:19:44 [DEBUG] PngImagePlugin:198 - STREAM b'pHYs' 70 9
2026-04-09 18:19:44 [DEBUG] PngImagePlugin:198 - STREAM b'IDAT' 91 65445
2026-04-09 18:20:41 [INFO] Traceability:76 - ======================================================================
2026-04-09 18:20:41 [INFO] Traceability:77 - 🔄 LOGGING CONFIGURADO - INICIO DE APLICACIÓN
2026-04-09 18:20:41 [INFO] Traceability:78 - 📁 Archivo diario: logs/server_20260409.log
2026-04-09 18:20:41 [INFO] Traceability:79 - 📁 Archivo general: logs/server.log
2026-04-09 18:20:41 [INFO] Traceability:80 - 📅 Fecha: 2026-04-09 18:20:41
2026-04-09 18:20:41 [INFO] Traceability:81 - ======================================================================
2026-04-09 18:20:41 [DEBUG] PngImagePlugin:198 - STREAM b'IHDR' 16 13
2026-04-09 18:20:41 [DEBUG] PngImagePlugin:198 - STREAM b'IDAT' 41 8192
2026-04-09 18:20:41 [DEBUG] PngImagePlugin:198 - STREAM b'IHDR' 16 13
2026-04-09 18:20:41 [DEBUG] PngImagePlugin:198 - STREAM b'IDAT' 41 8192
2026-04-09 18:20:41 [DEBUG] PngImagePlugin:198 - STREAM b'IHDR' 16 13
2026-04-09 18:20:41 [DEBUG] PngImagePlugin:198 - STREAM b'IDAT' 41 8192
2026-04-09 18:20:41 [DEBUG] PngImagePlugin:198 - STREAM b'IHDR' 16 13
2026-04-09 18:20:41 [DEBUG] PngImagePlugin:198 - STREAM b'IDAT' 41 8192
2026-04-09 18:20:41 [DEBUG] PngImagePlugin:198 - STREAM b'IHDR' 16 13
2026-04-09 18:20:41 [DEBUG] PngImagePlugin:198 - STREAM b'IDAT' 41 8192
2026-04-09 18:20:41 [DEBUG] PngImagePlugin:198 - STREAM b'IHDR' 16 13
2026-04-09 18:20:41 [DEBUG] PngImagePlugin:198 - STREAM b'IDAT' 41 8192
2026-04-09 18:20:41 [DEBUG] PngImagePlugin:198 - STREAM b'IHDR' 16 13
2026-04-09 18:20:41 [DEBUG] PngImagePlugin:198 - STREAM b'pHYs' 41 9
2026-04-09 18:20:41 [DEBUG] PngImagePlugin:198 - STREAM b'tEXt' 62 25
2026-04-09 18:20:41 [DEBUG] PngImagePlugin:198 - STREAM b'IDAT' 99 8192
2026-04-09 18:20:41 [DEBUG] PngImagePlugin:198 - STREAM b'IHDR' 16 13
2026-04-09 18:20:41 [DEBUG] PngImagePlugin:198 - STREAM b'pHYs' 41 9
2026-04-09 18:20:41 [DEBUG] PngImagePlugin:198 - STREAM b'tEXt' 62 25
2026-04-09 18:20:41 [DEBUG] PngImagePlugin:198 - STREAM b'IDAT' 99 8192
2026-04-09 18:20:41 [DEBUG] PngImagePlugin:198 - STREAM b'IHDR' 16 13
2026-04-09 18:20:41 [DEBUG] PngImagePlugin:198 - STREAM b'IDAT' 41 8192
2026-04-09 18:20:41 [DEBUG] PngImagePlugin:198 - STREAM b'IHDR' 16 13
2026-04-09 18:20:41 [DEBUG] PngImagePlugin:198 - STREAM b'IDAT' 41 8192
2026-04-09 18:20:41 [DEBUG] PngImagePlugin:198 - STREAM b'IHDR' 16 13
2026-04-09 18:20:41 [DEBUG] PngImagePlugin:198 - STREAM b'sRGB' 41 1
2026-04-09 18:20:41 [DEBUG] PngImagePlugin:198 - STREAM b'gAMA' 54 4
2026-04-09 18:20:41 [DEBUG] PngImagePlugin:198 - STREAM b'pHYs' 70 9
2026-04-09 18:20:41 [DEBUG] PngImagePlugin:198 - STREAM b'IDAT' 91 65445
2026-04-09 18:20:41 [DEBUG] PngImagePlugin:198 - STREAM b'IHDR' 16 13
2026-04-09 18:20:41 [DEBUG] PngImagePlugin:198 - STREAM b'sRGB' 41 1
2026-04-09 18:20:41 [DEBUG] PngImagePlugin:198 - STREAM b'gAMA' 54 4
2026-04-09 18:20:41 [DEBUG] PngImagePlugin:198 - STREAM b'pHYs' 70 9
2026-04-09 18:20:41 [DEBUG] PngImagePlugin:198 - STREAM b'IDAT' 91 65445
2026-04-09 18:21:43 [INFO] Traceability:482 - PLC - Connected
2026-04-09 18:21:46 [INFO] Traceability:682 - Command received->  part: P2173404-00-C:SEYU26061A0765 - Command PASSED
2026-04-09 18:22:46 [INFO] Traceability:76 - ======================================================================
2026-04-09 18:22:46 [INFO] Traceability:77 - 🔄 LOGGING CONFIGURADO - INICIO DE APLICACIÓN
2026-04-09 18:22:46 [INFO] Traceability:78 - 📁 Archivo diario: logs/server_20260409.log
2026-04-09 18:22:46 [INFO] Traceability:79 - 📁 Archivo general: logs/server.log
2026-04-09 18:22:46 [INFO] Traceability:80 - 📅 Fecha: 2026-04-09 18:22:46
2026-04-09 18:22:46 [INFO] Traceability:81 - ======================================================================
2026-04-09 18:22:47 [DEBUG] PngImagePlugin:198 - STREAM b'IHDR' 16 13
2026-04-09 18:22:47 [DEBUG] PngImagePlugin:198 - STREAM b'IDAT' 41 8192
2026-04-09 18:22:47 [DEBUG] PngImagePlugin:198 - STREAM b'IHDR' 16 13
2026-04-09 18:22:47 [DEBUG] PngImagePlugin:198 - STREAM b'IDAT' 41 8192
2026-04-09 18:22:47 [DEBUG] PngImagePlugin:198 - STREAM b'IHDR' 16 13
2026-04-09 18:22:47 [DEBUG] PngImagePlugin:198 - STREAM b'IDAT' 41 8192
2026-04-09 18:22:47 [DEBUG] PngImagePlugin:198 - STREAM b'IHDR' 16 13
2026-04-09 18:22:47 [DEBUG] PngImagePlugin:198 - STREAM b'IDAT' 41 8192
2026-04-09 18:22:47 [DEBUG] PngImagePlugin:198 - STREAM b'IHDR' 16 13
2026-04-09 18:22:47 [DEBUG] PngImagePlugin:198 - STREAM b'IDAT' 41 8192
2026-04-09 18:22:47 [DEBUG] PngImagePlugin:198 - STREAM b'IHDR' 16 13
2026-04-09 18:22:47 [DEBUG] PngImagePlugin:198 - STREAM b'IDAT' 41 8192
2026-04-09 18:22:47 [DEBUG] PngImagePlugin:198 - STREAM b'IHDR' 16 13
2026-04-09 18:22:47 [DEBUG] PngImagePlugin:198 - STREAM b'pHYs' 41 9
2026-04-09 18:22:47 [DEBUG] PngImagePlugin:198 - STREAM b'tEXt' 62 25
2026-04-09 18:22:47 [DEBUG] PngImagePlugin:198 - STREAM b'IDAT' 99 8192
2026-04-09 18:22:47 [DEBUG] PngImagePlugin:198 - STREAM b'IHDR' 16 13
2026-04-09 18:22:47 [DEBUG] PngImagePlugin:198 - STREAM b'pHYs' 41 9
2026-04-09 18:22:47 [DEBUG] PngImagePlugin:198 - STREAM b'tEXt' 62 25
2026-04-09 18:22:47 [DEBUG] PngImagePlugin:198 - STREAM b'IDAT' 99 8192
2026-04-09 18:22:47 [DEBUG] PngImagePlugin:198 - STREAM b'IHDR' 16 13
2026-04-09 18:22:47 [DEBUG] PngImagePlugin:198 - STREAM b'IDAT' 41 8192
2026-04-09 18:22:47 [DEBUG] PngImagePlugin:198 - STREAM b'IHDR' 16 13
2026-04-09 18:22:47 [DEBUG] PngImagePlugin:198 - STREAM b'IDAT' 41 8192
2026-04-09 18:22:47 [DEBUG] PngImagePlugin:198 - STREAM b'IHDR' 16 13
2026-04-09 18:22:47 [DEBUG] PngImagePlugin:198 - STREAM b'sRGB' 41 1
2026-04-09 18:22:47 [DEBUG] PngImagePlugin:198 - STREAM b'gAMA' 54 4
2026-04-09 18:22:47 [DEBUG] PngImagePlugin:198 - STREAM b'pHYs' 70 9
2026-04-09 18:22:47 [DEBUG] PngImagePlugin:198 - STREAM b'IDAT' 91 65445
2026-04-09 18:22:47 [DEBUG] PngImagePlugin:198 - STREAM b'IHDR' 16 13
2026-04-09 18:22:47 [DEBUG] PngImagePlugin:198 - STREAM b'sRGB' 41 1
2026-04-09 18:22:47 [DEBUG] PngImagePlugin:198 - STREAM b'gAMA' 54 4
2026-04-09 18:22:47 [DEBUG] PngImagePlugin:198 - STREAM b'pHYs' 70 9
2026-04-09 18:22:47 [DEBUG] PngImagePlugin:198 - STREAM b'IDAT' 91 65445
2026-04-09 18:22:57 [INFO] Traceability:482 - PLC - Connected
2026-04-09 18:22:59 [INFO] Traceability:682 - Command received->  part: P2173404-00-C:SEYU26061A0765 - Command PASSED
2026-04-09 18:23:23 [INFO] Traceability:76 - ======================================================================
2026-04-09 18:23:23 [INFO] Traceability:77 - 🔄 LOGGING CONFIGURADO - INICIO DE APLICACIÓN
2026-04-09 18:23:23 [INFO] Traceability:78 - 📁 Archivo diario: logs/server_20260409.log
2026-04-09 18:23:23 [INFO] Traceability:79 - 📁 Archivo general: logs/server.log
2026-04-09 18:23:23 [INFO] Traceability:80 - 📅 Fecha: 2026-04-09 18:23:23
2026-04-09 18:23:23 [INFO] Traceability:81 - ======================================================================
2026-04-09 18:23:23 [DEBUG] PngImagePlugin:198 - STREAM b'IHDR' 16 13
2026-04-09 18:23:23 [DEBUG] PngImagePlugin:198 - STREAM b'IDAT' 41 8192
2026-04-09 18:23:23 [DEBUG] PngImagePlugin:198 - STREAM b'IHDR' 16 13
2026-04-09 18:23:23 [DEBUG] PngImagePlugin:198 - STREAM b'IDAT' 41 8192
2026-04-09 18:23:23 [DEBUG] PngImagePlugin:198 - STREAM b'IHDR' 16 13
2026-04-09 18:23:23 [DEBUG] PngImagePlugin:198 - STREAM b'IDAT' 41 8192
2026-04-09 18:23:23 [DEBUG] PngImagePlugin:198 - STREAM b'IHDR' 16 13
2026-04-09 18:23:23 [DEBUG] PngImagePlugin:198 - STREAM b'IDAT' 41 8192
2026-04-09 18:23:23 [DEBUG] PngImagePlugin:198 - STREAM b'IHDR' 16 13
2026-04-09 18:23:23 [DEBUG] PngImagePlugin:198 - STREAM b'IDAT' 41 8192
2026-04-09 18:23:23 [DEBUG] PngImagePlugin:198 - STREAM b'IHDR' 16 13
2026-04-09 18:23:23 [DEBUG] PngImagePlugin:198 - STREAM b'IDAT' 41 8192
2026-04-09 18:23:23 [DEBUG] PngImagePlugin:198 - STREAM b'IHDR' 16 13
2026-04-09 18:23:23 [DEBUG] PngImagePlugin:198 - STREAM b'pHYs' 41 9
2026-04-09 18:23:23 [DEBUG] PngImagePlugin:198 - STREAM b'tEXt' 62 25
2026-04-09 18:23:23 [DEBUG] PngImagePlugin:198 - STREAM b'IDAT' 99 8192
2026-04-09 18:23:23 [DEBUG] PngImagePlugin:198 - STREAM b'IHDR' 16 13
2026-04-09 18:23:23 [DEBUG] PngImagePlugin:198 - STREAM b'pHYs' 41 9
2026-04-09 18:23:23 [DEBUG] PngImagePlugin:198 - STREAM b'tEXt' 62 25
2026-04-09 18:23:23 [DEBUG] PngImagePlugin:198 - STREAM b'IDAT' 99 8192
2026-04-09 18:23:24 [DEBUG] PngImagePlugin:198 - STREAM b'IHDR' 16 13
2026-04-09 18:23:24 [DEBUG] PngImagePlugin:198 - STREAM b'IDAT' 41 8192
2026-04-09 18:23:24 [DEBUG] PngImagePlugin:198 - STREAM b'IHDR' 16 13
2026-04-09 18:23:24 [DEBUG] PngImagePlugin:198 - STREAM b'IDAT' 41 8192
2026-04-09 18:23:24 [DEBUG] PngImagePlugin:198 - STREAM b'IHDR' 16 13
2026-04-09 18:23:24 [DEBUG] PngImagePlugin:198 - STREAM b'sRGB' 41 1
2026-04-09 18:23:24 [DEBUG] PngImagePlugin:198 - STREAM b'gAMA' 54 4
2026-04-09 18:23:24 [DEBUG] PngImagePlugin:198 - STREAM b'pHYs' 70 9
2026-04-09 18:23:24 [DEBUG] PngImagePlugin:198 - STREAM b'IDAT' 91 65445
2026-04-09 18:23:24 [DEBUG] PngImagePlugin:198 - STREAM b'IHDR' 16 13
2026-04-09 18:23:24 [DEBUG] PngImagePlugin:198 - STREAM b'sRGB' 41 1
2026-04-09 18:23:24 [DEBUG] PngImagePlugin:198 - STREAM b'gAMA' 54 4
2026-04-09 18:23:24 [DEBUG] PngImagePlugin:198 - STREAM b'pHYs' 70 9
2026-04-09 18:23:24 [DEBUG] PngImagePlugin:198 - STREAM b'IDAT' 91 65445
2026-04-09 18:23:31 [INFO] Traceability:482 - PLC - Connected
2026-04-09 18:23:32 [INFO] Traceability:682 - Command received->  part: P2173404-00-C:SEYU26061A0765 - Command PASSED
2026-04-09 18:24:20 [INFO] Traceability:76 - ======================================================================
2026-04-09 18:24:20 [INFO] Traceability:77 - 🔄 LOGGING CONFIGURADO - INICIO DE APLICACIÓN
2026-04-09 18:24:20 [INFO] Traceability:78 - 📁 Archivo diario: logs/server_20260409.log
2026-04-09 18:24:20 [INFO] Traceability:79 - 📁 Archivo general: logs/server.log
2026-04-09 18:24:20 [INFO] Traceability:80 - 📅 Fecha: 2026-04-09 18:24:20
2026-04-09 18:24:20 [INFO] Traceability:81 - ======================================================================
2026-04-09 18:24:20 [DEBUG] PngImagePlugin:198 - STREAM b'IHDR' 16 13
2026-04-09 18:24:20 [DEBUG] PngImagePlugin:198 - STREAM b'IDAT' 41 8192
2026-04-09 18:24:20 [DEBUG] PngImagePlugin:198 - STREAM b'IHDR' 16 13
2026-04-09 18:24:20 [DEBUG] PngImagePlugin:198 - STREAM b'IDAT' 41 8192
2026-04-09 18:24:20 [DEBUG] PngImagePlugin:198 - STREAM b'IHDR' 16 13
2026-04-09 18:24:20 [DEBUG] PngImagePlugin:198 - STREAM b'IDAT' 41 8192
2026-04-09 18:24:20 [DEBUG] PngImagePlugin:198 - STREAM b'IHDR' 16 13
2026-04-09 18:24:20 [DEBUG] PngImagePlugin:198 - STREAM b'IDAT' 41 8192
2026-04-09 18:24:20 [DEBUG] PngImagePlugin:198 - STREAM b'IHDR' 16 13
2026-04-09 18:24:20 [DEBUG] PngImagePlugin:198 - STREAM b'IDAT' 41 8192
2026-04-09 18:24:20 [DEBUG] PngImagePlugin:198 - STREAM b'IHDR' 16 13
2026-04-09 18:24:20 [DEBUG] PngImagePlugin:198 - STREAM b'IDAT' 41 8192
2026-04-09 18:24:20 [DEBUG] PngImagePlugin:198 - STREAM b'IHDR' 16 13
2026-04-09 18:24:20 [DEBUG] PngImagePlugin:198 - STREAM b'pHYs' 41 9
2026-04-09 18:24:20 [DEBUG] PngImagePlugin:198 - STREAM b'tEXt' 62 25
2026-04-09 18:24:20 [DEBUG] PngImagePlugin:198 - STREAM b'IDAT' 99 8192
2026-04-09 18:24:20 [DEBUG] PngImagePlugin:198 - STREAM b'IHDR' 16 13
2026-04-09 18:24:20 [DEBUG] PngImagePlugin:198 - STREAM b'pHYs' 41 9
2026-04-09 18:24:20 [DEBUG] PngImagePlugin:198 - STREAM b'tEXt' 62 25
2026-04-09 18:24:20 [DEBUG] PngImagePlugin:198 - STREAM b'IDAT' 99 8192
2026-04-09 18:24:20 [DEBUG] PngImagePlugin:198 - STREAM b'IHDR' 16 13
2026-04-09 18:24:20 [DEBUG] PngImagePlugin:198 - STREAM b'IDAT' 41 8192
2026-04-09 18:24:20 [DEBUG] PngImagePlugin:198 - STREAM b'IHDR' 16 13
2026-04-09 18:24:20 [DEBUG] PngImagePlugin:198 - STREAM b'IDAT' 41 8192
2026-04-09 18:24:20 [DEBUG] PngImagePlugin:198 - STREAM b'IHDR' 16 13
2026-04-09 18:24:20 [DEBUG] PngImagePlugin:198 - STREAM b'sRGB' 41 1
2026-04-09 18:24:20 [DEBUG] PngImagePlugin:198 - STREAM b'gAMA' 54 4
2026-04-09 18:24:20 [DEBUG] PngImagePlugin:198 - STREAM b'pHYs' 70 9
2026-04-09 18:24:20 [DEBUG] PngImagePlugin:198 - STREAM b'IDAT' 91 65445
2026-04-09 18:24:20 [DEBUG] PngImagePlugin:198 - STREAM b'IHDR' 16 13
2026-04-09 18:24:20 [DEBUG] PngImagePlugin:198 - STREAM b'sRGB' 41 1
2026-04-09 18:24:20 [DEBUG] PngImagePlugin:198 - STREAM b'gAMA' 54 4
2026-04-09 18:24:20 [DEBUG] PngImagePlugin:198 - STREAM b'pHYs' 70 9
2026-04-09 18:24:20 [DEBUG] PngImagePlugin:198 - STREAM b'IDAT' 91 65445
2026-04-09 18:24:24 [INFO] Traceability:482 - PLC - Connected
2026-04-09 18:24:25 [INFO] Traceability:682 - Command received->  part: P2173404-00-C:SEYU26061A0765 - Command PASSED
2026-04-09 18:24:56 [INFO] Traceability:76 - ======================================================================
2026-04-09 18:24:56 [INFO] Traceability:77 - 🔄 LOGGING CONFIGURADO - INICIO DE APLICACIÓN
2026-04-09 18:24:56 [INFO] Traceability:78 - 📁 Archivo diario: logs/server_20260409.log
2026-04-09 18:24:56 [INFO] Traceability:79 - 📁 Archivo general: logs/server.log
2026-04-09 18:24:56 [INFO] Traceability:80 - 📅 Fecha: 2026-04-09 18:24:56
2026-04-09 18:24:56 [INFO] Traceability:81 - ======================================================================
2026-04-09 18:24:56 [DEBUG] PngImagePlugin:198 - STREAM b'IHDR' 16 13
2026-04-09 18:24:56 [DEBUG] PngImagePlugin:198 - STREAM b'IDAT' 41 8192
2026-04-09 18:24:56 [DEBUG] PngImagePlugin:198 - STREAM b'IHDR' 16 13
2026-04-09 18:24:56 [DEBUG] PngImagePlugin:198 - STREAM b'IDAT' 41 8192
2026-04-09 18:24:56 [DEBUG] PngImagePlugin:198 - STREAM b'IHDR' 16 13
2026-04-09 18:24:56 [DEBUG] PngImagePlugin:198 - STREAM b'IDAT' 41 8192
2026-04-09 18:24:56 [DEBUG] PngImagePlugin:198 - STREAM b'IHDR' 16 13
2026-04-09 18:24:56 [DEBUG] PngImagePlugin:198 - STREAM b'IDAT' 41 8192
2026-04-09 18:24:56 [DEBUG] PngImagePlugin:198 - STREAM b'IHDR' 16 13
2026-04-09 18:24:56 [DEBUG] PngImagePlugin:198 - STREAM b'IDAT' 41 8192
2026-04-09 18:24:56 [DEBUG] PngImagePlugin:198 - STREAM b'IHDR' 16 13
2026-04-09 18:24:56 [DEBUG] PngImagePlugin:198 - STREAM b'IDAT' 41 8192
2026-04-09 18:24:56 [DEBUG] PngImagePlugin:198 - STREAM b'IHDR' 16 13
2026-04-09 18:24:56 [DEBUG] PngImagePlugin:198 - STREAM b'pHYs' 41 9
2026-04-09 18:24:56 [DEBUG] PngImagePlugin:198 - STREAM b'tEXt' 62 25
2026-04-09 18:24:56 [DEBUG] PngImagePlugin:198 - STREAM b'IDAT' 99 8192
2026-04-09 18:24:56 [DEBUG] PngImagePlugin:198 - STREAM b'IHDR' 16 13
2026-04-09 18:24:56 [DEBUG] PngImagePlugin:198 - STREAM b'pHYs' 41 9
2026-04-09 18:24:56 [DEBUG] PngImagePlugin:198 - STREAM b'tEXt' 62 25
2026-04-09 18:24:56 [DEBUG] PngImagePlugin:198 - STREAM b'IDAT' 99 8192
2026-04-09 18:24:56 [DEBUG] PngImagePlugin:198 - STREAM b'IHDR' 16 13
2026-04-09 18:24:56 [DEBUG] PngImagePlugin:198 - STREAM b'IDAT' 41 8192
2026-04-09 18:24:56 [DEBUG] PngImagePlugin:198 - STREAM b'IHDR' 16 13
2026-04-09 18:24:56 [DEBUG] PngImagePlugin:198 - STREAM b'IDAT' 41 8192
2026-04-09 18:24:56 [DEBUG] PngImagePlugin:198 - STREAM b'IHDR' 16 13
2026-04-09 18:24:56 [DEBUG] PngImagePlugin:198 - STREAM b'sRGB' 41 1
2026-04-09 18:24:56 [DEBUG] PngImagePlugin:198 - STREAM b'gAMA' 54 4
2026-04-09 18:24:56 [DEBUG] PngImagePlugin:198 - STREAM b'pHYs' 70 9
2026-04-09 18:24:56 [DEBUG] PngImagePlugin:198 - STREAM b'IDAT' 91 65445
2026-04-09 18:24:56 [DEBUG] PngImagePlugin:198 - STREAM b'IHDR' 16 13
2026-04-09 18:24:56 [DEBUG] PngImagePlugin:198 - STREAM b'sRGB' 41 1
2026-04-09 18:24:56 [DEBUG] PngImagePlugin:198 - STREAM b'gAMA' 54 4
2026-04-09 18:24:56 [DEBUG] PngImagePlugin:198 - STREAM b'pHYs' 70 9
2026-04-09 18:24:56 [DEBUG] PngImagePlugin:198 - STREAM b'IDAT' 91 65445
2026-04-09 18:24:58 [INFO] Traceability:482 - PLC - Connected
2026-04-09 18:25:00 [INFO] Traceability:682 - Command received->  part: P2173404-00-C:SEYU26061A0765 - Command PASSED
