2026-04-29 10:06:21 [INFO] Traceability:78 - ======================================================================
2026-04-29 10:06:21 [INFO] Traceability:79 - 🔄 LOGGING CONFIGURADO - INICIO DE APLICACIÓN
2026-04-29 10:06:21 [INFO] Traceability:80 - 📁 Archivo diario: logs/server_20260429.log
2026-04-29 10:06:21 [INFO] Traceability:81 - 📁 Archivo general: logs/server.log
2026-04-29 10:06:21 [INFO] Traceability:82 - 📅 Fecha: 2026-04-29 10:06:21
2026-04-29 10:06:21 [INFO] Traceability:83 - ======================================================================
2026-04-29 10:06:21 [DEBUG] Image:421 - Importing PngImagePlugin
2026-04-29 10:06:21 [DEBUG] PngImagePlugin:204 - STREAM b'IHDR' 16 13
2026-04-29 10:06:21 [DEBUG] PngImagePlugin:204 - STREAM b'IDAT' 41 8192
2026-04-29 10:06:21 [DEBUG] PngImagePlugin:204 - STREAM b'IHDR' 16 13
2026-04-29 10:06:21 [DEBUG] PngImagePlugin:204 - STREAM b'IDAT' 41 8192
2026-04-29 10:06:21 [DEBUG] PngImagePlugin:204 - STREAM b'IHDR' 16 13
2026-04-29 10:06:21 [DEBUG] PngImagePlugin:204 - STREAM b'IDAT' 41 8192
2026-04-29 10:06:21 [DEBUG] PngImagePlugin:204 - STREAM b'IHDR' 16 13
2026-04-29 10:06:21 [DEBUG] PngImagePlugin:204 - STREAM b'IDAT' 41 8192
2026-04-29 10:06:21 [DEBUG] PngImagePlugin:204 - STREAM b'IHDR' 16 13
2026-04-29 10:06:21 [DEBUG] PngImagePlugin:204 - STREAM b'IDAT' 41 8192
2026-04-29 10:06:21 [DEBUG] PngImagePlugin:204 - STREAM b'IHDR' 16 13
2026-04-29 10:06:21 [DEBUG] PngImagePlugin:204 - STREAM b'IDAT' 41 8192
2026-04-29 10:06:21 [DEBUG] PngImagePlugin:204 - STREAM b'IHDR' 16 13
2026-04-29 10:06:21 [DEBUG] PngImagePlugin:204 - STREAM b'pHYs' 41 9
2026-04-29 10:06:21 [DEBUG] PngImagePlugin:204 - STREAM b'tEXt' 62 25
2026-04-29 10:06:21 [DEBUG] PngImagePlugin:204 - STREAM b'IDAT' 99 8192
2026-04-29 10:06:21 [DEBUG] PngImagePlugin:204 - STREAM b'IHDR' 16 13
2026-04-29 10:06:21 [DEBUG] PngImagePlugin:204 - STREAM b'pHYs' 41 9
2026-04-29 10:06:21 [DEBUG] PngImagePlugin:204 - STREAM b'tEXt' 62 25
2026-04-29 10:06:21 [DEBUG] PngImagePlugin:204 - STREAM b'IDAT' 99 8192
2026-04-29 10:06:21 [DEBUG] PngImagePlugin:204 - STREAM b'IHDR' 16 13
2026-04-29 10:06:21 [DEBUG] PngImagePlugin:204 - STREAM b'IDAT' 41 8192
2026-04-29 10:06:21 [DEBUG] PngImagePlugin:204 - STREAM b'IHDR' 16 13
2026-04-29 10:06:21 [DEBUG] PngImagePlugin:204 - STREAM b'IDAT' 41 8192
2026-04-29 10:06:21 [DEBUG] PngImagePlugin:204 - STREAM b'IHDR' 16 13
2026-04-29 10:06:21 [DEBUG] PngImagePlugin:204 - STREAM b'sRGB' 41 1
2026-04-29 10:06:21 [DEBUG] PngImagePlugin:204 - STREAM b'gAMA' 54 4
2026-04-29 10:06:21 [DEBUG] PngImagePlugin:204 - STREAM b'pHYs' 70 9
2026-04-29 10:06:21 [DEBUG] PngImagePlugin:204 - STREAM b'IDAT' 91 65445
2026-04-29 10:06:21 [DEBUG] PngImagePlugin:204 - STREAM b'IHDR' 16 13
2026-04-29 10:06:21 [DEBUG] PngImagePlugin:204 - STREAM b'sRGB' 41 1
2026-04-29 10:06:21 [DEBUG] PngImagePlugin:204 - STREAM b'gAMA' 54 4
2026-04-29 10:06:21 [DEBUG] PngImagePlugin:204 - STREAM b'pHYs' 70 9
2026-04-29 10:06:21 [DEBUG] PngImagePlugin:204 - STREAM b'IDAT' 91 65445
2026-04-29 10:06:23 [INFO] Traceability:78 - ======================================================================
2026-04-29 10:06:23 [INFO] Traceability:79 - 🔄 LOGGING CONFIGURADO - INICIO DE APLICACIÓN
2026-04-29 10:06:23 [INFO] Traceability:80 - 📁 Archivo diario: logs/server_20260429.log
2026-04-29 10:06:23 [INFO] Traceability:81 - 📁 Archivo general: logs/server.log
2026-04-29 10:06:23 [INFO] Traceability:82 - 📅 Fecha: 2026-04-29 10:06:23
2026-04-29 10:06:23 [INFO] Traceability:83 - ======================================================================
2026-04-29 10:06:23 [DEBUG] Image:421 - Importing PngImagePlugin
2026-04-29 10:06:23 [DEBUG] PngImagePlugin:204 - STREAM b'IHDR' 16 13
2026-04-29 10:06:23 [DEBUG] PngImagePlugin:204 - STREAM b'IDAT' 41 8192
2026-04-29 10:06:23 [DEBUG] PngImagePlugin:204 - STREAM b'IHDR' 16 13
2026-04-29 10:06:23 [DEBUG] PngImagePlugin:204 - STREAM b'IDAT' 41 8192
2026-04-29 10:06:23 [DEBUG] PngImagePlugin:204 - STREAM b'IHDR' 16 13
2026-04-29 10:06:23 [DEBUG] PngImagePlugin:204 - STREAM b'IDAT' 41 8192
2026-04-29 10:06:23 [DEBUG] PngImagePlugin:204 - STREAM b'IHDR' 16 13
2026-04-29 10:06:23 [DEBUG] PngImagePlugin:204 - STREAM b'IDAT' 41 8192
2026-04-29 10:06:23 [DEBUG] PngImagePlugin:204 - STREAM b'IHDR' 16 13
2026-04-29 10:06:23 [DEBUG] PngImagePlugin:204 - STREAM b'IDAT' 41 8192
2026-04-29 10:06:23 [DEBUG] PngImagePlugin:204 - STREAM b'IHDR' 16 13
2026-04-29 10:06:23 [DEBUG] PngImagePlugin:204 - STREAM b'IDAT' 41 8192
2026-04-29 10:06:23 [DEBUG] PngImagePlugin:204 - STREAM b'IHDR' 16 13
2026-04-29 10:06:23 [DEBUG] PngImagePlugin:204 - STREAM b'pHYs' 41 9
2026-04-29 10:06:23 [DEBUG] PngImagePlugin:204 - STREAM b'tEXt' 62 25
2026-04-29 10:06:23 [DEBUG] PngImagePlugin:204 - STREAM b'IDAT' 99 8192
2026-04-29 10:06:23 [DEBUG] PngImagePlugin:204 - STREAM b'IHDR' 16 13
2026-04-29 10:06:23 [DEBUG] PngImagePlugin:204 - STREAM b'pHYs' 41 9
2026-04-29 10:06:23 [DEBUG] PngImagePlugin:204 - STREAM b'tEXt' 62 25
2026-04-29 10:06:23 [DEBUG] PngImagePlugin:204 - STREAM b'IDAT' 99 8192
2026-04-29 10:06:23 [DEBUG] PngImagePlugin:204 - STREAM b'IHDR' 16 13
2026-04-29 10:06:23 [DEBUG] PngImagePlugin:204 - STREAM b'IDAT' 41 8192
2026-04-29 10:06:23 [DEBUG] PngImagePlugin:204 - STREAM b'IHDR' 16 13
2026-04-29 10:06:23 [DEBUG] PngImagePlugin:204 - STREAM b'IDAT' 41 8192
2026-04-29 10:06:23 [DEBUG] PngImagePlugin:204 - STREAM b'IHDR' 16 13
2026-04-29 10:06:23 [DEBUG] PngImagePlugin:204 - STREAM b'sRGB' 41 1
2026-04-29 10:06:23 [DEBUG] PngImagePlugin:204 - STREAM b'gAMA' 54 4
2026-04-29 10:06:23 [DEBUG] PngImagePlugin:204 - STREAM b'pHYs' 70 9
2026-04-29 10:06:23 [DEBUG] PngImagePlugin:204 - STREAM b'IDAT' 91 65445
2026-04-29 10:06:23 [DEBUG] PngImagePlugin:204 - STREAM b'IHDR' 16 13
2026-04-29 10:06:23 [DEBUG] PngImagePlugin:204 - STREAM b'sRGB' 41 1
2026-04-29 10:06:23 [DEBUG] PngImagePlugin:204 - STREAM b'gAMA' 54 4
2026-04-29 10:06:23 [DEBUG] PngImagePlugin:204 - STREAM b'pHYs' 70 9
2026-04-29 10:06:23 [DEBUG] PngImagePlugin:204 - STREAM b'IDAT' 91 65445
2026-04-29 10:07:09 [INFO] Traceability:78 - ======================================================================
2026-04-29 10:07:09 [INFO] Traceability:79 - 🔄 LOGGING CONFIGURADO - INICIO DE APLICACIÓN
2026-04-29 10:07:09 [INFO] Traceability:80 - 📁 Archivo diario: logs/server_20260429.log
2026-04-29 10:07:09 [INFO] Traceability:81 - 📁 Archivo general: logs/server.log
2026-04-29 10:07:09 [INFO] Traceability:82 - 📅 Fecha: 2026-04-29 10:07:09
2026-04-29 10:07:09 [INFO] Traceability:83 - ======================================================================
2026-04-29 10:07:09 [DEBUG] Image:421 - Importing PngImagePlugin
2026-04-29 10:07:09 [DEBUG] PngImagePlugin:204 - STREAM b'IHDR' 16 13
2026-04-29 10:07:09 [DEBUG] PngImagePlugin:204 - STREAM b'IDAT' 41 8192
2026-04-29 10:07:09 [DEBUG] PngImagePlugin:204 - STREAM b'IHDR' 16 13
2026-04-29 10:07:09 [DEBUG] PngImagePlugin:204 - STREAM b'IDAT' 41 8192
2026-04-29 10:07:09 [DEBUG] PngImagePlugin:204 - STREAM b'IHDR' 16 13
2026-04-29 10:07:09 [DEBUG] PngImagePlugin:204 - STREAM b'IDAT' 41 8192
2026-04-29 10:07:09 [DEBUG] PngImagePlugin:204 - STREAM b'IHDR' 16 13
2026-04-29 10:07:09 [DEBUG] PngImagePlugin:204 - STREAM b'IDAT' 41 8192
2026-04-29 10:07:09 [DEBUG] PngImagePlugin:204 - STREAM b'IHDR' 16 13
2026-04-29 10:07:09 [DEBUG] PngImagePlugin:204 - STREAM b'IDAT' 41 8192
2026-04-29 10:07:09 [DEBUG] PngImagePlugin:204 - STREAM b'IHDR' 16 13
2026-04-29 10:07:09 [DEBUG] PngImagePlugin:204 - STREAM b'IDAT' 41 8192
2026-04-29 10:07:09 [DEBUG] PngImagePlugin:204 - STREAM b'IHDR' 16 13
2026-04-29 10:07:09 [DEBUG] PngImagePlugin:204 - STREAM b'pHYs' 41 9
2026-04-29 10:07:09 [DEBUG] PngImagePlugin:204 - STREAM b'tEXt' 62 25
2026-04-29 10:07:09 [DEBUG] PngImagePlugin:204 - STREAM b'IDAT' 99 8192
2026-04-29 10:07:09 [DEBUG] PngImagePlugin:204 - STREAM b'IHDR' 16 13
2026-04-29 10:07:09 [DEBUG] PngImagePlugin:204 - STREAM b'pHYs' 41 9
2026-04-29 10:07:09 [DEBUG] PngImagePlugin:204 - STREAM b'tEXt' 62 25
2026-04-29 10:07:09 [DEBUG] PngImagePlugin:204 - STREAM b'IDAT' 99 8192
2026-04-29 10:07:09 [DEBUG] PngImagePlugin:204 - STREAM b'IHDR' 16 13
2026-04-29 10:07:09 [DEBUG] PngImagePlugin:204 - STREAM b'IDAT' 41 8192
2026-04-29 10:07:09 [DEBUG] PngImagePlugin:204 - STREAM b'IHDR' 16 13
2026-04-29 10:07:09 [DEBUG] PngImagePlugin:204 - STREAM b'IDAT' 41 8192
2026-04-29 10:07:09 [DEBUG] PngImagePlugin:204 - STREAM b'IHDR' 16 13
2026-04-29 10:07:09 [DEBUG] PngImagePlugin:204 - STREAM b'sRGB' 41 1
2026-04-29 10:07:09 [DEBUG] PngImagePlugin:204 - STREAM b'gAMA' 54 4
2026-04-29 10:07:09 [DEBUG] PngImagePlugin:204 - STREAM b'pHYs' 70 9
2026-04-29 10:07:09 [DEBUG] PngImagePlugin:204 - STREAM b'IDAT' 91 65445
2026-04-29 10:07:09 [DEBUG] PngImagePlugin:204 - STREAM b'IHDR' 16 13
2026-04-29 10:07:09 [DEBUG] PngImagePlugin:204 - STREAM b'sRGB' 41 1
2026-04-29 10:07:09 [DEBUG] PngImagePlugin:204 - STREAM b'gAMA' 54 4
2026-04-29 10:07:09 [DEBUG] PngImagePlugin:204 - STREAM b'pHYs' 70 9
2026-04-29 10:07:09 [DEBUG] PngImagePlugin:204 - STREAM b'IDAT' 91 65445
2026-04-29 10:15:16 [INFO] Traceability:78 - ======================================================================
2026-04-29 10:15:16 [INFO] Traceability:79 - 🔄 LOGGING CONFIGURADO - INICIO DE APLICACIÓN
2026-04-29 10:15:16 [INFO] Traceability:80 - 📁 Archivo diario: logs/server_20260429.log
2026-04-29 10:15:16 [INFO] Traceability:81 - 📁 Archivo general: logs/server.log
2026-04-29 10:15:16 [INFO] Traceability:82 - 📅 Fecha: 2026-04-29 10:15:16
2026-04-29 10:15:16 [INFO] Traceability:83 - ======================================================================
2026-04-29 10:15:17 [DEBUG] Image:421 - Importing PngImagePlugin
2026-04-29 10:15:17 [DEBUG] PngImagePlugin:204 - STREAM b'IHDR' 16 13
2026-04-29 10:15:17 [DEBUG] PngImagePlugin:204 - STREAM b'IDAT' 41 8192
2026-04-29 10:15:17 [DEBUG] PngImagePlugin:204 - STREAM b'IHDR' 16 13
2026-04-29 10:15:17 [DEBUG] PngImagePlugin:204 - STREAM b'IDAT' 41 8192
2026-04-29 10:15:17 [DEBUG] PngImagePlugin:204 - STREAM b'IHDR' 16 13
2026-04-29 10:15:17 [DEBUG] PngImagePlugin:204 - STREAM b'IDAT' 41 8192
2026-04-29 10:15:17 [DEBUG] PngImagePlugin:204 - STREAM b'IHDR' 16 13
2026-04-29 10:15:17 [DEBUG] PngImagePlugin:204 - STREAM b'IDAT' 41 8192
2026-04-29 10:15:17 [DEBUG] PngImagePlugin:204 - STREAM b'IHDR' 16 13
2026-04-29 10:15:17 [DEBUG] PngImagePlugin:204 - STREAM b'IDAT' 41 8192
2026-04-29 10:15:17 [DEBUG] PngImagePlugin:204 - STREAM b'IHDR' 16 13
2026-04-29 10:15:17 [DEBUG] PngImagePlugin:204 - STREAM b'IDAT' 41 8192
2026-04-29 10:15:17 [DEBUG] PngImagePlugin:204 - STREAM b'IHDR' 16 13
2026-04-29 10:15:17 [DEBUG] PngImagePlugin:204 - STREAM b'pHYs' 41 9
2026-04-29 10:15:17 [DEBUG] PngImagePlugin:204 - STREAM b'tEXt' 62 25
2026-04-29 10:15:17 [DEBUG] PngImagePlugin:204 - STREAM b'IDAT' 99 8192
2026-04-29 10:15:17 [DEBUG] PngImagePlugin:204 - STREAM b'IHDR' 16 13
2026-04-29 10:15:17 [DEBUG] PngImagePlugin:204 - STREAM b'pHYs' 41 9
2026-04-29 10:15:17 [DEBUG] PngImagePlugin:204 - STREAM b'tEXt' 62 25
2026-04-29 10:15:17 [DEBUG] PngImagePlugin:204 - STREAM b'IDAT' 99 8192
2026-04-29 10:15:17 [DEBUG] PngImagePlugin:204 - STREAM b'IHDR' 16 13
2026-04-29 10:15:17 [DEBUG] PngImagePlugin:204 - STREAM b'IDAT' 41 8192
2026-04-29 10:15:17 [DEBUG] PngImagePlugin:204 - STREAM b'IHDR' 16 13
2026-04-29 10:15:17 [DEBUG] PngImagePlugin:204 - STREAM b'IDAT' 41 8192
2026-04-29 10:15:17 [DEBUG] PngImagePlugin:204 - STREAM b'IHDR' 16 13
2026-04-29 10:15:17 [DEBUG] PngImagePlugin:204 - STREAM b'sRGB' 41 1
2026-04-29 10:15:17 [DEBUG] PngImagePlugin:204 - STREAM b'gAMA' 54 4
2026-04-29 10:15:17 [DEBUG] PngImagePlugin:204 - STREAM b'pHYs' 70 9
2026-04-29 10:15:17 [DEBUG] PngImagePlugin:204 - STREAM b'IDAT' 91 65445
2026-04-29 10:15:17 [DEBUG] PngImagePlugin:204 - STREAM b'IHDR' 16 13
2026-04-29 10:15:17 [DEBUG] PngImagePlugin:204 - STREAM b'sRGB' 41 1
2026-04-29 10:15:17 [DEBUG] PngImagePlugin:204 - STREAM b'gAMA' 54 4
2026-04-29 10:15:17 [DEBUG] PngImagePlugin:204 - STREAM b'pHYs' 70 9
2026-04-29 10:15:17 [DEBUG] PngImagePlugin:204 - STREAM b'IDAT' 91 65445
2026-04-29 10:17:25 [INFO] Traceability:78 - ======================================================================
2026-04-29 10:17:25 [INFO] Traceability:79 - 🔄 LOGGING CONFIGURADO - INICIO DE APLICACIÓN
2026-04-29 10:17:25 [INFO] Traceability:80 - 📁 Archivo diario: logs/server_20260429.log
2026-04-29 10:17:25 [INFO] Traceability:81 - 📁 Archivo general: logs/server.log
2026-04-29 10:17:25 [INFO] Traceability:82 - 📅 Fecha: 2026-04-29 10:17:25
2026-04-29 10:17:25 [INFO] Traceability:83 - ======================================================================
2026-04-29 10:17:25 [DEBUG] Image:421 - Importing PngImagePlugin
2026-04-29 10:17:25 [DEBUG] PngImagePlugin:204 - STREAM b'IHDR' 16 13
2026-04-29 10:17:25 [DEBUG] PngImagePlugin:204 - STREAM b'IDAT' 41 8192
2026-04-29 10:17:25 [DEBUG] PngImagePlugin:204 - STREAM b'IHDR' 16 13
2026-04-29 10:17:25 [DEBUG] PngImagePlugin:204 - STREAM b'IDAT' 41 8192
2026-04-29 10:17:25 [DEBUG] PngImagePlugin:204 - STREAM b'IHDR' 16 13
2026-04-29 10:17:25 [DEBUG] PngImagePlugin:204 - STREAM b'IDAT' 41 8192
2026-04-29 10:17:25 [DEBUG] PngImagePlugin:204 - STREAM b'IHDR' 16 13
2026-04-29 10:17:25 [DEBUG] PngImagePlugin:204 - STREAM b'IDAT' 41 8192
2026-04-29 10:17:25 [DEBUG] PngImagePlugin:204 - STREAM b'IHDR' 16 13
2026-04-29 10:17:25 [DEBUG] PngImagePlugin:204 - STREAM b'IDAT' 41 8192
2026-04-29 10:17:25 [DEBUG] PngImagePlugin:204 - STREAM b'IHDR' 16 13
2026-04-29 10:17:25 [DEBUG] PngImagePlugin:204 - STREAM b'IDAT' 41 8192
2026-04-29 10:17:25 [DEBUG] PngImagePlugin:204 - STREAM b'IHDR' 16 13
2026-04-29 10:17:25 [DEBUG] PngImagePlugin:204 - STREAM b'pHYs' 41 9
2026-04-29 10:17:25 [DEBUG] PngImagePlugin:204 - STREAM b'tEXt' 62 25
2026-04-29 10:17:25 [DEBUG] PngImagePlugin:204 - STREAM b'IDAT' 99 8192
2026-04-29 10:17:25 [DEBUG] PngImagePlugin:204 - STREAM b'IHDR' 16 13
2026-04-29 10:17:25 [DEBUG] PngImagePlugin:204 - STREAM b'pHYs' 41 9
2026-04-29 10:17:25 [DEBUG] PngImagePlugin:204 - STREAM b'tEXt' 62 25
2026-04-29 10:17:25 [DEBUG] PngImagePlugin:204 - STREAM b'IDAT' 99 8192
2026-04-29 10:17:25 [DEBUG] PngImagePlugin:204 - STREAM b'IHDR' 16 13
2026-04-29 10:17:25 [DEBUG] PngImagePlugin:204 - STREAM b'IDAT' 41 8192
2026-04-29 10:17:25 [DEBUG] PngImagePlugin:204 - STREAM b'IHDR' 16 13
2026-04-29 10:17:25 [DEBUG] PngImagePlugin:204 - STREAM b'IDAT' 41 8192
2026-04-29 10:17:25 [DEBUG] PngImagePlugin:204 - STREAM b'IHDR' 16 13
2026-04-29 10:17:25 [DEBUG] PngImagePlugin:204 - STREAM b'sRGB' 41 1
2026-04-29 10:17:25 [DEBUG] PngImagePlugin:204 - STREAM b'gAMA' 54 4
2026-04-29 10:17:25 [DEBUG] PngImagePlugin:204 - STREAM b'pHYs' 70 9
2026-04-29 10:17:25 [DEBUG] PngImagePlugin:204 - STREAM b'IDAT' 91 65445
2026-04-29 10:17:25 [DEBUG] PngImagePlugin:204 - STREAM b'IHDR' 16 13
2026-04-29 10:17:25 [DEBUG] PngImagePlugin:204 - STREAM b'sRGB' 41 1
2026-04-29 10:17:25 [DEBUG] PngImagePlugin:204 - STREAM b'gAMA' 54 4
2026-04-29 10:17:25 [DEBUG] PngImagePlugin:204 - STREAM b'pHYs' 70 9
2026-04-29 10:17:25 [DEBUG] PngImagePlugin:204 - STREAM b'IDAT' 91 65445
2026-04-29 10:37:05 [INFO] Traceability:78 - ======================================================================
2026-04-29 10:37:05 [INFO] Traceability:79 - 🔄 LOGGING CONFIGURADO - INICIO DE APLICACIÓN
2026-04-29 10:37:05 [INFO] Traceability:80 - 📁 Archivo diario: logs/server_20260429.log
2026-04-29 10:37:05 [INFO] Traceability:81 - 📁 Archivo general: logs/server.log
2026-04-29 10:37:05 [INFO] Traceability:82 - 📅 Fecha: 2026-04-29 10:37:05
2026-04-29 10:37:05 [INFO] Traceability:83 - ======================================================================
2026-04-29 10:37:05 [DEBUG] Image:421 - Importing PngImagePlugin
2026-04-29 10:37:05 [DEBUG] PngImagePlugin:204 - STREAM b'IHDR' 16 13
2026-04-29 10:37:05 [DEBUG] PngImagePlugin:204 - STREAM b'IDAT' 41 8192
2026-04-29 10:37:05 [DEBUG] PngImagePlugin:204 - STREAM b'IHDR' 16 13
2026-04-29 10:37:05 [DEBUG] PngImagePlugin:204 - STREAM b'IDAT' 41 8192
2026-04-29 10:37:05 [DEBUG] PngImagePlugin:204 - STREAM b'IHDR' 16 13
2026-04-29 10:37:05 [DEBUG] PngImagePlugin:204 - STREAM b'IDAT' 41 8192
2026-04-29 10:37:05 [DEBUG] PngImagePlugin:204 - STREAM b'IHDR' 16 13
2026-04-29 10:37:05 [DEBUG] PngImagePlugin:204 - STREAM b'IDAT' 41 8192
2026-04-29 10:37:05 [DEBUG] PngImagePlugin:204 - STREAM b'IHDR' 16 13
2026-04-29 10:37:05 [DEBUG] PngImagePlugin:204 - STREAM b'IDAT' 41 8192
2026-04-29 10:37:05 [DEBUG] PngImagePlugin:204 - STREAM b'IHDR' 16 13
2026-04-29 10:37:05 [DEBUG] PngImagePlugin:204 - STREAM b'IDAT' 41 8192
2026-04-29 10:37:05 [DEBUG] PngImagePlugin:204 - STREAM b'IHDR' 16 13
2026-04-29 10:37:05 [DEBUG] PngImagePlugin:204 - STREAM b'pHYs' 41 9
2026-04-29 10:37:05 [DEBUG] PngImagePlugin:204 - STREAM b'tEXt' 62 25
2026-04-29 10:37:05 [DEBUG] PngImagePlugin:204 - STREAM b'IDAT' 99 8192
2026-04-29 10:37:05 [DEBUG] PngImagePlugin:204 - STREAM b'IHDR' 16 13
2026-04-29 10:37:05 [DEBUG] PngImagePlugin:204 - STREAM b'pHYs' 41 9
2026-04-29 10:37:05 [DEBUG] PngImagePlugin:204 - STREAM b'tEXt' 62 25
2026-04-29 10:37:05 [DEBUG] PngImagePlugin:204 - STREAM b'IDAT' 99 8192
2026-04-29 10:37:05 [DEBUG] PngImagePlugin:204 - STREAM b'IHDR' 16 13
2026-04-29 10:37:05 [DEBUG] PngImagePlugin:204 - STREAM b'IDAT' 41 8192
2026-04-29 10:37:05 [DEBUG] PngImagePlugin:204 - STREAM b'IHDR' 16 13
2026-04-29 10:37:05 [DEBUG] PngImagePlugin:204 - STREAM b'IDAT' 41 8192
2026-04-29 10:37:05 [DEBUG] PngImagePlugin:204 - STREAM b'IHDR' 16 13
2026-04-29 10:37:05 [DEBUG] PngImagePlugin:204 - STREAM b'sRGB' 41 1
2026-04-29 10:37:05 [DEBUG] PngImagePlugin:204 - STREAM b'gAMA' 54 4
2026-04-29 10:37:05 [DEBUG] PngImagePlugin:204 - STREAM b'pHYs' 70 9
2026-04-29 10:37:05 [DEBUG] PngImagePlugin:204 - STREAM b'IDAT' 91 65445
2026-04-29 10:37:05 [DEBUG] PngImagePlugin:204 - STREAM b'IHDR' 16 13
2026-04-29 10:37:05 [DEBUG] PngImagePlugin:204 - STREAM b'sRGB' 41 1
2026-04-29 10:37:05 [DEBUG] PngImagePlugin:204 - STREAM b'gAMA' 54 4
2026-04-29 10:37:05 [DEBUG] PngImagePlugin:204 - STREAM b'pHYs' 70 9
2026-04-29 10:37:05 [DEBUG] PngImagePlugin:204 - STREAM b'IDAT' 91 65445
2026-04-29 10:45:12 [INFO] Traceability:79 - ======================================================================
2026-04-29 10:45:12 [INFO] Traceability:80 - 🔄 LOGGING CONFIGURADO - INICIO DE APLICACIÓN
2026-04-29 10:45:12 [INFO] Traceability:81 - 📁 Archivo diario: logs/server_20260429.log
2026-04-29 10:45:12 [INFO] Traceability:82 - 📁 Archivo general: logs/server.log
2026-04-29 10:45:12 [INFO] Traceability:83 - 📅 Fecha: 2026-04-29 10:45:12
2026-04-29 10:45:12 [INFO] Traceability:84 - ======================================================================
2026-04-29 10:45:12 [DEBUG] Image:421 - Importing PngImagePlugin
2026-04-29 10:45:12 [DEBUG] PngImagePlugin:204 - STREAM b'IHDR' 16 13
2026-04-29 10:45:12 [DEBUG] PngImagePlugin:204 - STREAM b'IDAT' 41 8192
2026-04-29 10:45:12 [DEBUG] PngImagePlugin:204 - STREAM b'IHDR' 16 13
2026-04-29 10:45:12 [DEBUG] PngImagePlugin:204 - STREAM b'IDAT' 41 8192
2026-04-29 10:45:12 [DEBUG] PngImagePlugin:204 - STREAM b'IHDR' 16 13
2026-04-29 10:45:12 [DEBUG] PngImagePlugin:204 - STREAM b'IDAT' 41 8192
2026-04-29 10:45:12 [DEBUG] PngImagePlugin:204 - STREAM b'IHDR' 16 13
2026-04-29 10:45:12 [DEBUG] PngImagePlugin:204 - STREAM b'IDAT' 41 8192
2026-04-29 10:45:12 [DEBUG] PngImagePlugin:204 - STREAM b'IHDR' 16 13
2026-04-29 10:45:12 [DEBUG] PngImagePlugin:204 - STREAM b'IDAT' 41 8192
2026-04-29 10:45:12 [DEBUG] PngImagePlugin:204 - STREAM b'IHDR' 16 13
2026-04-29 10:45:12 [DEBUG] PngImagePlugin:204 - STREAM b'IDAT' 41 8192
2026-04-29 10:45:12 [DEBUG] PngImagePlugin:204 - STREAM b'IHDR' 16 13
2026-04-29 10:45:12 [DEBUG] PngImagePlugin:204 - STREAM b'pHYs' 41 9
2026-04-29 10:45:12 [DEBUG] PngImagePlugin:204 - STREAM b'tEXt' 62 25
2026-04-29 10:45:12 [DEBUG] PngImagePlugin:204 - STREAM b'IDAT' 99 8192
2026-04-29 10:45:12 [DEBUG] PngImagePlugin:204 - STREAM b'IHDR' 16 13
2026-04-29 10:45:12 [DEBUG] PngImagePlugin:204 - STREAM b'pHYs' 41 9
2026-04-29 10:45:12 [DEBUG] PngImagePlugin:204 - STREAM b'tEXt' 62 25
2026-04-29 10:45:12 [DEBUG] PngImagePlugin:204 - STREAM b'IDAT' 99 8192
2026-04-29 10:45:12 [DEBUG] PngImagePlugin:204 - STREAM b'IHDR' 16 13
2026-04-29 10:45:12 [DEBUG] PngImagePlugin:204 - STREAM b'IDAT' 41 8192
2026-04-29 10:45:12 [DEBUG] PngImagePlugin:204 - STREAM b'IHDR' 16 13
2026-04-29 10:45:12 [DEBUG] PngImagePlugin:204 - STREAM b'IDAT' 41 8192
2026-04-29 10:45:12 [DEBUG] PngImagePlugin:204 - STREAM b'IHDR' 16 13
2026-04-29 10:45:12 [DEBUG] PngImagePlugin:204 - STREAM b'sRGB' 41 1
2026-04-29 10:45:12 [DEBUG] PngImagePlugin:204 - STREAM b'gAMA' 54 4
2026-04-29 10:45:12 [DEBUG] PngImagePlugin:204 - STREAM b'pHYs' 70 9
2026-04-29 10:45:12 [DEBUG] PngImagePlugin:204 - STREAM b'IDAT' 91 65445
2026-04-29 10:45:12 [DEBUG] PngImagePlugin:204 - STREAM b'IHDR' 16 13
2026-04-29 10:45:12 [DEBUG] PngImagePlugin:204 - STREAM b'sRGB' 41 1
2026-04-29 10:45:12 [DEBUG] PngImagePlugin:204 - STREAM b'gAMA' 54 4
2026-04-29 10:45:12 [DEBUG] PngImagePlugin:204 - STREAM b'pHYs' 70 9
2026-04-29 10:45:12 [DEBUG] PngImagePlugin:204 - STREAM b'IDAT' 91 65445
2026-04-29 10:47:37 [INFO] Traceability:79 - ======================================================================
2026-04-29 10:47:37 [INFO] Traceability:80 - 🔄 LOGGING CONFIGURADO - INICIO DE APLICACIÓN
2026-04-29 10:47:37 [INFO] Traceability:81 - 📁 Archivo diario: logs/server_20260429.log
2026-04-29 10:47:37 [INFO] Traceability:82 - 📁 Archivo general: logs/server.log
2026-04-29 10:47:37 [INFO] Traceability:83 - 📅 Fecha: 2026-04-29 10:47:37
2026-04-29 10:47:37 [INFO] Traceability:84 - ======================================================================
2026-04-29 10:47:37 [DEBUG] Image:421 - Importing PngImagePlugin
2026-04-29 10:47:37 [DEBUG] PngImagePlugin:204 - STREAM b'IHDR' 16 13
2026-04-29 10:47:37 [DEBUG] PngImagePlugin:204 - STREAM b'IDAT' 41 8192
2026-04-29 10:47:37 [DEBUG] PngImagePlugin:204 - STREAM b'IHDR' 16 13
2026-04-29 10:47:37 [DEBUG] PngImagePlugin:204 - STREAM b'IDAT' 41 8192
2026-04-29 10:47:37 [DEBUG] PngImagePlugin:204 - STREAM b'IHDR' 16 13
2026-04-29 10:47:37 [DEBUG] PngImagePlugin:204 - STREAM b'IDAT' 41 8192
2026-04-29 10:47:37 [DEBUG] PngImagePlugin:204 - STREAM b'IHDR' 16 13
2026-04-29 10:47:37 [DEBUG] PngImagePlugin:204 - STREAM b'IDAT' 41 8192
2026-04-29 10:47:37 [DEBUG] PngImagePlugin:204 - STREAM b'IHDR' 16 13
2026-04-29 10:47:37 [DEBUG] PngImagePlugin:204 - STREAM b'IDAT' 41 8192
2026-04-29 10:47:37 [DEBUG] PngImagePlugin:204 - STREAM b'IHDR' 16 13
2026-04-29 10:47:37 [DEBUG] PngImagePlugin:204 - STREAM b'IDAT' 41 8192
2026-04-29 10:47:37 [DEBUG] PngImagePlugin:204 - STREAM b'IHDR' 16 13
2026-04-29 10:47:37 [DEBUG] PngImagePlugin:204 - STREAM b'pHYs' 41 9
2026-04-29 10:47:37 [DEBUG] PngImagePlugin:204 - STREAM b'tEXt' 62 25
2026-04-29 10:47:37 [DEBUG] PngImagePlugin:204 - STREAM b'IDAT' 99 8192
2026-04-29 10:47:37 [DEBUG] PngImagePlugin:204 - STREAM b'IHDR' 16 13
2026-04-29 10:47:37 [DEBUG] PngImagePlugin:204 - STREAM b'pHYs' 41 9
2026-04-29 10:47:37 [DEBUG] PngImagePlugin:204 - STREAM b'tEXt' 62 25
2026-04-29 10:47:37 [DEBUG] PngImagePlugin:204 - STREAM b'IDAT' 99 8192
2026-04-29 10:47:37 [DEBUG] PngImagePlugin:204 - STREAM b'IHDR' 16 13
2026-04-29 10:47:37 [DEBUG] PngImagePlugin:204 - STREAM b'IDAT' 41 8192
2026-04-29 10:47:37 [DEBUG] PngImagePlugin:204 - STREAM b'IHDR' 16 13
2026-04-29 10:47:37 [DEBUG] PngImagePlugin:204 - STREAM b'IDAT' 41 8192
2026-04-29 10:47:37 [DEBUG] PngImagePlugin:204 - STREAM b'IHDR' 16 13
2026-04-29 10:47:37 [DEBUG] PngImagePlugin:204 - STREAM b'sRGB' 41 1
2026-04-29 10:47:37 [DEBUG] PngImagePlugin:204 - STREAM b'gAMA' 54 4
2026-04-29 10:47:37 [DEBUG] PngImagePlugin:204 - STREAM b'pHYs' 70 9
2026-04-29 10:47:37 [DEBUG] PngImagePlugin:204 - STREAM b'IDAT' 91 65445
2026-04-29 10:47:37 [DEBUG] PngImagePlugin:204 - STREAM b'IHDR' 16 13
2026-04-29 10:47:37 [DEBUG] PngImagePlugin:204 - STREAM b'sRGB' 41 1
2026-04-29 10:47:37 [DEBUG] PngImagePlugin:204 - STREAM b'gAMA' 54 4
2026-04-29 10:47:37 [DEBUG] PngImagePlugin:204 - STREAM b'pHYs' 70 9
2026-04-29 10:47:37 [DEBUG] PngImagePlugin:204 - STREAM b'IDAT' 91 65445
2026-04-29 10:48:08 [INFO] Traceability:79 - ======================================================================
2026-04-29 10:48:08 [INFO] Traceability:80 - 🔄 LOGGING CONFIGURADO - INICIO DE APLICACIÓN
2026-04-29 10:48:08 [INFO] Traceability:81 - 📁 Archivo diario: logs/server_20260429.log
2026-04-29 10:48:08 [INFO] Traceability:82 - 📁 Archivo general: logs/server.log
2026-04-29 10:48:08 [INFO] Traceability:83 - 📅 Fecha: 2026-04-29 10:48:08
2026-04-29 10:48:08 [INFO] Traceability:84 - ======================================================================
2026-04-29 10:48:08 [DEBUG] Image:421 - Importing PngImagePlugin
2026-04-29 10:48:08 [DEBUG] PngImagePlugin:204 - STREAM b'IHDR' 16 13
2026-04-29 10:48:08 [DEBUG] PngImagePlugin:204 - STREAM b'IDAT' 41 8192
2026-04-29 10:48:08 [DEBUG] PngImagePlugin:204 - STREAM b'IHDR' 16 13
2026-04-29 10:48:08 [DEBUG] PngImagePlugin:204 - STREAM b'IDAT' 41 8192
2026-04-29 10:48:08 [DEBUG] PngImagePlugin:204 - STREAM b'IHDR' 16 13
2026-04-29 10:48:08 [DEBUG] PngImagePlugin:204 - STREAM b'IDAT' 41 8192
2026-04-29 10:48:08 [DEBUG] PngImagePlugin:204 - STREAM b'IHDR' 16 13
2026-04-29 10:48:08 [DEBUG] PngImagePlugin:204 - STREAM b'IDAT' 41 8192
2026-04-29 10:48:08 [DEBUG] PngImagePlugin:204 - STREAM b'IHDR' 16 13
2026-04-29 10:48:08 [DEBUG] PngImagePlugin:204 - STREAM b'IDAT' 41 8192
2026-04-29 10:48:08 [DEBUG] PngImagePlugin:204 - STREAM b'IHDR' 16 13
2026-04-29 10:48:08 [DEBUG] PngImagePlugin:204 - STREAM b'IDAT' 41 8192
2026-04-29 10:48:08 [DEBUG] PngImagePlugin:204 - STREAM b'IHDR' 16 13
2026-04-29 10:48:08 [DEBUG] PngImagePlugin:204 - STREAM b'pHYs' 41 9
2026-04-29 10:48:08 [DEBUG] PngImagePlugin:204 - STREAM b'tEXt' 62 25
2026-04-29 10:48:08 [DEBUG] PngImagePlugin:204 - STREAM b'IDAT' 99 8192
2026-04-29 10:48:08 [DEBUG] PngImagePlugin:204 - STREAM b'IHDR' 16 13
2026-04-29 10:48:08 [DEBUG] PngImagePlugin:204 - STREAM b'pHYs' 41 9
2026-04-29 10:48:08 [DEBUG] PngImagePlugin:204 - STREAM b'tEXt' 62 25
2026-04-29 10:48:08 [DEBUG] PngImagePlugin:204 - STREAM b'IDAT' 99 8192
2026-04-29 10:48:08 [DEBUG] PngImagePlugin:204 - STREAM b'IHDR' 16 13
2026-04-29 10:48:08 [DEBUG] PngImagePlugin:204 - STREAM b'IDAT' 41 8192
2026-04-29 10:48:08 [DEBUG] PngImagePlugin:204 - STREAM b'IHDR' 16 13
2026-04-29 10:48:08 [DEBUG] PngImagePlugin:204 - STREAM b'IDAT' 41 8192
2026-04-29 10:48:08 [DEBUG] PngImagePlugin:204 - STREAM b'IHDR' 16 13
2026-04-29 10:48:08 [DEBUG] PngImagePlugin:204 - STREAM b'sRGB' 41 1
2026-04-29 10:48:08 [DEBUG] PngImagePlugin:204 - STREAM b'gAMA' 54 4
2026-04-29 10:48:08 [DEBUG] PngImagePlugin:204 - STREAM b'pHYs' 70 9
2026-04-29 10:48:08 [DEBUG] PngImagePlugin:204 - STREAM b'IDAT' 91 65445
2026-04-29 10:48:08 [DEBUG] PngImagePlugin:204 - STREAM b'IHDR' 16 13
2026-04-29 10:48:08 [DEBUG] PngImagePlugin:204 - STREAM b'sRGB' 41 1
2026-04-29 10:48:08 [DEBUG] PngImagePlugin:204 - STREAM b'gAMA' 54 4
2026-04-29 10:48:08 [DEBUG] PngImagePlugin:204 - STREAM b'pHYs' 70 9
2026-04-29 10:48:08 [DEBUG] PngImagePlugin:204 - STREAM b'IDAT' 91 65445
2026-04-29 10:48:25 [INFO] Traceability:79 - ======================================================================
2026-04-29 10:48:25 [INFO] Traceability:80 - 🔄 LOGGING CONFIGURADO - INICIO DE APLICACIÓN
2026-04-29 10:48:25 [INFO] Traceability:81 - 📁 Archivo diario: logs/server_20260429.log
2026-04-29 10:48:25 [INFO] Traceability:82 - 📁 Archivo general: logs/server.log
2026-04-29 10:48:25 [INFO] Traceability:83 - 📅 Fecha: 2026-04-29 10:48:25
2026-04-29 10:48:25 [INFO] Traceability:84 - ======================================================================
2026-04-29 10:48:26 [DEBUG] Image:421 - Importing PngImagePlugin
2026-04-29 10:48:26 [DEBUG] PngImagePlugin:204 - STREAM b'IHDR' 16 13
2026-04-29 10:48:26 [DEBUG] PngImagePlugin:204 - STREAM b'IDAT' 41 8192
2026-04-29 10:48:26 [DEBUG] PngImagePlugin:204 - STREAM b'IHDR' 16 13
2026-04-29 10:48:26 [DEBUG] PngImagePlugin:204 - STREAM b'IDAT' 41 8192
2026-04-29 10:48:26 [DEBUG] PngImagePlugin:204 - STREAM b'IHDR' 16 13
2026-04-29 10:48:26 [DEBUG] PngImagePlugin:204 - STREAM b'IDAT' 41 8192
2026-04-29 10:48:26 [DEBUG] PngImagePlugin:204 - STREAM b'IHDR' 16 13
2026-04-29 10:48:26 [DEBUG] PngImagePlugin:204 - STREAM b'IDAT' 41 8192
2026-04-29 10:48:26 [DEBUG] PngImagePlugin:204 - STREAM b'IHDR' 16 13
2026-04-29 10:48:26 [DEBUG] PngImagePlugin:204 - STREAM b'IDAT' 41 8192
2026-04-29 10:48:26 [DEBUG] PngImagePlugin:204 - STREAM b'IHDR' 16 13
2026-04-29 10:48:26 [DEBUG] PngImagePlugin:204 - STREAM b'IDAT' 41 8192
2026-04-29 10:48:26 [DEBUG] PngImagePlugin:204 - STREAM b'IHDR' 16 13
2026-04-29 10:48:26 [DEBUG] PngImagePlugin:204 - STREAM b'pHYs' 41 9
2026-04-29 10:48:26 [DEBUG] PngImagePlugin:204 - STREAM b'tEXt' 62 25
2026-04-29 10:48:26 [DEBUG] PngImagePlugin:204 - STREAM b'IDAT' 99 8192
2026-04-29 10:48:26 [DEBUG] PngImagePlugin:204 - STREAM b'IHDR' 16 13
2026-04-29 10:48:26 [DEBUG] PngImagePlugin:204 - STREAM b'pHYs' 41 9
2026-04-29 10:48:26 [DEBUG] PngImagePlugin:204 - STREAM b'tEXt' 62 25
2026-04-29 10:48:26 [DEBUG] PngImagePlugin:204 - STREAM b'IDAT' 99 8192
2026-04-29 10:48:26 [DEBUG] PngImagePlugin:204 - STREAM b'IHDR' 16 13
2026-04-29 10:48:26 [DEBUG] PngImagePlugin:204 - STREAM b'IDAT' 41 8192
2026-04-29 10:48:26 [DEBUG] PngImagePlugin:204 - STREAM b'IHDR' 16 13
2026-04-29 10:48:26 [DEBUG] PngImagePlugin:204 - STREAM b'IDAT' 41 8192
2026-04-29 10:48:26 [DEBUG] PngImagePlugin:204 - STREAM b'IHDR' 16 13
2026-04-29 10:48:26 [DEBUG] PngImagePlugin:204 - STREAM b'sRGB' 41 1
2026-04-29 10:48:26 [DEBUG] PngImagePlugin:204 - STREAM b'gAMA' 54 4
2026-04-29 10:48:26 [DEBUG] PngImagePlugin:204 - STREAM b'pHYs' 70 9
2026-04-29 10:48:26 [DEBUG] PngImagePlugin:204 - STREAM b'IDAT' 91 65445
2026-04-29 10:48:26 [DEBUG] PngImagePlugin:204 - STREAM b'IHDR' 16 13
2026-04-29 10:48:26 [DEBUG] PngImagePlugin:204 - STREAM b'sRGB' 41 1
2026-04-29 10:48:26 [DEBUG] PngImagePlugin:204 - STREAM b'gAMA' 54 4
2026-04-29 10:48:26 [DEBUG] PngImagePlugin:204 - STREAM b'pHYs' 70 9
2026-04-29 10:48:26 [DEBUG] PngImagePlugin:204 - STREAM b'IDAT' 91 65445
2026-04-29 10:48:33 [INFO] Traceability:79 - ======================================================================
2026-04-29 10:48:33 [INFO] Traceability:80 - 🔄 LOGGING CONFIGURADO - INICIO DE APLICACIÓN
2026-04-29 10:48:33 [INFO] Traceability:81 - 📁 Archivo diario: logs/server_20260429.log
2026-04-29 10:48:33 [INFO] Traceability:82 - 📁 Archivo general: logs/server.log
2026-04-29 10:48:33 [INFO] Traceability:83 - 📅 Fecha: 2026-04-29 10:48:33
2026-04-29 10:48:33 [INFO] Traceability:84 - ======================================================================
2026-04-29 10:48:33 [DEBUG] Image:421 - Importing PngImagePlugin
2026-04-29 10:48:33 [DEBUG] PngImagePlugin:204 - STREAM b'IHDR' 16 13
2026-04-29 10:48:33 [DEBUG] PngImagePlugin:204 - STREAM b'IDAT' 41 8192
2026-04-29 10:48:33 [DEBUG] PngImagePlugin:204 - STREAM b'IHDR' 16 13
2026-04-29 10:48:33 [DEBUG] PngImagePlugin:204 - STREAM b'IDAT' 41 8192
2026-04-29 10:48:33 [DEBUG] PngImagePlugin:204 - STREAM b'IHDR' 16 13
2026-04-29 10:48:33 [DEBUG] PngImagePlugin:204 - STREAM b'IDAT' 41 8192
2026-04-29 10:48:33 [DEBUG] PngImagePlugin:204 - STREAM b'IHDR' 16 13
2026-04-29 10:48:33 [DEBUG] PngImagePlugin:204 - STREAM b'IDAT' 41 8192
2026-04-29 10:48:33 [DEBUG] PngImagePlugin:204 - STREAM b'IHDR' 16 13
2026-04-29 10:48:33 [DEBUG] PngImagePlugin:204 - STREAM b'IDAT' 41 8192
2026-04-29 10:48:33 [DEBUG] PngImagePlugin:204 - STREAM b'IHDR' 16 13
2026-04-29 10:48:33 [DEBUG] PngImagePlugin:204 - STREAM b'IDAT' 41 8192
2026-04-29 10:48:33 [DEBUG] PngImagePlugin:204 - STREAM b'IHDR' 16 13
2026-04-29 10:48:33 [DEBUG] PngImagePlugin:204 - STREAM b'pHYs' 41 9
2026-04-29 10:48:33 [DEBUG] PngImagePlugin:204 - STREAM b'tEXt' 62 25
2026-04-29 10:48:33 [DEBUG] PngImagePlugin:204 - STREAM b'IDAT' 99 8192
2026-04-29 10:48:33 [DEBUG] PngImagePlugin:204 - STREAM b'IHDR' 16 13
2026-04-29 10:48:33 [DEBUG] PngImagePlugin:204 - STREAM b'pHYs' 41 9
2026-04-29 10:48:33 [DEBUG] PngImagePlugin:204 - STREAM b'tEXt' 62 25
2026-04-29 10:48:33 [DEBUG] PngImagePlugin:204 - STREAM b'IDAT' 99 8192
2026-04-29 10:48:33 [DEBUG] PngImagePlugin:204 - STREAM b'IHDR' 16 13
2026-04-29 10:48:33 [DEBUG] PngImagePlugin:204 - STREAM b'IDAT' 41 8192
2026-04-29 10:48:33 [DEBUG] PngImagePlugin:204 - STREAM b'IHDR' 16 13
2026-04-29 10:48:33 [DEBUG] PngImagePlugin:204 - STREAM b'IDAT' 41 8192
2026-04-29 10:48:33 [DEBUG] PngImagePlugin:204 - STREAM b'IHDR' 16 13
2026-04-29 10:48:33 [DEBUG] PngImagePlugin:204 - STREAM b'sRGB' 41 1
2026-04-29 10:48:33 [DEBUG] PngImagePlugin:204 - STREAM b'gAMA' 54 4
2026-04-29 10:48:33 [DEBUG] PngImagePlugin:204 - STREAM b'pHYs' 70 9
2026-04-29 10:48:33 [DEBUG] PngImagePlugin:204 - STREAM b'IDAT' 91 65445
2026-04-29 10:48:33 [DEBUG] PngImagePlugin:204 - STREAM b'IHDR' 16 13
2026-04-29 10:48:33 [DEBUG] PngImagePlugin:204 - STREAM b'sRGB' 41 1
2026-04-29 10:48:33 [DEBUG] PngImagePlugin:204 - STREAM b'gAMA' 54 4
2026-04-29 10:48:33 [DEBUG] PngImagePlugin:204 - STREAM b'pHYs' 70 9
2026-04-29 10:48:33 [DEBUG] PngImagePlugin:204 - STREAM b'IDAT' 91 65445
2026-04-29 10:48:51 [INFO] Traceability:79 - ======================================================================
2026-04-29 10:48:51 [INFO] Traceability:80 - 🔄 LOGGING CONFIGURADO - INICIO DE APLICACIÓN
2026-04-29 10:48:51 [INFO] Traceability:81 - 📁 Archivo diario: logs/server_20260429.log
2026-04-29 10:48:51 [INFO] Traceability:82 - 📁 Archivo general: logs/server.log
2026-04-29 10:48:51 [INFO] Traceability:83 - 📅 Fecha: 2026-04-29 10:48:51
2026-04-29 10:48:51 [INFO] Traceability:84 - ======================================================================
2026-04-29 10:48:51 [DEBUG] Image:421 - Importing PngImagePlugin
2026-04-29 10:48:51 [DEBUG] PngImagePlugin:204 - STREAM b'IHDR' 16 13
2026-04-29 10:48:51 [DEBUG] PngImagePlugin:204 - STREAM b'IDAT' 41 8192
2026-04-29 10:48:51 [DEBUG] PngImagePlugin:204 - STREAM b'IHDR' 16 13
2026-04-29 10:48:51 [DEBUG] PngImagePlugin:204 - STREAM b'IDAT' 41 8192
2026-04-29 10:48:51 [DEBUG] PngImagePlugin:204 - STREAM b'IHDR' 16 13
2026-04-29 10:48:51 [DEBUG] PngImagePlugin:204 - STREAM b'IDAT' 41 8192
2026-04-29 10:48:51 [DEBUG] PngImagePlugin:204 - STREAM b'IHDR' 16 13
2026-04-29 10:48:51 [DEBUG] PngImagePlugin:204 - STREAM b'IDAT' 41 8192
2026-04-29 10:48:51 [DEBUG] PngImagePlugin:204 - STREAM b'IHDR' 16 13
2026-04-29 10:48:51 [DEBUG] PngImagePlugin:204 - STREAM b'IDAT' 41 8192
2026-04-29 10:48:51 [DEBUG] PngImagePlugin:204 - STREAM b'IHDR' 16 13
2026-04-29 10:48:51 [DEBUG] PngImagePlugin:204 - STREAM b'IDAT' 41 8192
2026-04-29 10:48:51 [DEBUG] PngImagePlugin:204 - STREAM b'IHDR' 16 13
2026-04-29 10:48:51 [DEBUG] PngImagePlugin:204 - STREAM b'pHYs' 41 9
2026-04-29 10:48:51 [DEBUG] PngImagePlugin:204 - STREAM b'tEXt' 62 25
2026-04-29 10:48:51 [DEBUG] PngImagePlugin:204 - STREAM b'IDAT' 99 8192
2026-04-29 10:48:51 [DEBUG] PngImagePlugin:204 - STREAM b'IHDR' 16 13
2026-04-29 10:48:51 [DEBUG] PngImagePlugin:204 - STREAM b'pHYs' 41 9
2026-04-29 10:48:51 [DEBUG] PngImagePlugin:204 - STREAM b'tEXt' 62 25
2026-04-29 10:48:51 [DEBUG] PngImagePlugin:204 - STREAM b'IDAT' 99 8192
2026-04-29 10:48:51 [DEBUG] PngImagePlugin:204 - STREAM b'IHDR' 16 13
2026-04-29 10:48:51 [DEBUG] PngImagePlugin:204 - STREAM b'IDAT' 41 8192
2026-04-29 10:48:51 [DEBUG] PngImagePlugin:204 - STREAM b'IHDR' 16 13
2026-04-29 10:48:51 [DEBUG] PngImagePlugin:204 - STREAM b'IDAT' 41 8192
2026-04-29 10:48:51 [DEBUG] PngImagePlugin:204 - STREAM b'IHDR' 16 13
2026-04-29 10:48:51 [DEBUG] PngImagePlugin:204 - STREAM b'sRGB' 41 1
2026-04-29 10:48:51 [DEBUG] PngImagePlugin:204 - STREAM b'gAMA' 54 4
2026-04-29 10:48:51 [DEBUG] PngImagePlugin:204 - STREAM b'pHYs' 70 9
2026-04-29 10:48:51 [DEBUG] PngImagePlugin:204 - STREAM b'IDAT' 91 65445
2026-04-29 10:48:51 [DEBUG] PngImagePlugin:204 - STREAM b'IHDR' 16 13
2026-04-29 10:48:51 [DEBUG] PngImagePlugin:204 - STREAM b'sRGB' 41 1
2026-04-29 10:48:51 [DEBUG] PngImagePlugin:204 - STREAM b'gAMA' 54 4
2026-04-29 10:48:51 [DEBUG] PngImagePlugin:204 - STREAM b'pHYs' 70 9
2026-04-29 10:48:51 [DEBUG] PngImagePlugin:204 - STREAM b'IDAT' 91 65445
2026-04-29 10:49:03 [INFO] Traceability:79 - ======================================================================
2026-04-29 10:49:03 [INFO] Traceability:80 - 🔄 LOGGING CONFIGURADO - INICIO DE APLICACIÓN
2026-04-29 10:49:03 [INFO] Traceability:81 - 📁 Archivo diario: logs/server_20260429.log
2026-04-29 10:49:03 [INFO] Traceability:82 - 📁 Archivo general: logs/server.log
2026-04-29 10:49:03 [INFO] Traceability:83 - 📅 Fecha: 2026-04-29 10:49:03
2026-04-29 10:49:03 [INFO] Traceability:84 - ======================================================================
2026-04-29 10:49:03 [DEBUG] Image:421 - Importing PngImagePlugin
2026-04-29 10:49:03 [DEBUG] PngImagePlugin:204 - STREAM b'IHDR' 16 13
2026-04-29 10:49:03 [DEBUG] PngImagePlugin:204 - STREAM b'IDAT' 41 8192
2026-04-29 10:49:03 [DEBUG] PngImagePlugin:204 - STREAM b'IHDR' 16 13
2026-04-29 10:49:03 [DEBUG] PngImagePlugin:204 - STREAM b'IDAT' 41 8192
2026-04-29 10:49:03 [DEBUG] PngImagePlugin:204 - STREAM b'IHDR' 16 13
2026-04-29 10:49:03 [DEBUG] PngImagePlugin:204 - STREAM b'IDAT' 41 8192
2026-04-29 10:49:03 [DEBUG] PngImagePlugin:204 - STREAM b'IHDR' 16 13
2026-04-29 10:49:03 [DEBUG] PngImagePlugin:204 - STREAM b'IDAT' 41 8192
2026-04-29 10:49:03 [DEBUG] PngImagePlugin:204 - STREAM b'IHDR' 16 13
2026-04-29 10:49:03 [DEBUG] PngImagePlugin:204 - STREAM b'IDAT' 41 8192
2026-04-29 10:49:03 [DEBUG] PngImagePlugin:204 - STREAM b'IHDR' 16 13
2026-04-29 10:49:03 [DEBUG] PngImagePlugin:204 - STREAM b'IDAT' 41 8192
2026-04-29 10:49:03 [DEBUG] PngImagePlugin:204 - STREAM b'IHDR' 16 13
2026-04-29 10:49:03 [DEBUG] PngImagePlugin:204 - STREAM b'pHYs' 41 9
2026-04-29 10:49:03 [DEBUG] PngImagePlugin:204 - STREAM b'tEXt' 62 25
2026-04-29 10:49:03 [DEBUG] PngImagePlugin:204 - STREAM b'IDAT' 99 8192
2026-04-29 10:49:03 [DEBUG] PngImagePlugin:204 - STREAM b'IHDR' 16 13
2026-04-29 10:49:03 [DEBUG] PngImagePlugin:204 - STREAM b'pHYs' 41 9
2026-04-29 10:49:03 [DEBUG] PngImagePlugin:204 - STREAM b'tEXt' 62 25
2026-04-29 10:49:03 [DEBUG] PngImagePlugin:204 - STREAM b'IDAT' 99 8192
2026-04-29 10:49:04 [DEBUG] PngImagePlugin:204 - STREAM b'IHDR' 16 13
2026-04-29 10:49:04 [DEBUG] PngImagePlugin:204 - STREAM b'IDAT' 41 8192
2026-04-29 10:49:04 [DEBUG] PngImagePlugin:204 - STREAM b'IHDR' 16 13
2026-04-29 10:49:04 [DEBUG] PngImagePlugin:204 - STREAM b'IDAT' 41 8192
2026-04-29 10:49:04 [DEBUG] PngImagePlugin:204 - STREAM b'IHDR' 16 13
2026-04-29 10:49:04 [DEBUG] PngImagePlugin:204 - STREAM b'sRGB' 41 1
2026-04-29 10:49:04 [DEBUG] PngImagePlugin:204 - STREAM b'gAMA' 54 4
2026-04-29 10:49:04 [DEBUG] PngImagePlugin:204 - STREAM b'pHYs' 70 9
2026-04-29 10:49:04 [DEBUG] PngImagePlugin:204 - STREAM b'IDAT' 91 65445
2026-04-29 10:49:04 [DEBUG] PngImagePlugin:204 - STREAM b'IHDR' 16 13
2026-04-29 10:49:04 [DEBUG] PngImagePlugin:204 - STREAM b'sRGB' 41 1
2026-04-29 10:49:04 [DEBUG] PngImagePlugin:204 - STREAM b'gAMA' 54 4
2026-04-29 10:49:04 [DEBUG] PngImagePlugin:204 - STREAM b'pHYs' 70 9
2026-04-29 10:49:04 [DEBUG] PngImagePlugin:204 - STREAM b'IDAT' 91 65445
2026-04-29 10:49:36 [INFO] Traceability:79 - ======================================================================
2026-04-29 10:49:36 [INFO] Traceability:80 - 🔄 LOGGING CONFIGURADO - INICIO DE APLICACIÓN
2026-04-29 10:49:36 [INFO] Traceability:81 - 📁 Archivo diario: logs/server_20260429.log
2026-04-29 10:49:36 [INFO] Traceability:82 - 📁 Archivo general: logs/server.log
2026-04-29 10:49:36 [INFO] Traceability:83 - 📅 Fecha: 2026-04-29 10:49:36
2026-04-29 10:49:36 [INFO] Traceability:84 - ======================================================================
2026-04-29 10:49:36 [DEBUG] Image:421 - Importing PngImagePlugin
2026-04-29 10:49:36 [DEBUG] PngImagePlugin:204 - STREAM b'IHDR' 16 13
2026-04-29 10:49:36 [DEBUG] PngImagePlugin:204 - STREAM b'IDAT' 41 8192
2026-04-29 10:49:36 [DEBUG] PngImagePlugin:204 - STREAM b'IHDR' 16 13
2026-04-29 10:49:36 [DEBUG] PngImagePlugin:204 - STREAM b'IDAT' 41 8192
2026-04-29 10:49:36 [DEBUG] PngImagePlugin:204 - STREAM b'IHDR' 16 13
2026-04-29 10:49:36 [DEBUG] PngImagePlugin:204 - STREAM b'IDAT' 41 8192
2026-04-29 10:49:36 [DEBUG] PngImagePlugin:204 - STREAM b'IHDR' 16 13
2026-04-29 10:49:36 [DEBUG] PngImagePlugin:204 - STREAM b'IDAT' 41 8192
2026-04-29 10:49:36 [DEBUG] PngImagePlugin:204 - STREAM b'IHDR' 16 13
2026-04-29 10:49:36 [DEBUG] PngImagePlugin:204 - STREAM b'IDAT' 41 8192
2026-04-29 10:49:36 [DEBUG] PngImagePlugin:204 - STREAM b'IHDR' 16 13
2026-04-29 10:49:36 [DEBUG] PngImagePlugin:204 - STREAM b'IDAT' 41 8192
2026-04-29 10:49:36 [DEBUG] PngImagePlugin:204 - STREAM b'IHDR' 16 13
2026-04-29 10:49:36 [DEBUG] PngImagePlugin:204 - STREAM b'pHYs' 41 9
2026-04-29 10:49:36 [DEBUG] PngImagePlugin:204 - STREAM b'tEXt' 62 25
2026-04-29 10:49:36 [DEBUG] PngImagePlugin:204 - STREAM b'IDAT' 99 8192
2026-04-29 10:49:36 [DEBUG] PngImagePlugin:204 - STREAM b'IHDR' 16 13
2026-04-29 10:49:36 [DEBUG] PngImagePlugin:204 - STREAM b'pHYs' 41 9
2026-04-29 10:49:36 [DEBUG] PngImagePlugin:204 - STREAM b'tEXt' 62 25
2026-04-29 10:49:36 [DEBUG] PngImagePlugin:204 - STREAM b'IDAT' 99 8192
2026-04-29 10:49:36 [DEBUG] PngImagePlugin:204 - STREAM b'IHDR' 16 13
2026-04-29 10:49:36 [DEBUG] PngImagePlugin:204 - STREAM b'IDAT' 41 8192
2026-04-29 10:49:36 [DEBUG] PngImagePlugin:204 - STREAM b'IHDR' 16 13
2026-04-29 10:49:36 [DEBUG] PngImagePlugin:204 - STREAM b'IDAT' 41 8192
2026-04-29 10:49:36 [DEBUG] PngImagePlugin:204 - STREAM b'IHDR' 16 13
2026-04-29 10:49:36 [DEBUG] PngImagePlugin:204 - STREAM b'sRGB' 41 1
2026-04-29 10:49:36 [DEBUG] PngImagePlugin:204 - STREAM b'gAMA' 54 4
2026-04-29 10:49:36 [DEBUG] PngImagePlugin:204 - STREAM b'pHYs' 70 9
2026-04-29 10:49:36 [DEBUG] PngImagePlugin:204 - STREAM b'IDAT' 91 65445
2026-04-29 10:49:36 [DEBUG] PngImagePlugin:204 - STREAM b'IHDR' 16 13
2026-04-29 10:49:36 [DEBUG] PngImagePlugin:204 - STREAM b'sRGB' 41 1
2026-04-29 10:49:36 [DEBUG] PngImagePlugin:204 - STREAM b'gAMA' 54 4
2026-04-29 10:49:36 [DEBUG] PngImagePlugin:204 - STREAM b'pHYs' 70 9
2026-04-29 10:49:36 [DEBUG] PngImagePlugin:204 - STREAM b'IDAT' 91 65445
2026-04-29 10:49:46 [INFO] Traceability:79 - ======================================================================
2026-04-29 10:49:46 [INFO] Traceability:80 - 🔄 LOGGING CONFIGURADO - INICIO DE APLICACIÓN
2026-04-29 10:49:46 [INFO] Traceability:81 - 📁 Archivo diario: logs/server_20260429.log
2026-04-29 10:49:46 [INFO] Traceability:82 - 📁 Archivo general: logs/server.log
2026-04-29 10:49:46 [INFO] Traceability:83 - 📅 Fecha: 2026-04-29 10:49:46
2026-04-29 10:49:46 [INFO] Traceability:84 - ======================================================================
2026-04-29 10:49:46 [DEBUG] Image:421 - Importing PngImagePlugin
2026-04-29 10:49:46 [DEBUG] PngImagePlugin:204 - STREAM b'IHDR' 16 13
2026-04-29 10:49:46 [DEBUG] PngImagePlugin:204 - STREAM b'IDAT' 41 8192
2026-04-29 10:49:46 [DEBUG] PngImagePlugin:204 - STREAM b'IHDR' 16 13
2026-04-29 10:49:46 [DEBUG] PngImagePlugin:204 - STREAM b'IDAT' 41 8192
2026-04-29 10:49:46 [DEBUG] PngImagePlugin:204 - STREAM b'IHDR' 16 13
2026-04-29 10:49:46 [DEBUG] PngImagePlugin:204 - STREAM b'IDAT' 41 8192
2026-04-29 10:49:46 [DEBUG] PngImagePlugin:204 - STREAM b'IHDR' 16 13
2026-04-29 10:49:46 [DEBUG] PngImagePlugin:204 - STREAM b'IDAT' 41 8192
2026-04-29 10:49:46 [DEBUG] PngImagePlugin:204 - STREAM b'IHDR' 16 13
2026-04-29 10:49:46 [DEBUG] PngImagePlugin:204 - STREAM b'IDAT' 41 8192
2026-04-29 10:49:46 [DEBUG] PngImagePlugin:204 - STREAM b'IHDR' 16 13
2026-04-29 10:49:46 [DEBUG] PngImagePlugin:204 - STREAM b'IDAT' 41 8192
2026-04-29 10:49:46 [DEBUG] PngImagePlugin:204 - STREAM b'IHDR' 16 13
2026-04-29 10:49:46 [DEBUG] PngImagePlugin:204 - STREAM b'pHYs' 41 9
2026-04-29 10:49:46 [DEBUG] PngImagePlugin:204 - STREAM b'tEXt' 62 25
2026-04-29 10:49:46 [DEBUG] PngImagePlugin:204 - STREAM b'IDAT' 99 8192
2026-04-29 10:49:46 [DEBUG] PngImagePlugin:204 - STREAM b'IHDR' 16 13
2026-04-29 10:49:46 [DEBUG] PngImagePlugin:204 - STREAM b'pHYs' 41 9
2026-04-29 10:49:46 [DEBUG] PngImagePlugin:204 - STREAM b'tEXt' 62 25
2026-04-29 10:49:46 [DEBUG] PngImagePlugin:204 - STREAM b'IDAT' 99 8192
2026-04-29 10:49:46 [DEBUG] PngImagePlugin:204 - STREAM b'IHDR' 16 13
2026-04-29 10:49:46 [DEBUG] PngImagePlugin:204 - STREAM b'IDAT' 41 8192
2026-04-29 10:49:46 [DEBUG] PngImagePlugin:204 - STREAM b'IHDR' 16 13
2026-04-29 10:49:46 [DEBUG] PngImagePlugin:204 - STREAM b'IDAT' 41 8192
2026-04-29 10:49:46 [DEBUG] PngImagePlugin:204 - STREAM b'IHDR' 16 13
2026-04-29 10:49:46 [DEBUG] PngImagePlugin:204 - STREAM b'sRGB' 41 1
2026-04-29 10:49:46 [DEBUG] PngImagePlugin:204 - STREAM b'gAMA' 54 4
2026-04-29 10:49:46 [DEBUG] PngImagePlugin:204 - STREAM b'pHYs' 70 9
2026-04-29 10:49:46 [DEBUG] PngImagePlugin:204 - STREAM b'IDAT' 91 65445
2026-04-29 10:49:46 [DEBUG] PngImagePlugin:204 - STREAM b'IHDR' 16 13
2026-04-29 10:49:46 [DEBUG] PngImagePlugin:204 - STREAM b'sRGB' 41 1
2026-04-29 10:49:46 [DEBUG] PngImagePlugin:204 - STREAM b'gAMA' 54 4
2026-04-29 10:49:46 [DEBUG] PngImagePlugin:204 - STREAM b'pHYs' 70 9
2026-04-29 10:49:46 [DEBUG] PngImagePlugin:204 - STREAM b'IDAT' 91 65445
2026-04-29 10:50:11 [INFO] Traceability:79 - ======================================================================
2026-04-29 10:50:11 [INFO] Traceability:80 - 🔄 LOGGING CONFIGURADO - INICIO DE APLICACIÓN
2026-04-29 10:50:11 [INFO] Traceability:81 - 📁 Archivo diario: logs/server_20260429.log
2026-04-29 10:50:11 [INFO] Traceability:82 - 📁 Archivo general: logs/server.log
2026-04-29 10:50:11 [INFO] Traceability:83 - 📅 Fecha: 2026-04-29 10:50:11
2026-04-29 10:50:11 [INFO] Traceability:84 - ======================================================================
2026-04-29 10:50:11 [DEBUG] Image:421 - Importing PngImagePlugin
2026-04-29 10:50:11 [DEBUG] PngImagePlugin:204 - STREAM b'IHDR' 16 13
2026-04-29 10:50:11 [DEBUG] PngImagePlugin:204 - STREAM b'IDAT' 41 8192
2026-04-29 10:50:11 [DEBUG] PngImagePlugin:204 - STREAM b'IHDR' 16 13
2026-04-29 10:50:11 [DEBUG] PngImagePlugin:204 - STREAM b'IDAT' 41 8192
2026-04-29 10:50:11 [DEBUG] PngImagePlugin:204 - STREAM b'IHDR' 16 13
2026-04-29 10:50:11 [DEBUG] PngImagePlugin:204 - STREAM b'IDAT' 41 8192
2026-04-29 10:50:11 [DEBUG] PngImagePlugin:204 - STREAM b'IHDR' 16 13
2026-04-29 10:50:11 [DEBUG] PngImagePlugin:204 - STREAM b'IDAT' 41 8192
2026-04-29 10:50:11 [DEBUG] PngImagePlugin:204 - STREAM b'IHDR' 16 13
2026-04-29 10:50:11 [DEBUG] PngImagePlugin:204 - STREAM b'IDAT' 41 8192
2026-04-29 10:50:11 [DEBUG] PngImagePlugin:204 - STREAM b'IHDR' 16 13
2026-04-29 10:50:11 [DEBUG] PngImagePlugin:204 - STREAM b'IDAT' 41 8192
2026-04-29 10:50:11 [DEBUG] PngImagePlugin:204 - STREAM b'IHDR' 16 13
2026-04-29 10:50:11 [DEBUG] PngImagePlugin:204 - STREAM b'pHYs' 41 9
2026-04-29 10:50:11 [DEBUG] PngImagePlugin:204 - STREAM b'tEXt' 62 25
2026-04-29 10:50:11 [DEBUG] PngImagePlugin:204 - STREAM b'IDAT' 99 8192
2026-04-29 10:50:11 [DEBUG] PngImagePlugin:204 - STREAM b'IHDR' 16 13
2026-04-29 10:50:11 [DEBUG] PngImagePlugin:204 - STREAM b'pHYs' 41 9
2026-04-29 10:50:11 [DEBUG] PngImagePlugin:204 - STREAM b'tEXt' 62 25
2026-04-29 10:50:11 [DEBUG] PngImagePlugin:204 - STREAM b'IDAT' 99 8192
2026-04-29 10:50:11 [DEBUG] PngImagePlugin:204 - STREAM b'IHDR' 16 13
2026-04-29 10:50:11 [DEBUG] PngImagePlugin:204 - STREAM b'IDAT' 41 8192
2026-04-29 10:50:11 [DEBUG] PngImagePlugin:204 - STREAM b'IHDR' 16 13
2026-04-29 10:50:11 [DEBUG] PngImagePlugin:204 - STREAM b'IDAT' 41 8192
2026-04-29 10:50:11 [DEBUG] PngImagePlugin:204 - STREAM b'IHDR' 16 13
2026-04-29 10:50:11 [DEBUG] PngImagePlugin:204 - STREAM b'sRGB' 41 1
2026-04-29 10:50:11 [DEBUG] PngImagePlugin:204 - STREAM b'gAMA' 54 4
2026-04-29 10:50:11 [DEBUG] PngImagePlugin:204 - STREAM b'pHYs' 70 9
2026-04-29 10:50:11 [DEBUG] PngImagePlugin:204 - STREAM b'IDAT' 91 65445
2026-04-29 10:50:11 [DEBUG] PngImagePlugin:204 - STREAM b'IHDR' 16 13
2026-04-29 10:50:11 [DEBUG] PngImagePlugin:204 - STREAM b'sRGB' 41 1
2026-04-29 10:50:11 [DEBUG] PngImagePlugin:204 - STREAM b'gAMA' 54 4
2026-04-29 10:50:11 [DEBUG] PngImagePlugin:204 - STREAM b'pHYs' 70 9
2026-04-29 10:50:11 [DEBUG] PngImagePlugin:204 - STREAM b'IDAT' 91 65445
2026-04-29 10:50:16 [INFO] Traceability:79 - ======================================================================
2026-04-29 10:50:16 [INFO] Traceability:80 - 🔄 LOGGING CONFIGURADO - INICIO DE APLICACIÓN
2026-04-29 10:50:16 [INFO] Traceability:81 - 📁 Archivo diario: logs/server_20260429.log
2026-04-29 10:50:16 [INFO] Traceability:82 - 📁 Archivo general: logs/server.log
2026-04-29 10:50:16 [INFO] Traceability:83 - 📅 Fecha: 2026-04-29 10:50:16
2026-04-29 10:50:16 [INFO] Traceability:84 - ======================================================================
2026-04-29 10:50:16 [DEBUG] Image:421 - Importing PngImagePlugin
2026-04-29 10:50:16 [DEBUG] PngImagePlugin:204 - STREAM b'IHDR' 16 13
2026-04-29 10:50:16 [DEBUG] PngImagePlugin:204 - STREAM b'IDAT' 41 8192
2026-04-29 10:50:16 [DEBUG] PngImagePlugin:204 - STREAM b'IHDR' 16 13
2026-04-29 10:50:16 [DEBUG] PngImagePlugin:204 - STREAM b'IDAT' 41 8192
2026-04-29 10:50:16 [DEBUG] PngImagePlugin:204 - STREAM b'IHDR' 16 13
2026-04-29 10:50:16 [DEBUG] PngImagePlugin:204 - STREAM b'IDAT' 41 8192
2026-04-29 10:50:16 [DEBUG] PngImagePlugin:204 - STREAM b'IHDR' 16 13
2026-04-29 10:50:16 [DEBUG] PngImagePlugin:204 - STREAM b'IDAT' 41 8192
2026-04-29 10:50:16 [DEBUG] PngImagePlugin:204 - STREAM b'IHDR' 16 13
2026-04-29 10:50:16 [DEBUG] PngImagePlugin:204 - STREAM b'IDAT' 41 8192
2026-04-29 10:50:16 [DEBUG] PngImagePlugin:204 - STREAM b'IHDR' 16 13
2026-04-29 10:50:16 [DEBUG] PngImagePlugin:204 - STREAM b'IDAT' 41 8192
2026-04-29 10:50:16 [DEBUG] PngImagePlugin:204 - STREAM b'IHDR' 16 13
2026-04-29 10:50:16 [DEBUG] PngImagePlugin:204 - STREAM b'pHYs' 41 9
2026-04-29 10:50:16 [DEBUG] PngImagePlugin:204 - STREAM b'tEXt' 62 25
2026-04-29 10:50:16 [DEBUG] PngImagePlugin:204 - STREAM b'IDAT' 99 8192
2026-04-29 10:50:16 [DEBUG] PngImagePlugin:204 - STREAM b'IHDR' 16 13
2026-04-29 10:50:16 [DEBUG] PngImagePlugin:204 - STREAM b'pHYs' 41 9
2026-04-29 10:50:16 [DEBUG] PngImagePlugin:204 - STREAM b'tEXt' 62 25
2026-04-29 10:50:16 [DEBUG] PngImagePlugin:204 - STREAM b'IDAT' 99 8192
2026-04-29 10:50:16 [DEBUG] PngImagePlugin:204 - STREAM b'IHDR' 16 13
2026-04-29 10:50:16 [DEBUG] PngImagePlugin:204 - STREAM b'IDAT' 41 8192
2026-04-29 10:50:16 [DEBUG] PngImagePlugin:204 - STREAM b'IHDR' 16 13
2026-04-29 10:50:16 [DEBUG] PngImagePlugin:204 - STREAM b'IDAT' 41 8192
2026-04-29 10:50:16 [DEBUG] PngImagePlugin:204 - STREAM b'IHDR' 16 13
2026-04-29 10:50:16 [DEBUG] PngImagePlugin:204 - STREAM b'sRGB' 41 1
2026-04-29 10:50:16 [DEBUG] PngImagePlugin:204 - STREAM b'gAMA' 54 4
2026-04-29 10:50:16 [DEBUG] PngImagePlugin:204 - STREAM b'pHYs' 70 9
2026-04-29 10:50:16 [DEBUG] PngImagePlugin:204 - STREAM b'IDAT' 91 65445
2026-04-29 10:50:16 [DEBUG] PngImagePlugin:204 - STREAM b'IHDR' 16 13
2026-04-29 10:50:16 [DEBUG] PngImagePlugin:204 - STREAM b'sRGB' 41 1
2026-04-29 10:50:16 [DEBUG] PngImagePlugin:204 - STREAM b'gAMA' 54 4
2026-04-29 10:50:16 [DEBUG] PngImagePlugin:204 - STREAM b'pHYs' 70 9
2026-04-29 10:50:16 [DEBUG] PngImagePlugin:204 - STREAM b'IDAT' 91 65445
2026-04-29 10:50:22 [INFO] Traceability:79 - ======================================================================
2026-04-29 10:50:22 [INFO] Traceability:80 - 🔄 LOGGING CONFIGURADO - INICIO DE APLICACIÓN
2026-04-29 10:50:22 [INFO] Traceability:81 - 📁 Archivo diario: logs/server_20260429.log
2026-04-29 10:50:22 [INFO] Traceability:82 - 📁 Archivo general: logs/server.log
2026-04-29 10:50:22 [INFO] Traceability:83 - 📅 Fecha: 2026-04-29 10:50:22
2026-04-29 10:50:22 [INFO] Traceability:84 - ======================================================================
2026-04-29 10:50:22 [DEBUG] Image:421 - Importing PngImagePlugin
2026-04-29 10:50:22 [DEBUG] PngImagePlugin:204 - STREAM b'IHDR' 16 13
2026-04-29 10:50:22 [DEBUG] PngImagePlugin:204 - STREAM b'IDAT' 41 8192
2026-04-29 10:50:22 [DEBUG] PngImagePlugin:204 - STREAM b'IHDR' 16 13
2026-04-29 10:50:22 [DEBUG] PngImagePlugin:204 - STREAM b'IDAT' 41 8192
2026-04-29 10:50:22 [DEBUG] PngImagePlugin:204 - STREAM b'IHDR' 16 13
2026-04-29 10:50:22 [DEBUG] PngImagePlugin:204 - STREAM b'IDAT' 41 8192
2026-04-29 10:50:22 [DEBUG] PngImagePlugin:204 - STREAM b'IHDR' 16 13
2026-04-29 10:50:22 [DEBUG] PngImagePlugin:204 - STREAM b'IDAT' 41 8192
2026-04-29 10:50:22 [DEBUG] PngImagePlugin:204 - STREAM b'IHDR' 16 13
2026-04-29 10:50:22 [DEBUG] PngImagePlugin:204 - STREAM b'IDAT' 41 8192
2026-04-29 10:50:22 [DEBUG] PngImagePlugin:204 - STREAM b'IHDR' 16 13
2026-04-29 10:50:22 [DEBUG] PngImagePlugin:204 - STREAM b'IDAT' 41 8192
2026-04-29 10:50:22 [DEBUG] PngImagePlugin:204 - STREAM b'IHDR' 16 13
2026-04-29 10:50:22 [DEBUG] PngImagePlugin:204 - STREAM b'pHYs' 41 9
2026-04-29 10:50:22 [DEBUG] PngImagePlugin:204 - STREAM b'tEXt' 62 25
2026-04-29 10:50:22 [DEBUG] PngImagePlugin:204 - STREAM b'IDAT' 99 8192
2026-04-29 10:50:22 [DEBUG] PngImagePlugin:204 - STREAM b'IHDR' 16 13
2026-04-29 10:50:22 [DEBUG] PngImagePlugin:204 - STREAM b'pHYs' 41 9
2026-04-29 10:50:22 [DEBUG] PngImagePlugin:204 - STREAM b'tEXt' 62 25
2026-04-29 10:50:22 [DEBUG] PngImagePlugin:204 - STREAM b'IDAT' 99 8192
2026-04-29 10:50:22 [DEBUG] PngImagePlugin:204 - STREAM b'IHDR' 16 13
2026-04-29 10:50:22 [DEBUG] PngImagePlugin:204 - STREAM b'IDAT' 41 8192
2026-04-29 10:50:22 [DEBUG] PngImagePlugin:204 - STREAM b'IHDR' 16 13
2026-04-29 10:50:22 [DEBUG] PngImagePlugin:204 - STREAM b'IDAT' 41 8192
2026-04-29 10:50:22 [DEBUG] PngImagePlugin:204 - STREAM b'IHDR' 16 13
2026-04-29 10:50:22 [DEBUG] PngImagePlugin:204 - STREAM b'sRGB' 41 1
2026-04-29 10:50:22 [DEBUG] PngImagePlugin:204 - STREAM b'gAMA' 54 4
2026-04-29 10:50:22 [DEBUG] PngImagePlugin:204 - STREAM b'pHYs' 70 9
2026-04-29 10:50:22 [DEBUG] PngImagePlugin:204 - STREAM b'IDAT' 91 65445
2026-04-29 10:50:22 [DEBUG] PngImagePlugin:204 - STREAM b'IHDR' 16 13
2026-04-29 10:50:22 [DEBUG] PngImagePlugin:204 - STREAM b'sRGB' 41 1
2026-04-29 10:50:22 [DEBUG] PngImagePlugin:204 - STREAM b'gAMA' 54 4
2026-04-29 10:50:22 [DEBUG] PngImagePlugin:204 - STREAM b'pHYs' 70 9
2026-04-29 10:50:22 [DEBUG] PngImagePlugin:204 - STREAM b'IDAT' 91 65445
2026-04-29 10:50:24 [INFO] Traceability:79 - ======================================================================
2026-04-29 10:50:24 [INFO] Traceability:80 - 🔄 LOGGING CONFIGURADO - INICIO DE APLICACIÓN
2026-04-29 10:50:24 [INFO] Traceability:81 - 📁 Archivo diario: logs/server_20260429.log
2026-04-29 10:50:24 [INFO] Traceability:82 - 📁 Archivo general: logs/server.log
2026-04-29 10:50:24 [INFO] Traceability:83 - 📅 Fecha: 2026-04-29 10:50:24
2026-04-29 10:50:24 [INFO] Traceability:84 - ======================================================================
2026-04-29 10:50:24 [DEBUG] Image:421 - Importing PngImagePlugin
2026-04-29 10:50:24 [DEBUG] PngImagePlugin:204 - STREAM b'IHDR' 16 13
2026-04-29 10:50:24 [DEBUG] PngImagePlugin:204 - STREAM b'IDAT' 41 8192
2026-04-29 10:50:24 [DEBUG] PngImagePlugin:204 - STREAM b'IHDR' 16 13
2026-04-29 10:50:24 [DEBUG] PngImagePlugin:204 - STREAM b'IDAT' 41 8192
2026-04-29 10:50:24 [DEBUG] PngImagePlugin:204 - STREAM b'IHDR' 16 13
2026-04-29 10:50:24 [DEBUG] PngImagePlugin:204 - STREAM b'IDAT' 41 8192
2026-04-29 10:50:24 [DEBUG] PngImagePlugin:204 - STREAM b'IHDR' 16 13
2026-04-29 10:50:24 [DEBUG] PngImagePlugin:204 - STREAM b'IDAT' 41 8192
2026-04-29 10:50:24 [DEBUG] PngImagePlugin:204 - STREAM b'IHDR' 16 13
2026-04-29 10:50:24 [DEBUG] PngImagePlugin:204 - STREAM b'IDAT' 41 8192
2026-04-29 10:50:24 [DEBUG] PngImagePlugin:204 - STREAM b'IHDR' 16 13
2026-04-29 10:50:24 [DEBUG] PngImagePlugin:204 - STREAM b'IDAT' 41 8192
2026-04-29 10:50:24 [DEBUG] PngImagePlugin:204 - STREAM b'IHDR' 16 13
2026-04-29 10:50:24 [DEBUG] PngImagePlugin:204 - STREAM b'pHYs' 41 9
2026-04-29 10:50:24 [DEBUG] PngImagePlugin:204 - STREAM b'tEXt' 62 25
2026-04-29 10:50:24 [DEBUG] PngImagePlugin:204 - STREAM b'IDAT' 99 8192
2026-04-29 10:50:24 [DEBUG] PngImagePlugin:204 - STREAM b'IHDR' 16 13
2026-04-29 10:50:24 [DEBUG] PngImagePlugin:204 - STREAM b'pHYs' 41 9
2026-04-29 10:50:24 [DEBUG] PngImagePlugin:204 - STREAM b'tEXt' 62 25
2026-04-29 10:50:24 [DEBUG] PngImagePlugin:204 - STREAM b'IDAT' 99 8192
2026-04-29 10:50:24 [DEBUG] PngImagePlugin:204 - STREAM b'IHDR' 16 13
2026-04-29 10:50:24 [DEBUG] PngImagePlugin:204 - STREAM b'IDAT' 41 8192
2026-04-29 10:50:24 [DEBUG] PngImagePlugin:204 - STREAM b'IHDR' 16 13
2026-04-29 10:50:24 [DEBUG] PngImagePlugin:204 - STREAM b'IDAT' 41 8192
2026-04-29 10:50:24 [DEBUG] PngImagePlugin:204 - STREAM b'IHDR' 16 13
2026-04-29 10:50:24 [DEBUG] PngImagePlugin:204 - STREAM b'sRGB' 41 1
2026-04-29 10:50:24 [DEBUG] PngImagePlugin:204 - STREAM b'gAMA' 54 4
2026-04-29 10:50:24 [DEBUG] PngImagePlugin:204 - STREAM b'pHYs' 70 9
2026-04-29 10:50:24 [DEBUG] PngImagePlugin:204 - STREAM b'IDAT' 91 65445
2026-04-29 10:50:24 [DEBUG] PngImagePlugin:204 - STREAM b'IHDR' 16 13
2026-04-29 10:50:24 [DEBUG] PngImagePlugin:204 - STREAM b'sRGB' 41 1
2026-04-29 10:50:24 [DEBUG] PngImagePlugin:204 - STREAM b'gAMA' 54 4
2026-04-29 10:50:24 [DEBUG] PngImagePlugin:204 - STREAM b'pHYs' 70 9
2026-04-29 10:50:24 [DEBUG] PngImagePlugin:204 - STREAM b'IDAT' 91 65445
2026-04-29 10:50:32 [INFO] Traceability:79 - ======================================================================
2026-04-29 10:50:32 [INFO] Traceability:80 - 🔄 LOGGING CONFIGURADO - INICIO DE APLICACIÓN
2026-04-29 10:50:32 [INFO] Traceability:81 - 📁 Archivo diario: logs/server_20260429.log
2026-04-29 10:50:32 [INFO] Traceability:82 - 📁 Archivo general: logs/server.log
2026-04-29 10:50:32 [INFO] Traceability:83 - 📅 Fecha: 2026-04-29 10:50:32
2026-04-29 10:50:32 [INFO] Traceability:84 - ======================================================================
2026-04-29 10:50:33 [DEBUG] Image:421 - Importing PngImagePlugin
2026-04-29 10:50:33 [DEBUG] PngImagePlugin:204 - STREAM b'IHDR' 16 13
2026-04-29 10:50:33 [DEBUG] PngImagePlugin:204 - STREAM b'IDAT' 41 8192
2026-04-29 10:50:33 [DEBUG] PngImagePlugin:204 - STREAM b'IHDR' 16 13
2026-04-29 10:50:33 [DEBUG] PngImagePlugin:204 - STREAM b'IDAT' 41 8192
2026-04-29 10:50:33 [DEBUG] PngImagePlugin:204 - STREAM b'IHDR' 16 13
2026-04-29 10:50:33 [DEBUG] PngImagePlugin:204 - STREAM b'IDAT' 41 8192
2026-04-29 10:50:33 [DEBUG] PngImagePlugin:204 - STREAM b'IHDR' 16 13
2026-04-29 10:50:33 [DEBUG] PngImagePlugin:204 - STREAM b'IDAT' 41 8192
2026-04-29 10:50:33 [DEBUG] PngImagePlugin:204 - STREAM b'IHDR' 16 13
2026-04-29 10:50:33 [DEBUG] PngImagePlugin:204 - STREAM b'IDAT' 41 8192
2026-04-29 10:50:33 [DEBUG] PngImagePlugin:204 - STREAM b'IHDR' 16 13
2026-04-29 10:50:33 [DEBUG] PngImagePlugin:204 - STREAM b'IDAT' 41 8192
2026-04-29 10:50:33 [DEBUG] PngImagePlugin:204 - STREAM b'IHDR' 16 13
2026-04-29 10:50:33 [DEBUG] PngImagePlugin:204 - STREAM b'pHYs' 41 9
2026-04-29 10:50:33 [DEBUG] PngImagePlugin:204 - STREAM b'tEXt' 62 25
2026-04-29 10:50:33 [DEBUG] PngImagePlugin:204 - STREAM b'IDAT' 99 8192
2026-04-29 10:50:33 [DEBUG] PngImagePlugin:204 - STREAM b'IHDR' 16 13
2026-04-29 10:50:33 [DEBUG] PngImagePlugin:204 - STREAM b'pHYs' 41 9
2026-04-29 10:50:33 [DEBUG] PngImagePlugin:204 - STREAM b'tEXt' 62 25
2026-04-29 10:50:33 [DEBUG] PngImagePlugin:204 - STREAM b'IDAT' 99 8192
2026-04-29 10:50:33 [DEBUG] PngImagePlugin:204 - STREAM b'IHDR' 16 13
2026-04-29 10:50:33 [DEBUG] PngImagePlugin:204 - STREAM b'IDAT' 41 8192
2026-04-29 10:50:33 [DEBUG] PngImagePlugin:204 - STREAM b'IHDR' 16 13
2026-04-29 10:50:33 [DEBUG] PngImagePlugin:204 - STREAM b'IDAT' 41 8192
2026-04-29 10:50:33 [DEBUG] PngImagePlugin:204 - STREAM b'IHDR' 16 13
2026-04-29 10:50:33 [DEBUG] PngImagePlugin:204 - STREAM b'sRGB' 41 1
2026-04-29 10:50:33 [DEBUG] PngImagePlugin:204 - STREAM b'gAMA' 54 4
2026-04-29 10:50:33 [DEBUG] PngImagePlugin:204 - STREAM b'pHYs' 70 9
2026-04-29 10:50:33 [DEBUG] PngImagePlugin:204 - STREAM b'IDAT' 91 65445
2026-04-29 10:50:33 [DEBUG] PngImagePlugin:204 - STREAM b'IHDR' 16 13
2026-04-29 10:50:33 [DEBUG] PngImagePlugin:204 - STREAM b'sRGB' 41 1
2026-04-29 10:50:33 [DEBUG] PngImagePlugin:204 - STREAM b'gAMA' 54 4
2026-04-29 10:50:33 [DEBUG] PngImagePlugin:204 - STREAM b'pHYs' 70 9
2026-04-29 10:50:33 [DEBUG] PngImagePlugin:204 - STREAM b'IDAT' 91 65445
2026-04-29 11:13:40 [INFO] Traceability:79 - ======================================================================
2026-04-29 11:13:40 [INFO] Traceability:80 - 🔄 LOGGING CONFIGURADO - INICIO DE APLICACIÓN
2026-04-29 11:13:40 [INFO] Traceability:81 - 📁 Archivo diario: logs/server_20260429.log
2026-04-29 11:13:40 [INFO] Traceability:82 - 📁 Archivo general: logs/server.log
2026-04-29 11:13:40 [INFO] Traceability:83 - 📅 Fecha: 2026-04-29 11:13:40
2026-04-29 11:13:40 [INFO] Traceability:84 - ======================================================================
2026-04-29 11:13:40 [DEBUG] Image:421 - Importing PngImagePlugin
2026-04-29 11:13:40 [DEBUG] PngImagePlugin:204 - STREAM b'IHDR' 16 13
2026-04-29 11:13:40 [DEBUG] PngImagePlugin:204 - STREAM b'IDAT' 41 8192
2026-04-29 11:13:40 [DEBUG] PngImagePlugin:204 - STREAM b'IHDR' 16 13
2026-04-29 11:13:40 [DEBUG] PngImagePlugin:204 - STREAM b'IDAT' 41 8192
2026-04-29 11:13:40 [DEBUG] PngImagePlugin:204 - STREAM b'IHDR' 16 13
2026-04-29 11:13:40 [DEBUG] PngImagePlugin:204 - STREAM b'IDAT' 41 8192
2026-04-29 11:13:40 [DEBUG] PngImagePlugin:204 - STREAM b'IHDR' 16 13
2026-04-29 11:13:40 [DEBUG] PngImagePlugin:204 - STREAM b'IDAT' 41 8192
2026-04-29 11:13:40 [DEBUG] PngImagePlugin:204 - STREAM b'IHDR' 16 13
2026-04-29 11:13:40 [DEBUG] PngImagePlugin:204 - STREAM b'IDAT' 41 8192
2026-04-29 11:13:40 [DEBUG] PngImagePlugin:204 - STREAM b'IHDR' 16 13
2026-04-29 11:13:40 [DEBUG] PngImagePlugin:204 - STREAM b'IDAT' 41 8192
2026-04-29 11:13:40 [DEBUG] PngImagePlugin:204 - STREAM b'IHDR' 16 13
2026-04-29 11:13:40 [DEBUG] PngImagePlugin:204 - STREAM b'pHYs' 41 9
2026-04-29 11:13:40 [DEBUG] PngImagePlugin:204 - STREAM b'tEXt' 62 25
2026-04-29 11:13:40 [DEBUG] PngImagePlugin:204 - STREAM b'IDAT' 99 8192
2026-04-29 11:13:40 [DEBUG] PngImagePlugin:204 - STREAM b'IHDR' 16 13
2026-04-29 11:13:40 [DEBUG] PngImagePlugin:204 - STREAM b'pHYs' 41 9
2026-04-29 11:13:40 [DEBUG] PngImagePlugin:204 - STREAM b'tEXt' 62 25
2026-04-29 11:13:40 [DEBUG] PngImagePlugin:204 - STREAM b'IDAT' 99 8192
2026-04-29 11:13:40 [DEBUG] PngImagePlugin:204 - STREAM b'IHDR' 16 13
2026-04-29 11:13:40 [DEBUG] PngImagePlugin:204 - STREAM b'IDAT' 41 8192
2026-04-29 11:13:40 [DEBUG] PngImagePlugin:204 - STREAM b'IHDR' 16 13
2026-04-29 11:13:40 [DEBUG] PngImagePlugin:204 - STREAM b'IDAT' 41 8192
2026-04-29 11:13:40 [DEBUG] PngImagePlugin:204 - STREAM b'IHDR' 16 13
2026-04-29 11:13:40 [DEBUG] PngImagePlugin:204 - STREAM b'sRGB' 41 1
2026-04-29 11:13:40 [DEBUG] PngImagePlugin:204 - STREAM b'gAMA' 54 4
2026-04-29 11:13:40 [DEBUG] PngImagePlugin:204 - STREAM b'pHYs' 70 9
2026-04-29 11:13:40 [DEBUG] PngImagePlugin:204 - STREAM b'IDAT' 91 65445
2026-04-29 11:13:40 [DEBUG] PngImagePlugin:204 - STREAM b'IHDR' 16 13
2026-04-29 11:13:40 [DEBUG] PngImagePlugin:204 - STREAM b'sRGB' 41 1
2026-04-29 11:13:40 [DEBUG] PngImagePlugin:204 - STREAM b'gAMA' 54 4
2026-04-29 11:13:40 [DEBUG] PngImagePlugin:204 - STREAM b'pHYs' 70 9
2026-04-29 11:13:40 [DEBUG] PngImagePlugin:204 - STREAM b'IDAT' 91 65445
2026-04-29 11:35:48 [INFO] Traceability:79 - ======================================================================
2026-04-29 11:35:48 [INFO] Traceability:80 - 🔄 LOGGING CONFIGURADO - INICIO DE APLICACIÓN
2026-04-29 11:35:48 [INFO] Traceability:81 - 📁 Archivo diario: logs/server_20260429.log
2026-04-29 11:35:48 [INFO] Traceability:82 - 📁 Archivo general: logs/server.log
2026-04-29 11:35:48 [INFO] Traceability:83 - 📅 Fecha: 2026-04-29 11:35:48
2026-04-29 11:35:48 [INFO] Traceability:84 - ======================================================================
2026-04-29 11:35:48 [DEBUG] Image:421 - Importing PngImagePlugin
2026-04-29 11:35:48 [DEBUG] PngImagePlugin:204 - STREAM b'IHDR' 16 13
2026-04-29 11:35:48 [DEBUG] PngImagePlugin:204 - STREAM b'IDAT' 41 8192
2026-04-29 11:35:48 [DEBUG] PngImagePlugin:204 - STREAM b'IHDR' 16 13
2026-04-29 11:35:48 [DEBUG] PngImagePlugin:204 - STREAM b'IDAT' 41 8192
2026-04-29 11:35:48 [DEBUG] PngImagePlugin:204 - STREAM b'IHDR' 16 13
2026-04-29 11:35:48 [DEBUG] PngImagePlugin:204 - STREAM b'IDAT' 41 8192
2026-04-29 11:35:48 [DEBUG] PngImagePlugin:204 - STREAM b'IHDR' 16 13
2026-04-29 11:35:48 [DEBUG] PngImagePlugin:204 - STREAM b'IDAT' 41 8192
2026-04-29 11:35:48 [DEBUG] PngImagePlugin:204 - STREAM b'IHDR' 16 13
2026-04-29 11:35:48 [DEBUG] PngImagePlugin:204 - STREAM b'IDAT' 41 8192
2026-04-29 11:35:48 [DEBUG] PngImagePlugin:204 - STREAM b'IHDR' 16 13
2026-04-29 11:35:48 [DEBUG] PngImagePlugin:204 - STREAM b'IDAT' 41 8192
2026-04-29 11:35:48 [DEBUG] PngImagePlugin:204 - STREAM b'IHDR' 16 13
2026-04-29 11:35:48 [DEBUG] PngImagePlugin:204 - STREAM b'pHYs' 41 9
2026-04-29 11:35:48 [DEBUG] PngImagePlugin:204 - STREAM b'tEXt' 62 25
2026-04-29 11:35:48 [DEBUG] PngImagePlugin:204 - STREAM b'IDAT' 99 8192
2026-04-29 11:35:48 [DEBUG] PngImagePlugin:204 - STREAM b'IHDR' 16 13
2026-04-29 11:35:48 [DEBUG] PngImagePlugin:204 - STREAM b'pHYs' 41 9
2026-04-29 11:35:48 [DEBUG] PngImagePlugin:204 - STREAM b'tEXt' 62 25
2026-04-29 11:35:48 [DEBUG] PngImagePlugin:204 - STREAM b'IDAT' 99 8192
2026-04-29 11:35:48 [DEBUG] PngImagePlugin:204 - STREAM b'IHDR' 16 13
2026-04-29 11:35:48 [DEBUG] PngImagePlugin:204 - STREAM b'IDAT' 41 8192
2026-04-29 11:35:48 [DEBUG] PngImagePlugin:204 - STREAM b'IHDR' 16 13
2026-04-29 11:35:48 [DEBUG] PngImagePlugin:204 - STREAM b'IDAT' 41 8192
2026-04-29 11:35:48 [DEBUG] PngImagePlugin:204 - STREAM b'IHDR' 16 13
2026-04-29 11:35:48 [DEBUG] PngImagePlugin:204 - STREAM b'sRGB' 41 1
2026-04-29 11:35:48 [DEBUG] PngImagePlugin:204 - STREAM b'gAMA' 54 4
2026-04-29 11:35:48 [DEBUG] PngImagePlugin:204 - STREAM b'pHYs' 70 9
2026-04-29 11:35:48 [DEBUG] PngImagePlugin:204 - STREAM b'IDAT' 91 65445
2026-04-29 11:35:48 [DEBUG] PngImagePlugin:204 - STREAM b'IHDR' 16 13
2026-04-29 11:35:48 [DEBUG] PngImagePlugin:204 - STREAM b'sRGB' 41 1
2026-04-29 11:35:48 [DEBUG] PngImagePlugin:204 - STREAM b'gAMA' 54 4
2026-04-29 11:35:48 [DEBUG] PngImagePlugin:204 - STREAM b'pHYs' 70 9
2026-04-29 11:35:48 [DEBUG] PngImagePlugin:204 - STREAM b'IDAT' 91 65445
2026-04-29 11:38:12 [INFO] Traceability:78 - ======================================================================
2026-04-29 11:38:12 [INFO] Traceability:79 - 🔄 LOGGING CONFIGURADO - INICIO DE APLICACIÓN
2026-04-29 11:38:12 [INFO] Traceability:80 - 📁 Archivo diario: logs/server_20260429.log
2026-04-29 11:38:12 [INFO] Traceability:81 - 📁 Archivo general: logs/server.log
2026-04-29 11:38:12 [INFO] Traceability:82 - 📅 Fecha: 2026-04-29 11:38:12
2026-04-29 11:38:12 [INFO] Traceability:83 - ======================================================================
2026-04-29 11:38:12 [DEBUG] Image:421 - Importing PngImagePlugin
2026-04-29 11:38:12 [DEBUG] PngImagePlugin:204 - STREAM b'IHDR' 16 13
2026-04-29 11:38:12 [DEBUG] PngImagePlugin:204 - STREAM b'IDAT' 41 8192
2026-04-29 11:38:12 [DEBUG] PngImagePlugin:204 - STREAM b'IHDR' 16 13
2026-04-29 11:38:12 [DEBUG] PngImagePlugin:204 - STREAM b'IDAT' 41 8192
2026-04-29 11:38:12 [DEBUG] PngImagePlugin:204 - STREAM b'IHDR' 16 13
2026-04-29 11:38:12 [DEBUG] PngImagePlugin:204 - STREAM b'IDAT' 41 8192
2026-04-29 11:38:12 [DEBUG] PngImagePlugin:204 - STREAM b'IHDR' 16 13
2026-04-29 11:38:12 [DEBUG] PngImagePlugin:204 - STREAM b'IDAT' 41 8192
2026-04-29 11:38:12 [DEBUG] PngImagePlugin:204 - STREAM b'IHDR' 16 13
2026-04-29 11:38:12 [DEBUG] PngImagePlugin:204 - STREAM b'IDAT' 41 8192
2026-04-29 11:38:12 [DEBUG] PngImagePlugin:204 - STREAM b'IHDR' 16 13
2026-04-29 11:38:12 [DEBUG] PngImagePlugin:204 - STREAM b'IDAT' 41 8192
2026-04-29 11:38:12 [DEBUG] PngImagePlugin:204 - STREAM b'IHDR' 16 13
2026-04-29 11:38:12 [DEBUG] PngImagePlugin:204 - STREAM b'pHYs' 41 9
2026-04-29 11:38:12 [DEBUG] PngImagePlugin:204 - STREAM b'tEXt' 62 25
2026-04-29 11:38:12 [DEBUG] PngImagePlugin:204 - STREAM b'IDAT' 99 8192
2026-04-29 11:38:12 [DEBUG] PngImagePlugin:204 - STREAM b'IHDR' 16 13
2026-04-29 11:38:12 [DEBUG] PngImagePlugin:204 - STREAM b'pHYs' 41 9
2026-04-29 11:38:12 [DEBUG] PngImagePlugin:204 - STREAM b'tEXt' 62 25
2026-04-29 11:38:12 [DEBUG] PngImagePlugin:204 - STREAM b'IDAT' 99 8192
2026-04-29 11:38:12 [DEBUG] PngImagePlugin:204 - STREAM b'IHDR' 16 13
2026-04-29 11:38:12 [DEBUG] PngImagePlugin:204 - STREAM b'IDAT' 41 8192
2026-04-29 11:38:12 [DEBUG] PngImagePlugin:204 - STREAM b'IHDR' 16 13
2026-04-29 11:38:12 [DEBUG] PngImagePlugin:204 - STREAM b'IDAT' 41 8192
2026-04-29 11:38:12 [DEBUG] PngImagePlugin:204 - STREAM b'IHDR' 16 13
2026-04-29 11:38:12 [DEBUG] PngImagePlugin:204 - STREAM b'sRGB' 41 1
2026-04-29 11:38:12 [DEBUG] PngImagePlugin:204 - STREAM b'gAMA' 54 4
2026-04-29 11:38:12 [DEBUG] PngImagePlugin:204 - STREAM b'pHYs' 70 9
2026-04-29 11:38:12 [DEBUG] PngImagePlugin:204 - STREAM b'IDAT' 91 65445
2026-04-29 11:38:12 [DEBUG] PngImagePlugin:204 - STREAM b'IHDR' 16 13
2026-04-29 11:38:12 [DEBUG] PngImagePlugin:204 - STREAM b'sRGB' 41 1
2026-04-29 11:38:12 [DEBUG] PngImagePlugin:204 - STREAM b'gAMA' 54 4
2026-04-29 11:38:12 [DEBUG] PngImagePlugin:204 - STREAM b'pHYs' 70 9
2026-04-29 11:38:12 [DEBUG] PngImagePlugin:204 - STREAM b'IDAT' 91 65445
2026-04-29 12:02:09 [INFO] Traceability:70 - ======================================================================
2026-04-29 12:02:09 [INFO] Traceability:71 - 🔄 LOGGING CONFIGURADO - INICIO DE APLICACIÓN
2026-04-29 12:02:09 [INFO] Traceability:72 - 📁 Archivo diario: logs/server_20260429.log
2026-04-29 12:02:09 [INFO] Traceability:73 - 📁 Archivo general: logs/server.log
2026-04-29 12:02:09 [INFO] Traceability:74 - 📅 Fecha: 2026-04-29 12:02:09
2026-04-29 12:02:09 [INFO] Traceability:75 - ======================================================================
2026-04-29 12:02:09 [DEBUG] Image:421 - Importing PngImagePlugin
2026-04-29 12:02:09 [DEBUG] PngImagePlugin:204 - STREAM b'IHDR' 16 13
2026-04-29 12:02:09 [DEBUG] PngImagePlugin:204 - STREAM b'IDAT' 41 8192
2026-04-29 12:02:09 [DEBUG] PngImagePlugin:204 - STREAM b'IHDR' 16 13
2026-04-29 12:02:09 [DEBUG] PngImagePlugin:204 - STREAM b'IDAT' 41 8192
2026-04-29 12:02:09 [DEBUG] PngImagePlugin:204 - STREAM b'IHDR' 16 13
2026-04-29 12:02:09 [DEBUG] PngImagePlugin:204 - STREAM b'IDAT' 41 8192
2026-04-29 12:02:09 [DEBUG] PngImagePlugin:204 - STREAM b'IHDR' 16 13
2026-04-29 12:02:09 [DEBUG] PngImagePlugin:204 - STREAM b'IDAT' 41 8192
2026-04-29 12:02:09 [DEBUG] PngImagePlugin:204 - STREAM b'IHDR' 16 13
2026-04-29 12:02:09 [DEBUG] PngImagePlugin:204 - STREAM b'IDAT' 41 8192
2026-04-29 12:02:09 [DEBUG] PngImagePlugin:204 - STREAM b'IHDR' 16 13
2026-04-29 12:02:09 [DEBUG] PngImagePlugin:204 - STREAM b'IDAT' 41 8192
2026-04-29 12:02:09 [DEBUG] PngImagePlugin:204 - STREAM b'IHDR' 16 13
2026-04-29 12:02:09 [DEBUG] PngImagePlugin:204 - STREAM b'pHYs' 41 9
2026-04-29 12:02:09 [DEBUG] PngImagePlugin:204 - STREAM b'tEXt' 62 25
2026-04-29 12:02:09 [DEBUG] PngImagePlugin:204 - STREAM b'IDAT' 99 8192
2026-04-29 12:02:09 [DEBUG] PngImagePlugin:204 - STREAM b'IHDR' 16 13
2026-04-29 12:02:09 [DEBUG] PngImagePlugin:204 - STREAM b'pHYs' 41 9
2026-04-29 12:02:09 [DEBUG] PngImagePlugin:204 - STREAM b'tEXt' 62 25
2026-04-29 12:02:09 [DEBUG] PngImagePlugin:204 - STREAM b'IDAT' 99 8192
2026-04-29 12:02:09 [DEBUG] PngImagePlugin:204 - STREAM b'IHDR' 16 13
2026-04-29 12:02:09 [DEBUG] PngImagePlugin:204 - STREAM b'IDAT' 41 8192
2026-04-29 12:02:09 [DEBUG] PngImagePlugin:204 - STREAM b'IHDR' 16 13
2026-04-29 12:02:09 [DEBUG] PngImagePlugin:204 - STREAM b'IDAT' 41 8192
2026-04-29 12:02:09 [DEBUG] PngImagePlugin:204 - STREAM b'IHDR' 16 13
2026-04-29 12:02:09 [DEBUG] PngImagePlugin:204 - STREAM b'sRGB' 41 1
2026-04-29 12:02:09 [DEBUG] PngImagePlugin:204 - STREAM b'gAMA' 54 4
2026-04-29 12:02:09 [DEBUG] PngImagePlugin:204 - STREAM b'pHYs' 70 9
2026-04-29 12:02:09 [DEBUG] PngImagePlugin:204 - STREAM b'IDAT' 91 65445
2026-04-29 12:02:09 [DEBUG] PngImagePlugin:204 - STREAM b'IHDR' 16 13
2026-04-29 12:02:09 [DEBUG] PngImagePlugin:204 - STREAM b'sRGB' 41 1
2026-04-29 12:02:09 [DEBUG] PngImagePlugin:204 - STREAM b'gAMA' 54 4
2026-04-29 12:02:09 [DEBUG] PngImagePlugin:204 - STREAM b'pHYs' 70 9
2026-04-29 12:02:09 [DEBUG] PngImagePlugin:204 - STREAM b'IDAT' 91 65445
2026-04-29 12:03:13 [INFO] Traceability:70 - ======================================================================
2026-04-29 12:03:13 [INFO] Traceability:71 - 🔄 LOGGING CONFIGURADO - INICIO DE APLICACIÓN
2026-04-29 12:03:13 [INFO] Traceability:72 - 📁 Archivo diario: logs/server_20260429.log
2026-04-29 12:03:13 [INFO] Traceability:73 - 📁 Archivo general: logs/server.log
2026-04-29 12:03:13 [INFO] Traceability:74 - 📅 Fecha: 2026-04-29 12:03:13
2026-04-29 12:03:13 [INFO] Traceability:75 - ======================================================================
2026-04-29 12:03:13 [DEBUG] Image:421 - Importing PngImagePlugin
2026-04-29 12:03:13 [DEBUG] PngImagePlugin:204 - STREAM b'IHDR' 16 13
2026-04-29 12:03:13 [DEBUG] PngImagePlugin:204 - STREAM b'IDAT' 41 8192
2026-04-29 12:03:13 [DEBUG] PngImagePlugin:204 - STREAM b'IHDR' 16 13
2026-04-29 12:03:13 [DEBUG] PngImagePlugin:204 - STREAM b'IDAT' 41 8192
2026-04-29 12:03:13 [DEBUG] PngImagePlugin:204 - STREAM b'IHDR' 16 13
2026-04-29 12:03:13 [DEBUG] PngImagePlugin:204 - STREAM b'IDAT' 41 8192
2026-04-29 12:03:13 [DEBUG] PngImagePlugin:204 - STREAM b'IHDR' 16 13
2026-04-29 12:03:13 [DEBUG] PngImagePlugin:204 - STREAM b'IDAT' 41 8192
2026-04-29 12:03:13 [DEBUG] PngImagePlugin:204 - STREAM b'IHDR' 16 13
2026-04-29 12:03:13 [DEBUG] PngImagePlugin:204 - STREAM b'IDAT' 41 8192
2026-04-29 12:03:13 [DEBUG] PngImagePlugin:204 - STREAM b'IHDR' 16 13
2026-04-29 12:03:13 [DEBUG] PngImagePlugin:204 - STREAM b'IDAT' 41 8192
2026-04-29 12:03:13 [DEBUG] PngImagePlugin:204 - STREAM b'IHDR' 16 13
2026-04-29 12:03:13 [DEBUG] PngImagePlugin:204 - STREAM b'pHYs' 41 9
2026-04-29 12:03:13 [DEBUG] PngImagePlugin:204 - STREAM b'tEXt' 62 25
2026-04-29 12:03:13 [DEBUG] PngImagePlugin:204 - STREAM b'IDAT' 99 8192
2026-04-29 12:03:13 [DEBUG] PngImagePlugin:204 - STREAM b'IHDR' 16 13
2026-04-29 12:03:13 [DEBUG] PngImagePlugin:204 - STREAM b'pHYs' 41 9
2026-04-29 12:03:13 [DEBUG] PngImagePlugin:204 - STREAM b'tEXt' 62 25
2026-04-29 12:03:13 [DEBUG] PngImagePlugin:204 - STREAM b'IDAT' 99 8192
2026-04-29 12:03:13 [DEBUG] PngImagePlugin:204 - STREAM b'IHDR' 16 13
2026-04-29 12:03:13 [DEBUG] PngImagePlugin:204 - STREAM b'IDAT' 41 8192
2026-04-29 12:03:13 [DEBUG] PngImagePlugin:204 - STREAM b'IHDR' 16 13
2026-04-29 12:03:13 [DEBUG] PngImagePlugin:204 - STREAM b'IDAT' 41 8192
2026-04-29 12:03:13 [DEBUG] PngImagePlugin:204 - STREAM b'IHDR' 16 13
2026-04-29 12:03:13 [DEBUG] PngImagePlugin:204 - STREAM b'sRGB' 41 1
2026-04-29 12:03:13 [DEBUG] PngImagePlugin:204 - STREAM b'gAMA' 54 4
2026-04-29 12:03:13 [DEBUG] PngImagePlugin:204 - STREAM b'pHYs' 70 9
2026-04-29 12:03:13 [DEBUG] PngImagePlugin:204 - STREAM b'IDAT' 91 65445
2026-04-29 12:03:13 [DEBUG] PngImagePlugin:204 - STREAM b'IHDR' 16 13
2026-04-29 12:03:13 [DEBUG] PngImagePlugin:204 - STREAM b'sRGB' 41 1
2026-04-29 12:03:13 [DEBUG] PngImagePlugin:204 - STREAM b'gAMA' 54 4
2026-04-29 12:03:13 [DEBUG] PngImagePlugin:204 - STREAM b'pHYs' 70 9
2026-04-29 12:03:13 [DEBUG] PngImagePlugin:204 - STREAM b'IDAT' 91 65445
2026-04-29 12:08:14 [INFO] Traceability:70 - ======================================================================
2026-04-29 12:08:14 [INFO] Traceability:71 - 🔄 LOGGING CONFIGURADO - INICIO DE APLICACIÓN
2026-04-29 12:08:14 [INFO] Traceability:72 - 📁 Archivo diario: logs/server_20260429.log
2026-04-29 12:08:14 [INFO] Traceability:73 - 📁 Archivo general: logs/server.log
2026-04-29 12:08:14 [INFO] Traceability:74 - 📅 Fecha: 2026-04-29 12:08:14
2026-04-29 12:08:14 [INFO] Traceability:75 - ======================================================================
2026-04-29 12:08:15 [DEBUG] Image:421 - Importing PngImagePlugin
2026-04-29 12:08:15 [DEBUG] PngImagePlugin:204 - STREAM b'IHDR' 16 13
2026-04-29 12:08:15 [DEBUG] PngImagePlugin:204 - STREAM b'IDAT' 41 8192
2026-04-29 12:08:15 [DEBUG] PngImagePlugin:204 - STREAM b'IHDR' 16 13
2026-04-29 12:08:15 [DEBUG] PngImagePlugin:204 - STREAM b'IDAT' 41 8192
2026-04-29 12:08:15 [DEBUG] PngImagePlugin:204 - STREAM b'IHDR' 16 13
2026-04-29 12:08:15 [DEBUG] PngImagePlugin:204 - STREAM b'IDAT' 41 8192
2026-04-29 12:08:15 [DEBUG] PngImagePlugin:204 - STREAM b'IHDR' 16 13
2026-04-29 12:08:15 [DEBUG] PngImagePlugin:204 - STREAM b'IDAT' 41 8192
2026-04-29 12:08:15 [DEBUG] PngImagePlugin:204 - STREAM b'IHDR' 16 13
2026-04-29 12:08:15 [DEBUG] PngImagePlugin:204 - STREAM b'IDAT' 41 8192
2026-04-29 12:08:15 [DEBUG] PngImagePlugin:204 - STREAM b'IHDR' 16 13
2026-04-29 12:08:15 [DEBUG] PngImagePlugin:204 - STREAM b'IDAT' 41 8192
2026-04-29 12:08:15 [DEBUG] PngImagePlugin:204 - STREAM b'IHDR' 16 13
2026-04-29 12:08:15 [DEBUG] PngImagePlugin:204 - STREAM b'pHYs' 41 9
2026-04-29 12:08:15 [DEBUG] PngImagePlugin:204 - STREAM b'tEXt' 62 25
2026-04-29 12:08:15 [DEBUG] PngImagePlugin:204 - STREAM b'IDAT' 99 8192
2026-04-29 12:08:15 [DEBUG] PngImagePlugin:204 - STREAM b'IHDR' 16 13
2026-04-29 12:08:15 [DEBUG] PngImagePlugin:204 - STREAM b'pHYs' 41 9
2026-04-29 12:08:15 [DEBUG] PngImagePlugin:204 - STREAM b'tEXt' 62 25
2026-04-29 12:08:15 [DEBUG] PngImagePlugin:204 - STREAM b'IDAT' 99 8192
2026-04-29 12:08:15 [DEBUG] PngImagePlugin:204 - STREAM b'IHDR' 16 13
2026-04-29 12:08:15 [DEBUG] PngImagePlugin:204 - STREAM b'IDAT' 41 8192
2026-04-29 12:08:15 [DEBUG] PngImagePlugin:204 - STREAM b'IHDR' 16 13
2026-04-29 12:08:15 [DEBUG] PngImagePlugin:204 - STREAM b'IDAT' 41 8192
2026-04-29 12:08:15 [DEBUG] PngImagePlugin:204 - STREAM b'IHDR' 16 13
2026-04-29 12:08:15 [DEBUG] PngImagePlugin:204 - STREAM b'sRGB' 41 1
2026-04-29 12:08:15 [DEBUG] PngImagePlugin:204 - STREAM b'gAMA' 54 4
2026-04-29 12:08:15 [DEBUG] PngImagePlugin:204 - STREAM b'pHYs' 70 9
2026-04-29 12:08:15 [DEBUG] PngImagePlugin:204 - STREAM b'IDAT' 91 65445
2026-04-29 12:08:15 [DEBUG] PngImagePlugin:204 - STREAM b'IHDR' 16 13
2026-04-29 12:08:15 [DEBUG] PngImagePlugin:204 - STREAM b'sRGB' 41 1
2026-04-29 12:08:15 [DEBUG] PngImagePlugin:204 - STREAM b'gAMA' 54 4
2026-04-29 12:08:15 [DEBUG] PngImagePlugin:204 - STREAM b'pHYs' 70 9
2026-04-29 12:08:15 [DEBUG] PngImagePlugin:204 - STREAM b'IDAT' 91 65445
2026-04-29 12:09:14 [INFO] Traceability:70 - ======================================================================
2026-04-29 12:09:14 [INFO] Traceability:71 - 🔄 LOGGING CONFIGURADO - INICIO DE APLICACIÓN
2026-04-29 12:09:14 [INFO] Traceability:72 - 📁 Archivo diario: logs/server_20260429.log
2026-04-29 12:09:14 [INFO] Traceability:73 - 📁 Archivo general: logs/server.log
2026-04-29 12:09:14 [INFO] Traceability:74 - 📅 Fecha: 2026-04-29 12:09:14
2026-04-29 12:09:14 [INFO] Traceability:75 - ======================================================================
2026-04-29 12:09:14 [DEBUG] Image:421 - Importing PngImagePlugin
2026-04-29 12:09:14 [DEBUG] PngImagePlugin:204 - STREAM b'IHDR' 16 13
2026-04-29 12:09:14 [DEBUG] PngImagePlugin:204 - STREAM b'IDAT' 41 8192
2026-04-29 12:09:14 [DEBUG] PngImagePlugin:204 - STREAM b'IHDR' 16 13
2026-04-29 12:09:14 [DEBUG] PngImagePlugin:204 - STREAM b'IDAT' 41 8192
2026-04-29 12:09:14 [DEBUG] PngImagePlugin:204 - STREAM b'IHDR' 16 13
2026-04-29 12:09:14 [DEBUG] PngImagePlugin:204 - STREAM b'IDAT' 41 8192
2026-04-29 12:09:14 [DEBUG] PngImagePlugin:204 - STREAM b'IHDR' 16 13
2026-04-29 12:09:14 [DEBUG] PngImagePlugin:204 - STREAM b'IDAT' 41 8192
2026-04-29 12:09:14 [DEBUG] PngImagePlugin:204 - STREAM b'IHDR' 16 13
2026-04-29 12:09:14 [DEBUG] PngImagePlugin:204 - STREAM b'IDAT' 41 8192
2026-04-29 12:09:14 [DEBUG] PngImagePlugin:204 - STREAM b'IHDR' 16 13
2026-04-29 12:09:14 [DEBUG] PngImagePlugin:204 - STREAM b'IDAT' 41 8192
2026-04-29 12:09:14 [DEBUG] PngImagePlugin:204 - STREAM b'IHDR' 16 13
2026-04-29 12:09:14 [DEBUG] PngImagePlugin:204 - STREAM b'pHYs' 41 9
2026-04-29 12:09:14 [DEBUG] PngImagePlugin:204 - STREAM b'tEXt' 62 25
2026-04-29 12:09:14 [DEBUG] PngImagePlugin:204 - STREAM b'IDAT' 99 8192
2026-04-29 12:09:14 [DEBUG] PngImagePlugin:204 - STREAM b'IHDR' 16 13
2026-04-29 12:09:14 [DEBUG] PngImagePlugin:204 - STREAM b'pHYs' 41 9
2026-04-29 12:09:14 [DEBUG] PngImagePlugin:204 - STREAM b'tEXt' 62 25
2026-04-29 12:09:14 [DEBUG] PngImagePlugin:204 - STREAM b'IDAT' 99 8192
2026-04-29 12:09:14 [DEBUG] PngImagePlugin:204 - STREAM b'IHDR' 16 13
2026-04-29 12:09:14 [DEBUG] PngImagePlugin:204 - STREAM b'IDAT' 41 8192
2026-04-29 12:09:14 [DEBUG] PngImagePlugin:204 - STREAM b'IHDR' 16 13
2026-04-29 12:09:14 [DEBUG] PngImagePlugin:204 - STREAM b'IDAT' 41 8192
2026-04-29 12:09:14 [DEBUG] PngImagePlugin:204 - STREAM b'IHDR' 16 13
2026-04-29 12:09:14 [DEBUG] PngImagePlugin:204 - STREAM b'sRGB' 41 1
2026-04-29 12:09:14 [DEBUG] PngImagePlugin:204 - STREAM b'gAMA' 54 4
2026-04-29 12:09:14 [DEBUG] PngImagePlugin:204 - STREAM b'pHYs' 70 9
2026-04-29 12:09:14 [DEBUG] PngImagePlugin:204 - STREAM b'IDAT' 91 65445
2026-04-29 12:09:14 [DEBUG] PngImagePlugin:204 - STREAM b'IHDR' 16 13
2026-04-29 12:09:14 [DEBUG] PngImagePlugin:204 - STREAM b'sRGB' 41 1
2026-04-29 12:09:14 [DEBUG] PngImagePlugin:204 - STREAM b'gAMA' 54 4
2026-04-29 12:09:14 [DEBUG] PngImagePlugin:204 - STREAM b'pHYs' 70 9
2026-04-29 12:09:14 [DEBUG] PngImagePlugin:204 - STREAM b'IDAT' 91 65445
2026-04-29 13:48:45 [INFO] Traceability:71 - ======================================================================
2026-04-29 13:48:45 [INFO] Traceability:72 - 🔄 LOGGING CONFIGURADO - INICIO DE APLICACIÓN
2026-04-29 13:48:45 [INFO] Traceability:73 - 📁 Archivo diario: logs/server_20260429.log
2026-04-29 13:48:45 [INFO] Traceability:74 - 📁 Archivo general: logs/server.log
2026-04-29 13:48:45 [INFO] Traceability:75 - 📅 Fecha: 2026-04-29 13:48:45
2026-04-29 13:48:45 [INFO] Traceability:76 - ======================================================================
