2026-04-16 13:39:57 [INFO] Traceability:78 - ======================================================================
2026-04-16 13:39:57 [INFO] Traceability:79 - 🔄 LOGGING CONFIGURADO - INICIO DE APLICACIÓN
2026-04-16 13:39:57 [INFO] Traceability:80 - 📁 Archivo diario: logs/server_20260416.log
2026-04-16 13:39:57 [INFO] Traceability:81 - 📁 Archivo general: logs/server.log
2026-04-16 13:39:57 [INFO] Traceability:82 - 📅 Fecha: 2026-04-16 13:39:57
2026-04-16 13:39:57 [INFO] Traceability:83 - ======================================================================
2026-04-16 13:39:57 [DEBUG] Image:421 - Importing PngImagePlugin
2026-04-16 13:39:57 [DEBUG] PngImagePlugin:204 - STREAM b'IHDR' 16 13
2026-04-16 13:39:57 [DEBUG] PngImagePlugin:204 - STREAM b'IDAT' 41 8192
2026-04-16 13:39:57 [DEBUG] PngImagePlugin:204 - STREAM b'IHDR' 16 13
2026-04-16 13:39:57 [DEBUG] PngImagePlugin:204 - STREAM b'IDAT' 41 8192
2026-04-16 13:39:57 [DEBUG] PngImagePlugin:204 - STREAM b'IHDR' 16 13
2026-04-16 13:39:57 [DEBUG] PngImagePlugin:204 - STREAM b'IDAT' 41 8192
2026-04-16 13:39:57 [DEBUG] PngImagePlugin:204 - STREAM b'IHDR' 16 13
2026-04-16 13:39:57 [DEBUG] PngImagePlugin:204 - STREAM b'IDAT' 41 8192
2026-04-16 13:39:57 [DEBUG] PngImagePlugin:204 - STREAM b'IHDR' 16 13
2026-04-16 13:39:57 [DEBUG] PngImagePlugin:204 - STREAM b'IDAT' 41 8192
2026-04-16 13:39:57 [DEBUG] PngImagePlugin:204 - STREAM b'IHDR' 16 13
2026-04-16 13:39:57 [DEBUG] PngImagePlugin:204 - STREAM b'IDAT' 41 8192
2026-04-16 13:39:57 [DEBUG] PngImagePlugin:204 - STREAM b'IHDR' 16 13
2026-04-16 13:39:57 [DEBUG] PngImagePlugin:204 - STREAM b'pHYs' 41 9
2026-04-16 13:39:57 [DEBUG] PngImagePlugin:204 - STREAM b'tEXt' 62 25
2026-04-16 13:39:57 [DEBUG] PngImagePlugin:204 - STREAM b'IDAT' 99 8192
2026-04-16 13:39:57 [DEBUG] PngImagePlugin:204 - STREAM b'IHDR' 16 13
2026-04-16 13:39:57 [DEBUG] PngImagePlugin:204 - STREAM b'pHYs' 41 9
2026-04-16 13:39:57 [DEBUG] PngImagePlugin:204 - STREAM b'tEXt' 62 25
2026-04-16 13:39:57 [DEBUG] PngImagePlugin:204 - STREAM b'IDAT' 99 8192
2026-04-16 13:39:57 [DEBUG] PngImagePlugin:204 - STREAM b'IHDR' 16 13
2026-04-16 13:39:57 [DEBUG] PngImagePlugin:204 - STREAM b'IDAT' 41 8192
2026-04-16 13:39:57 [DEBUG] PngImagePlugin:204 - STREAM b'IHDR' 16 13
2026-04-16 13:39:57 [DEBUG] PngImagePlugin:204 - STREAM b'IDAT' 41 8192
2026-04-16 13:39:57 [DEBUG] PngImagePlugin:204 - STREAM b'IHDR' 16 13
2026-04-16 13:39:57 [DEBUG] PngImagePlugin:204 - STREAM b'sRGB' 41 1
2026-04-16 13:39:57 [DEBUG] PngImagePlugin:204 - STREAM b'gAMA' 54 4
2026-04-16 13:39:57 [DEBUG] PngImagePlugin:204 - STREAM b'pHYs' 70 9
2026-04-16 13:39:57 [DEBUG] PngImagePlugin:204 - STREAM b'IDAT' 91 65445
2026-04-16 13:39:57 [DEBUG] PngImagePlugin:204 - STREAM b'IHDR' 16 13
2026-04-16 13:39:57 [DEBUG] PngImagePlugin:204 - STREAM b'sRGB' 41 1
2026-04-16 13:39:57 [DEBUG] PngImagePlugin:204 - STREAM b'gAMA' 54 4
2026-04-16 13:39:57 [DEBUG] PngImagePlugin:204 - STREAM b'pHYs' 70 9
2026-04-16 13:39:57 [DEBUG] PngImagePlugin:204 - STREAM b'IDAT' 91 65445
2026-04-16 13:42:30 [INFO] Traceability:141 - Cerrando aplicación...
2026-04-16 13:42:30 [INFO] Traceability:158 - Socket principal cerrado.
2026-04-16 13:42:30 [ERROR] Traceability:1318 - Error aceptando conexión: [WinError 10038] Se intentó realizar una operación en un elemento que no es un socket
2026-04-16 13:53:23 [INFO] Traceability:80 - ======================================================================
2026-04-16 13:53:23 [INFO] Traceability:81 - 🔄 LOGGING CONFIGURADO - INICIO DE APLICACIÓN
2026-04-16 13:53:23 [INFO] Traceability:82 - 📁 Archivo diario: logs/server_20260416.log
2026-04-16 13:53:23 [INFO] Traceability:83 - 📁 Archivo general: logs/server.log
2026-04-16 13:53:23 [INFO] Traceability:84 - 📅 Fecha: 2026-04-16 13:53:23
2026-04-16 13:53:23 [INFO] Traceability:85 - ======================================================================
2026-04-16 13:53:24 [DEBUG] Image:421 - Importing PngImagePlugin
2026-04-16 13:53:24 [DEBUG] PngImagePlugin:204 - STREAM b'IHDR' 16 13
2026-04-16 13:53:24 [DEBUG] PngImagePlugin:204 - STREAM b'IDAT' 41 8192
2026-04-16 13:53:24 [DEBUG] PngImagePlugin:204 - STREAM b'IHDR' 16 13
2026-04-16 13:53:24 [DEBUG] PngImagePlugin:204 - STREAM b'IDAT' 41 8192
2026-04-16 13:53:24 [DEBUG] PngImagePlugin:204 - STREAM b'IHDR' 16 13
2026-04-16 13:53:24 [DEBUG] PngImagePlugin:204 - STREAM b'IDAT' 41 8192
2026-04-16 13:53:24 [DEBUG] PngImagePlugin:204 - STREAM b'IHDR' 16 13
2026-04-16 13:53:24 [DEBUG] PngImagePlugin:204 - STREAM b'IDAT' 41 8192
2026-04-16 13:53:24 [DEBUG] PngImagePlugin:204 - STREAM b'IHDR' 16 13
2026-04-16 13:53:24 [DEBUG] PngImagePlugin:204 - STREAM b'IDAT' 41 8192
2026-04-16 13:53:24 [DEBUG] PngImagePlugin:204 - STREAM b'IHDR' 16 13
2026-04-16 13:53:24 [DEBUG] PngImagePlugin:204 - STREAM b'IDAT' 41 8192
2026-04-16 13:53:24 [DEBUG] PngImagePlugin:204 - STREAM b'IHDR' 16 13
2026-04-16 13:53:24 [DEBUG] PngImagePlugin:204 - STREAM b'pHYs' 41 9
2026-04-16 13:53:24 [DEBUG] PngImagePlugin:204 - STREAM b'tEXt' 62 25
2026-04-16 13:53:24 [DEBUG] PngImagePlugin:204 - STREAM b'IDAT' 99 8192
2026-04-16 13:53:24 [DEBUG] PngImagePlugin:204 - STREAM b'IHDR' 16 13
2026-04-16 13:53:24 [DEBUG] PngImagePlugin:204 - STREAM b'pHYs' 41 9
2026-04-16 13:53:24 [DEBUG] PngImagePlugin:204 - STREAM b'tEXt' 62 25
2026-04-16 13:53:24 [DEBUG] PngImagePlugin:204 - STREAM b'IDAT' 99 8192
2026-04-16 13:53:32 [INFO] Traceability:80 - ======================================================================
2026-04-16 13:53:32 [INFO] Traceability:81 - 🔄 LOGGING CONFIGURADO - INICIO DE APLICACIÓN
2026-04-16 13:53:32 [INFO] Traceability:82 - 📁 Archivo diario: logs/server_20260416.log
2026-04-16 13:53:32 [INFO] Traceability:83 - 📁 Archivo general: logs/server.log
2026-04-16 13:53:32 [INFO] Traceability:84 - 📅 Fecha: 2026-04-16 13:53:32
2026-04-16 13:53:32 [INFO] Traceability:85 - ======================================================================
2026-04-16 13:53:32 [DEBUG] Image:421 - Importing PngImagePlugin
2026-04-16 13:53:32 [DEBUG] PngImagePlugin:204 - STREAM b'IHDR' 16 13
2026-04-16 13:53:32 [DEBUG] PngImagePlugin:204 - STREAM b'IDAT' 41 8192
2026-04-16 13:53:32 [DEBUG] PngImagePlugin:204 - STREAM b'IHDR' 16 13
2026-04-16 13:53:32 [DEBUG] PngImagePlugin:204 - STREAM b'IDAT' 41 8192
2026-04-16 13:53:32 [DEBUG] PngImagePlugin:204 - STREAM b'IHDR' 16 13
2026-04-16 13:53:32 [DEBUG] PngImagePlugin:204 - STREAM b'IDAT' 41 8192
2026-04-16 13:53:32 [DEBUG] PngImagePlugin:204 - STREAM b'IHDR' 16 13
2026-04-16 13:53:32 [DEBUG] PngImagePlugin:204 - STREAM b'IDAT' 41 8192
2026-04-16 13:53:32 [DEBUG] PngImagePlugin:204 - STREAM b'IHDR' 16 13
2026-04-16 13:53:32 [DEBUG] PngImagePlugin:204 - STREAM b'IDAT' 41 8192
2026-04-16 13:53:32 [DEBUG] PngImagePlugin:204 - STREAM b'IHDR' 16 13
2026-04-16 13:53:32 [DEBUG] PngImagePlugin:204 - STREAM b'IDAT' 41 8192
2026-04-16 13:53:32 [DEBUG] PngImagePlugin:204 - STREAM b'IHDR' 16 13
2026-04-16 13:53:32 [DEBUG] PngImagePlugin:204 - STREAM b'pHYs' 41 9
2026-04-16 13:53:32 [DEBUG] PngImagePlugin:204 - STREAM b'tEXt' 62 25
2026-04-16 13:53:32 [DEBUG] PngImagePlugin:204 - STREAM b'IDAT' 99 8192
2026-04-16 13:53:32 [DEBUG] PngImagePlugin:204 - STREAM b'IHDR' 16 13
2026-04-16 13:53:32 [DEBUG] PngImagePlugin:204 - STREAM b'pHYs' 41 9
2026-04-16 13:53:32 [DEBUG] PngImagePlugin:204 - STREAM b'tEXt' 62 25
2026-04-16 13:53:32 [DEBUG] PngImagePlugin:204 - STREAM b'IDAT' 99 8192
2026-04-16 13:53:43 [INFO] Traceability:79 - ======================================================================
2026-04-16 13:53:43 [INFO] Traceability:80 - 🔄 LOGGING CONFIGURADO - INICIO DE APLICACIÓN
2026-04-16 13:53:43 [INFO] Traceability:81 - 📁 Archivo diario: logs/server_20260416.log
2026-04-16 13:53:43 [INFO] Traceability:82 - 📁 Archivo general: logs/server.log
2026-04-16 13:53:43 [INFO] Traceability:83 - 📅 Fecha: 2026-04-16 13:53:43
2026-04-16 13:53:43 [INFO] Traceability:84 - ======================================================================
2026-04-16 13:53:43 [DEBUG] Image:421 - Importing PngImagePlugin
2026-04-16 13:53:43 [DEBUG] PngImagePlugin:204 - STREAM b'IHDR' 16 13
2026-04-16 13:53:43 [DEBUG] PngImagePlugin:204 - STREAM b'IDAT' 41 8192
2026-04-16 13:53:43 [DEBUG] PngImagePlugin:204 - STREAM b'IHDR' 16 13
2026-04-16 13:53:43 [DEBUG] PngImagePlugin:204 - STREAM b'IDAT' 41 8192
2026-04-16 13:53:43 [DEBUG] PngImagePlugin:204 - STREAM b'IHDR' 16 13
2026-04-16 13:53:43 [DEBUG] PngImagePlugin:204 - STREAM b'IDAT' 41 8192
2026-04-16 13:53:43 [DEBUG] PngImagePlugin:204 - STREAM b'IHDR' 16 13
2026-04-16 13:53:43 [DEBUG] PngImagePlugin:204 - STREAM b'IDAT' 41 8192
2026-04-16 13:53:43 [DEBUG] PngImagePlugin:204 - STREAM b'IHDR' 16 13
2026-04-16 13:53:43 [DEBUG] PngImagePlugin:204 - STREAM b'IDAT' 41 8192
2026-04-16 13:53:43 [DEBUG] PngImagePlugin:204 - STREAM b'IHDR' 16 13
2026-04-16 13:53:43 [DEBUG] PngImagePlugin:204 - STREAM b'IDAT' 41 8192
2026-04-16 13:53:43 [DEBUG] PngImagePlugin:204 - STREAM b'IHDR' 16 13
2026-04-16 13:53:43 [DEBUG] PngImagePlugin:204 - STREAM b'pHYs' 41 9
2026-04-16 13:53:43 [DEBUG] PngImagePlugin:204 - STREAM b'tEXt' 62 25
2026-04-16 13:53:43 [DEBUG] PngImagePlugin:204 - STREAM b'IDAT' 99 8192
2026-04-16 13:53:43 [DEBUG] PngImagePlugin:204 - STREAM b'IHDR' 16 13
2026-04-16 13:53:43 [DEBUG] PngImagePlugin:204 - STREAM b'pHYs' 41 9
2026-04-16 13:53:43 [DEBUG] PngImagePlugin:204 - STREAM b'tEXt' 62 25
2026-04-16 13:53:43 [DEBUG] PngImagePlugin:204 - STREAM b'IDAT' 99 8192
2026-04-16 13:53:56 [INFO] Traceability:80 - ======================================================================
2026-04-16 13:53:56 [INFO] Traceability:81 - 🔄 LOGGING CONFIGURADO - INICIO DE APLICACIÓN
2026-04-16 13:53:56 [INFO] Traceability:82 - 📁 Archivo diario: logs/server_20260416.log
2026-04-16 13:53:56 [INFO] Traceability:83 - 📁 Archivo general: logs/server.log
2026-04-16 13:53:56 [INFO] Traceability:84 - 📅 Fecha: 2026-04-16 13:53:56
2026-04-16 13:53:56 [INFO] Traceability:85 - ======================================================================
2026-04-16 13:53:56 [DEBUG] Image:421 - Importing PngImagePlugin
2026-04-16 13:53:56 [DEBUG] PngImagePlugin:204 - STREAM b'IHDR' 16 13
2026-04-16 13:53:56 [DEBUG] PngImagePlugin:204 - STREAM b'IDAT' 41 8192
2026-04-16 13:53:56 [DEBUG] PngImagePlugin:204 - STREAM b'IHDR' 16 13
2026-04-16 13:53:56 [DEBUG] PngImagePlugin:204 - STREAM b'IDAT' 41 8192
2026-04-16 13:53:56 [DEBUG] PngImagePlugin:204 - STREAM b'IHDR' 16 13
2026-04-16 13:53:56 [DEBUG] PngImagePlugin:204 - STREAM b'IDAT' 41 8192
2026-04-16 13:53:56 [DEBUG] PngImagePlugin:204 - STREAM b'IHDR' 16 13
2026-04-16 13:53:56 [DEBUG] PngImagePlugin:204 - STREAM b'IDAT' 41 8192
2026-04-16 13:53:56 [DEBUG] PngImagePlugin:204 - STREAM b'IHDR' 16 13
2026-04-16 13:53:56 [DEBUG] PngImagePlugin:204 - STREAM b'IDAT' 41 8192
2026-04-16 13:53:56 [DEBUG] PngImagePlugin:204 - STREAM b'IHDR' 16 13
2026-04-16 13:53:56 [DEBUG] PngImagePlugin:204 - STREAM b'IDAT' 41 8192
2026-04-16 13:53:56 [DEBUG] PngImagePlugin:204 - STREAM b'IHDR' 16 13
2026-04-16 13:53:56 [DEBUG] PngImagePlugin:204 - STREAM b'pHYs' 41 9
2026-04-16 13:53:56 [DEBUG] PngImagePlugin:204 - STREAM b'tEXt' 62 25
2026-04-16 13:53:56 [DEBUG] PngImagePlugin:204 - STREAM b'IDAT' 99 8192
2026-04-16 13:53:56 [DEBUG] PngImagePlugin:204 - STREAM b'IHDR' 16 13
2026-04-16 13:53:56 [DEBUG] PngImagePlugin:204 - STREAM b'pHYs' 41 9
2026-04-16 13:53:56 [DEBUG] PngImagePlugin:204 - STREAM b'tEXt' 62 25
2026-04-16 13:53:56 [DEBUG] PngImagePlugin:204 - STREAM b'IDAT' 99 8192
