<<<<<<< Updated upstream
2026-04-16 13:39:57 [INFO] Traceability:78 - ======================================================================
2026-04-16 13:39:57 [INFO] Traceability:79 - 🔄 LOGGING CONFIGURADO - INICIO DE APLICACIÓN
2026-04-16 13:39:57 [INFO] Traceability:80 - 📁 Archivo diario: logs/server_20260416.log
2026-04-16 13:39:57 [INFO] Traceability:81 - 📁 Archivo general: logs/server.log
2026-04-16 13:39:57 [INFO] Traceability:82 - 📅 Fecha: 2026-04-16 13:39:57
2026-04-16 13:39:57 [INFO] Traceability:83 - ======================================================================
2026-04-16 13:42:30 [INFO] Traceability:141 - Cerrando aplicación...
2026-04-16 13:42:30 [INFO] Traceability:158 - Socket principal cerrado.
2026-04-16 13:42:30 [ERROR] Traceability:1318 - Error aceptando conexión: [WinError 10038] Se intentó realizar una operación en un elemento que no es un socket
2026-04-16 13:53:23 [INFO] Traceability:80 - ======================================================================
2026-04-16 13:53:23 [INFO] Traceability:81 - 🔄 LOGGING CONFIGURADO - INICIO DE APLICACIÓN
2026-04-16 13:53:23 [INFO] Traceability:82 - 📁 Archivo diario: logs/server_20260416.log
2026-04-16 13:53:23 [INFO] Traceability:83 - 📁 Archivo general: logs/server.log
2026-04-16 13:53:23 [INFO] Traceability:84 - 📅 Fecha: 2026-04-16 13:53:23
2026-04-16 13:53:23 [INFO] Traceability:85 - ======================================================================
2026-04-16 13:53:32 [INFO] Traceability:80 - ======================================================================
2026-04-16 13:53:32 [INFO] Traceability:81 - 🔄 LOGGING CONFIGURADO - INICIO DE APLICACIÓN
2026-04-16 13:53:32 [INFO] Traceability:82 - 📁 Archivo diario: logs/server_20260416.log
2026-04-16 13:53:32 [INFO] Traceability:83 - 📁 Archivo general: logs/server.log
2026-04-16 13:53:32 [INFO] Traceability:84 - 📅 Fecha: 2026-04-16 13:53:32
2026-04-16 13:53:32 [INFO] Traceability:85 - ======================================================================
2026-04-16 13:53:43 [INFO] Traceability:79 - ======================================================================
2026-04-16 13:53:43 [INFO] Traceability:80 - 🔄 LOGGING CONFIGURADO - INICIO DE APLICACIÓN
2026-04-16 13:53:43 [INFO] Traceability:81 - 📁 Archivo diario: logs/server_20260416.log
2026-04-16 13:53:43 [INFO] Traceability:82 - 📁 Archivo general: logs/server.log
2026-04-16 13:53:43 [INFO] Traceability:83 - 📅 Fecha: 2026-04-16 13:53:43
2026-04-16 13:53:43 [INFO] Traceability:84 - ======================================================================
2026-04-16 13:53:56 [INFO] Traceability:80 - ======================================================================
2026-04-16 13:53:56 [INFO] Traceability:81 - 🔄 LOGGING CONFIGURADO - INICIO DE APLICACIÓN
2026-04-16 13:53:56 [INFO] Traceability:82 - 📁 Archivo diario: logs/server_20260416.log
2026-04-16 13:53:56 [INFO] Traceability:83 - 📁 Archivo general: logs/server.log
2026-04-16 13:53:56 [INFO] Traceability:84 - 📅 Fecha: 2026-04-16 13:53:56
2026-04-16 13:53:56 [INFO] Traceability:85 - ======================================================================
2026-04-20 09:15:49 [INFO] Traceability:80 - ======================================================================
2026-04-20 09:15:49 [INFO] Traceability:81 - 🔄 LOGGING CONFIGURADO - INICIO DE APLICACIÓN
2026-04-20 09:15:49 [INFO] Traceability:82 - 📁 Archivo diario: logs/server_20260420.log
2026-04-20 09:15:49 [INFO] Traceability:83 - 📁 Archivo general: logs/server.log
2026-04-20 09:15:49 [INFO] Traceability:84 - 📅 Fecha: 2026-04-20 09:15:49
2026-04-20 09:15:49 [INFO] Traceability:85 - ======================================================================
2026-04-20 09:16:02 [INFO] Traceability:78 - ======================================================================
2026-04-20 09:16:02 [INFO] Traceability:79 - 🔄 LOGGING CONFIGURADO - INICIO DE APLICACIÓN
2026-04-20 09:16:02 [INFO] Traceability:80 - 📁 Archivo diario: logs/server_20260420.log
2026-04-20 09:16:02 [INFO] Traceability:81 - 📁 Archivo general: logs/server.log
2026-04-20 09:16:02 [INFO] Traceability:82 - 📅 Fecha: 2026-04-20 09:16:02
2026-04-20 09:16:02 [INFO] Traceability:83 - ======================================================================
2026-04-20 09:16:17 [INFO] Traceability:79 - ======================================================================
2026-04-20 09:16:17 [INFO] Traceability:80 - 🔄 LOGGING CONFIGURADO - INICIO DE APLICACIÓN
2026-04-20 09:16:17 [INFO] Traceability:81 - 📁 Archivo diario: logs/server_20260420.log
2026-04-20 09:16:17 [INFO] Traceability:82 - 📁 Archivo general: logs/server.log
2026-04-20 09:16:17 [INFO] Traceability:83 - 📅 Fecha: 2026-04-20 09:16:17
2026-04-20 09:16:17 [INFO] Traceability:84 - ======================================================================
2026-04-20 09:24:02 [INFO] Traceability:80 - ======================================================================
2026-04-20 09:24:02 [INFO] Traceability:81 - 🔄 LOGGING CONFIGURADO - INICIO DE APLICACIÓN
2026-04-20 09:24:02 [INFO] Traceability:82 - 📁 Archivo diario: logs/server_20260420.log
2026-04-20 09:24:02 [INFO] Traceability:83 - 📁 Archivo general: logs/server.log
2026-04-20 09:24:02 [INFO] Traceability:84 - 📅 Fecha: 2026-04-20 09:24:02
2026-04-20 09:24:02 [INFO] Traceability:85 - ======================================================================
2026-04-20 09:24:04 [INFO] Traceability:152 - Cerrando aplicación...
2026-04-20 09:24:04 [INFO] Traceability:169 - Socket principal cerrado.
2026-04-20 09:24:04 [ERROR] Traceability:1331 - Error aceptando conexión: [WinError 10038] Se intentó realizar una operación en un elemento que no es un socket
2026-04-20 09:34:29 [INFO] Traceability:80 - ======================================================================
2026-04-20 09:34:29 [INFO] Traceability:81 - 🔄 LOGGING CONFIGURADO - INICIO DE APLICACIÓN
2026-04-20 09:34:29 [INFO] Traceability:82 - 📁 Archivo diario: logs/server_20260420.log
2026-04-20 09:34:29 [INFO] Traceability:83 - 📁 Archivo general: logs/server.log
2026-04-20 09:34:29 [INFO] Traceability:84 - 📅 Fecha: 2026-04-20 09:34:29
2026-04-20 09:34:29 [INFO] Traceability:85 - ======================================================================
2026-04-20 10:06:32 [INFO] Traceability:80 - ======================================================================
2026-04-20 10:06:32 [INFO] Traceability:81 - 🔄 LOGGING CONFIGURADO - INICIO DE APLICACIÓN
2026-04-20 10:06:32 [INFO] Traceability:82 - 📁 Archivo diario: logs/server_20260420.log
2026-04-20 10:06:32 [INFO] Traceability:83 - 📁 Archivo general: logs/server.log
2026-04-20 10:06:32 [INFO] Traceability:84 - 📅 Fecha: 2026-04-20 10:06:32
2026-04-20 10:06:32 [INFO] Traceability:85 - ======================================================================
2026-04-20 10:06:43 [INFO] Traceability:80 - ======================================================================
2026-04-20 10:06:43 [INFO] Traceability:81 - 🔄 LOGGING CONFIGURADO - INICIO DE APLICACIÓN
2026-04-20 10:06:43 [INFO] Traceability:82 - 📁 Archivo diario: logs/server_20260420.log
2026-04-20 10:06:43 [INFO] Traceability:83 - 📁 Archivo general: logs/server.log
2026-04-20 10:06:43 [INFO] Traceability:84 - 📅 Fecha: 2026-04-20 10:06:43
2026-04-20 10:06:43 [INFO] Traceability:85 - ======================================================================
2026-04-20 10:14:42 [INFO] Traceability:80 - ======================================================================
2026-04-20 10:14:42 [INFO] Traceability:81 - 🔄 LOGGING CONFIGURADO - INICIO DE APLICACIÓN
2026-04-20 10:14:42 [INFO] Traceability:82 - 📁 Archivo diario: logs/server_20260420.log
2026-04-20 10:14:42 [INFO] Traceability:83 - 📁 Archivo general: logs/server.log
2026-04-20 10:14:42 [INFO] Traceability:84 - 📅 Fecha: 2026-04-20 10:14:42
2026-04-20 10:14:42 [INFO] Traceability:85 - ======================================================================
2026-04-20 10:14:49 [INFO] Traceability:149 - Cerrando aplicación...
2026-04-20 10:14:49 [INFO] Traceability:166 - Socket principal cerrado.
2026-04-20 10:14:49 [ERROR] Traceability:1328 - Error aceptando conexión: [WinError 10038] Se intentó realizar una operación en un elemento que no es un socket
2026-04-20 10:14:54 [INFO] Traceability:80 - ======================================================================
2026-04-20 10:14:54 [INFO] Traceability:81 - 🔄 LOGGING CONFIGURADO - INICIO DE APLICACIÓN
2026-04-20 10:14:54 [INFO] Traceability:82 - 📁 Archivo diario: logs/server_20260420.log
2026-04-20 10:14:54 [INFO] Traceability:83 - 📁 Archivo general: logs/server.log
2026-04-20 10:14:54 [INFO] Traceability:84 - 📅 Fecha: 2026-04-20 10:14:54
2026-04-20 10:14:54 [INFO] Traceability:85 - ======================================================================
2026-04-20 10:14:56 [INFO] Traceability:149 - Cerrando aplicación...
2026-04-20 10:14:56 [INFO] Traceability:166 - Socket principal cerrado.
2026-04-20 10:14:56 [ERROR] Traceability:1328 - Error aceptando conexión: [WinError 10038] Se intentó realizar una operación en un elemento que no es un socket
2026-04-20 10:15:58 [INFO] Traceability:80 - ======================================================================
2026-04-20 10:15:58 [INFO] Traceability:81 - 🔄 LOGGING CONFIGURADO - INICIO DE APLICACIÓN
2026-04-20 10:15:58 [INFO] Traceability:82 - 📁 Archivo diario: logs/server_20260420.log
2026-04-20 10:15:58 [INFO] Traceability:83 - 📁 Archivo general: logs/server.log
2026-04-20 10:15:58 [INFO] Traceability:84 - 📅 Fecha: 2026-04-20 10:15:58
2026-04-20 10:15:58 [INFO] Traceability:85 - ======================================================================
2026-04-20 10:16:01 [INFO] Traceability:151 - Cerrando aplicación...
2026-04-20 10:16:01 [INFO] Traceability:168 - Socket principal cerrado.
2026-04-20 10:16:01 [ERROR] Traceability:1330 - Error aceptando conexión: [WinError 10038] Se intentó realizar una operación en un elemento que no es un socket
2026-04-20 10:17:28 [INFO] Traceability:80 - ======================================================================
2026-04-20 10:17:28 [INFO] Traceability:81 - 🔄 LOGGING CONFIGURADO - INICIO DE APLICACIÓN
2026-04-20 10:17:28 [INFO] Traceability:82 - 📁 Archivo diario: logs/server_20260420.log
2026-04-20 10:17:28 [INFO] Traceability:83 - 📁 Archivo general: logs/server.log
2026-04-20 10:17:28 [INFO] Traceability:84 - 📅 Fecha: 2026-04-20 10:17:28
2026-04-20 10:17:28 [INFO] Traceability:85 - ======================================================================
2026-04-20 10:17:37 [INFO] Traceability:80 - ======================================================================
2026-04-20 10:17:37 [INFO] Traceability:81 - 🔄 LOGGING CONFIGURADO - INICIO DE APLICACIÓN
2026-04-20 10:17:37 [INFO] Traceability:82 - 📁 Archivo diario: logs/server_20260420.log
2026-04-20 10:17:37 [INFO] Traceability:83 - 📁 Archivo general: logs/server.log
2026-04-20 10:17:37 [INFO] Traceability:84 - 📅 Fecha: 2026-04-20 10:17:37
2026-04-20 10:17:37 [INFO] Traceability:85 - ======================================================================
2026-04-20 10:17:43 [INFO] Traceability:152 - Cerrando aplicación...
2026-04-20 10:17:43 [INFO] Traceability:169 - Socket principal cerrado.
2026-04-20 10:17:43 [ERROR] Traceability:1331 - Error aceptando conexión: [WinError 10038] Se intentó realizar una operación en un elemento que no es un socket
2026-04-20 10:19:53 [INFO] Traceability:80 - ======================================================================
2026-04-20 10:19:53 [INFO] Traceability:81 - 🔄 LOGGING CONFIGURADO - INICIO DE APLICACIÓN
2026-04-20 10:19:53 [INFO] Traceability:82 - 📁 Archivo diario: logs/server_20260420.log
2026-04-20 10:19:53 [INFO] Traceability:83 - 📁 Archivo general: logs/server.log
2026-04-20 10:19:53 [INFO] Traceability:84 - 📅 Fecha: 2026-04-20 10:19:53
2026-04-20 10:19:53 [INFO] Traceability:85 - ======================================================================
2026-04-20 10:19:55 [INFO] Traceability:154 - Cerrando aplicación...
2026-04-20 10:19:55 [INFO] Traceability:171 - Socket principal cerrado.
2026-04-20 10:19:55 [ERROR] Traceability:1333 - Error aceptando conexión: [WinError 10038] Se intentó realizar una operación en un elemento que no es un socket
2026-04-20 10:25:23 [INFO] Traceability:80 - ======================================================================
2026-04-20 10:25:23 [INFO] Traceability:81 - 🔄 LOGGING CONFIGURADO - INICIO DE APLICACIÓN
2026-04-20 10:25:23 [INFO] Traceability:82 - 📁 Archivo diario: logs/server_20260420.log
2026-04-20 10:25:23 [INFO] Traceability:83 - 📁 Archivo general: logs/server.log
2026-04-20 10:25:23 [INFO] Traceability:84 - 📅 Fecha: 2026-04-20 10:25:23
2026-04-20 10:25:23 [INFO] Traceability:85 - ======================================================================
2026-04-20 10:25:35 [INFO] Traceability:154 - Cerrando aplicación...
2026-04-20 10:25:35 [INFO] Traceability:171 - Socket principal cerrado.
2026-04-20 10:25:35 [ERROR] Traceability:1339 - Error aceptando conexión: [WinError 10038] Se intentó realizar una operación en un elemento que no es un socket
2026-04-20 10:25:45 [INFO] Traceability:80 - ======================================================================
2026-04-20 10:25:45 [INFO] Traceability:81 - 🔄 LOGGING CONFIGURADO - INICIO DE APLICACIÓN
2026-04-20 10:25:45 [INFO] Traceability:82 - 📁 Archivo diario: logs/server_20260420.log
2026-04-20 10:25:45 [INFO] Traceability:83 - 📁 Archivo general: logs/server.log
2026-04-20 10:25:45 [INFO] Traceability:84 - 📅 Fecha: 2026-04-20 10:25:45
2026-04-20 10:25:45 [INFO] Traceability:85 - ======================================================================
2026-04-20 10:25:49 [INFO] Traceability:154 - Cerrando aplicación...
2026-04-20 10:25:49 [INFO] Traceability:171 - Socket principal cerrado.
2026-04-20 10:25:49 [ERROR] Traceability:1339 - Error aceptando conexión: [WinError 10038] Se intentó realizar una operación en un elemento que no es un socket
2026-04-20 10:25:59 [INFO] Traceability:80 - ======================================================================
2026-04-20 10:25:59 [INFO] Traceability:81 - 🔄 LOGGING CONFIGURADO - INICIO DE APLICACIÓN
2026-04-20 10:25:59 [INFO] Traceability:82 - 📁 Archivo diario: logs/server_20260420.log
2026-04-20 10:25:59 [INFO] Traceability:83 - 📁 Archivo general: logs/server.log
2026-04-20 10:25:59 [INFO] Traceability:84 - 📅 Fecha: 2026-04-20 10:25:59
2026-04-20 10:25:59 [INFO] Traceability:85 - ======================================================================
2026-04-20 10:26:12 [INFO] Traceability:80 - ======================================================================
2026-04-20 10:26:12 [INFO] Traceability:81 - 🔄 LOGGING CONFIGURADO - INICIO DE APLICACIÓN
2026-04-20 10:26:12 [INFO] Traceability:82 - 📁 Archivo diario: logs/server_20260420.log
2026-04-20 10:26:12 [INFO] Traceability:83 - 📁 Archivo general: logs/server.log
2026-04-20 10:26:12 [INFO] Traceability:84 - 📅 Fecha: 2026-04-20 10:26:12
2026-04-20 10:26:12 [INFO] Traceability:85 - ======================================================================
2026-04-20 10:26:16 [INFO] Traceability:154 - Cerrando aplicación...
2026-04-20 10:26:16 [INFO] Traceability:171 - Socket principal cerrado.
2026-04-20 10:26:16 [ERROR] Traceability:1339 - Error aceptando conexión: [WinError 10038] Se intentó realizar una operación en un elemento que no es un socket
2026-04-20 10:26:44 [INFO] Traceability:80 - ======================================================================
2026-04-20 10:26:44 [INFO] Traceability:81 - 🔄 LOGGING CONFIGURADO - INICIO DE APLICACIÓN
2026-04-20 10:26:44 [INFO] Traceability:82 - 📁 Archivo diario: logs/server_20260420.log
2026-04-20 10:26:44 [INFO] Traceability:83 - 📁 Archivo general: logs/server.log
2026-04-20 10:26:44 [INFO] Traceability:84 - 📅 Fecha: 2026-04-20 10:26:44
2026-04-20 10:26:44 [INFO] Traceability:85 - ======================================================================
2026-04-20 10:26:55 [INFO] Traceability:80 - ======================================================================
2026-04-20 10:26:55 [INFO] Traceability:81 - 🔄 LOGGING CONFIGURADO - INICIO DE APLICACIÓN
2026-04-20 10:26:55 [INFO] Traceability:82 - 📁 Archivo diario: logs/server_20260420.log
2026-04-20 10:26:55 [INFO] Traceability:83 - 📁 Archivo general: logs/server.log
2026-04-20 10:26:55 [INFO] Traceability:84 - 📅 Fecha: 2026-04-20 10:26:55
2026-04-20 10:26:55 [INFO] Traceability:85 - ======================================================================
2026-04-20 10:27:05 [INFO] Traceability:80 - ======================================================================
2026-04-20 10:27:05 [INFO] Traceability:81 - 🔄 LOGGING CONFIGURADO - INICIO DE APLICACIÓN
2026-04-20 10:27:05 [INFO] Traceability:82 - 📁 Archivo diario: logs/server_20260420.log
2026-04-20 10:27:05 [INFO] Traceability:83 - 📁 Archivo general: logs/server.log
2026-04-20 10:27:05 [INFO] Traceability:84 - 📅 Fecha: 2026-04-20 10:27:05
2026-04-20 10:27:05 [INFO] Traceability:85 - ======================================================================
2026-04-20 10:27:50 [INFO] Traceability:80 - ======================================================================
2026-04-20 10:27:50 [INFO] Traceability:81 - 🔄 LOGGING CONFIGURADO - INICIO DE APLICACIÓN
2026-04-20 10:27:50 [INFO] Traceability:82 - 📁 Archivo diario: logs/server_20260420.log
2026-04-20 10:27:50 [INFO] Traceability:83 - 📁 Archivo general: logs/server.log
2026-04-20 10:27:50 [INFO] Traceability:84 - 📅 Fecha: 2026-04-20 10:27:50
2026-04-20 10:27:50 [INFO] Traceability:85 - ======================================================================
2026-04-20 10:28:05 [INFO] Traceability:80 - ======================================================================
2026-04-20 10:28:05 [INFO] Traceability:81 - 🔄 LOGGING CONFIGURADO - INICIO DE APLICACIÓN
2026-04-20 10:28:05 [INFO] Traceability:82 - 📁 Archivo diario: logs/server_20260420.log
2026-04-20 10:28:05 [INFO] Traceability:83 - 📁 Archivo general: logs/server.log
2026-04-20 10:28:05 [INFO] Traceability:84 - 📅 Fecha: 2026-04-20 10:28:05
2026-04-20 10:28:05 [INFO] Traceability:85 - ======================================================================
2026-04-20 10:28:15 [INFO] Traceability:80 - ======================================================================
2026-04-20 10:28:15 [INFO] Traceability:81 - 🔄 LOGGING CONFIGURADO - INICIO DE APLICACIÓN
2026-04-20 10:28:15 [INFO] Traceability:82 - 📁 Archivo diario: logs/server_20260420.log
2026-04-20 10:28:15 [INFO] Traceability:83 - 📁 Archivo general: logs/server.log
2026-04-20 10:28:15 [INFO] Traceability:84 - 📅 Fecha: 2026-04-20 10:28:15
2026-04-20 10:28:15 [INFO] Traceability:85 - ======================================================================
2026-04-20 10:28:34 [INFO] Traceability:80 - ======================================================================
2026-04-20 10:28:34 [INFO] Traceability:81 - 🔄 LOGGING CONFIGURADO - INICIO DE APLICACIÓN
2026-04-20 10:28:34 [INFO] Traceability:82 - 📁 Archivo diario: logs/server_20260420.log
2026-04-20 10:28:34 [INFO] Traceability:83 - 📁 Archivo general: logs/server.log
2026-04-20 10:28:34 [INFO] Traceability:84 - 📅 Fecha: 2026-04-20 10:28:34
2026-04-20 10:28:34 [INFO] Traceability:85 - ======================================================================
2026-04-20 10:29:38 [INFO] Traceability:80 - ======================================================================
2026-04-20 10:29:38 [INFO] Traceability:81 - 🔄 LOGGING CONFIGURADO - INICIO DE APLICACIÓN
2026-04-20 10:29:38 [INFO] Traceability:82 - 📁 Archivo diario: logs/server_20260420.log
2026-04-20 10:29:38 [INFO] Traceability:83 - 📁 Archivo general: logs/server.log
2026-04-20 10:29:38 [INFO] Traceability:84 - 📅 Fecha: 2026-04-20 10:29:38
2026-04-20 10:29:38 [INFO] Traceability:85 - ======================================================================
2026-04-20 10:30:02 [INFO] Traceability:80 - ======================================================================
2026-04-20 10:30:02 [INFO] Traceability:81 - 🔄 LOGGING CONFIGURADO - INICIO DE APLICACIÓN
2026-04-20 10:30:02 [INFO] Traceability:82 - 📁 Archivo diario: logs/server_20260420.log
2026-04-20 10:30:02 [INFO] Traceability:83 - 📁 Archivo general: logs/server.log
2026-04-20 10:30:02 [INFO] Traceability:84 - 📅 Fecha: 2026-04-20 10:30:02
2026-04-20 10:30:02 [INFO] Traceability:85 - ======================================================================
2026-04-20 10:30:23 [INFO] Traceability:80 - ======================================================================
2026-04-20 10:30:23 [INFO] Traceability:81 - 🔄 LOGGING CONFIGURADO - INICIO DE APLICACIÓN
2026-04-20 10:30:23 [INFO] Traceability:82 - 📁 Archivo diario: logs/server_20260420.log
2026-04-20 10:30:23 [INFO] Traceability:83 - 📁 Archivo general: logs/server.log
2026-04-20 10:30:23 [INFO] Traceability:84 - 📅 Fecha: 2026-04-20 10:30:23
2026-04-20 10:30:23 [INFO] Traceability:85 - ======================================================================
2026-04-20 10:30:34 [INFO] Traceability:80 - ======================================================================
2026-04-20 10:30:34 [INFO] Traceability:81 - 🔄 LOGGING CONFIGURADO - INICIO DE APLICACIÓN
2026-04-20 10:30:34 [INFO] Traceability:82 - 📁 Archivo diario: logs/server_20260420.log
2026-04-20 10:30:34 [INFO] Traceability:83 - 📁 Archivo general: logs/server.log
2026-04-20 10:30:34 [INFO] Traceability:84 - 📅 Fecha: 2026-04-20 10:30:34
2026-04-20 10:30:34 [INFO] Traceability:85 - ======================================================================
2026-04-20 10:30:49 [INFO] Traceability:80 - ======================================================================
2026-04-20 10:30:49 [INFO] Traceability:81 - 🔄 LOGGING CONFIGURADO - INICIO DE APLICACIÓN
2026-04-20 10:30:49 [INFO] Traceability:82 - 📁 Archivo diario: logs/server_20260420.log
2026-04-20 10:30:49 [INFO] Traceability:83 - 📁 Archivo general: logs/server.log
2026-04-20 10:30:49 [INFO] Traceability:84 - 📅 Fecha: 2026-04-20 10:30:49
2026-04-20 10:30:49 [INFO] Traceability:85 - ======================================================================
2026-04-20 10:30:58 [INFO] Traceability:80 - ======================================================================
2026-04-20 10:30:58 [INFO] Traceability:81 - 🔄 LOGGING CONFIGURADO - INICIO DE APLICACIÓN
2026-04-20 10:30:58 [INFO] Traceability:82 - 📁 Archivo diario: logs/server_20260420.log
2026-04-20 10:30:58 [INFO] Traceability:83 - 📁 Archivo general: logs/server.log
2026-04-20 10:30:58 [INFO] Traceability:84 - 📅 Fecha: 2026-04-20 10:30:58
2026-04-20 10:30:58 [INFO] Traceability:85 - ======================================================================
2026-04-20 10:31:11 [INFO] Traceability:80 - ======================================================================
2026-04-20 10:31:11 [INFO] Traceability:81 - 🔄 LOGGING CONFIGURADO - INICIO DE APLICACIÓN
2026-04-20 10:31:11 [INFO] Traceability:82 - 📁 Archivo diario: logs/server_20260420.log
2026-04-20 10:31:11 [INFO] Traceability:83 - 📁 Archivo general: logs/server.log
2026-04-20 10:31:11 [INFO] Traceability:84 - 📅 Fecha: 2026-04-20 10:31:11
2026-04-20 10:31:11 [INFO] Traceability:85 - ======================================================================
2026-04-20 10:31:21 [INFO] Traceability:80 - ======================================================================
2026-04-20 10:31:21 [INFO] Traceability:81 - 🔄 LOGGING CONFIGURADO - INICIO DE APLICACIÓN
2026-04-20 10:31:21 [INFO] Traceability:82 - 📁 Archivo diario: logs/server_20260420.log
2026-04-20 10:31:21 [INFO] Traceability:83 - 📁 Archivo general: logs/server.log
2026-04-20 10:31:21 [INFO] Traceability:84 - 📅 Fecha: 2026-04-20 10:31:21
2026-04-20 10:31:21 [INFO] Traceability:85 - ======================================================================
2026-04-20 10:36:36 [INFO] Traceability:80 - ======================================================================
2026-04-20 10:36:36 [INFO] Traceability:81 - 🔄 LOGGING CONFIGURADO - INICIO DE APLICACIÓN
2026-04-20 10:36:36 [INFO] Traceability:82 - 📁 Archivo diario: logs/server_20260420.log
2026-04-20 10:36:36 [INFO] Traceability:83 - 📁 Archivo general: logs/server.log
2026-04-20 10:36:36 [INFO] Traceability:84 - 📅 Fecha: 2026-04-20 10:36:36
2026-04-20 10:36:36 [INFO] Traceability:85 - ======================================================================
2026-04-20 10:36:48 [INFO] Traceability:80 - ======================================================================
2026-04-20 10:36:48 [INFO] Traceability:81 - 🔄 LOGGING CONFIGURADO - INICIO DE APLICACIÓN
2026-04-20 10:36:48 [INFO] Traceability:82 - 📁 Archivo diario: logs/server_20260420.log
2026-04-20 10:36:48 [INFO] Traceability:83 - 📁 Archivo general: logs/server.log
2026-04-20 10:36:48 [INFO] Traceability:84 - 📅 Fecha: 2026-04-20 10:36:48
2026-04-20 10:36:48 [INFO] Traceability:85 - ======================================================================
2026-04-20 10:37:05 [INFO] Traceability:80 - ======================================================================
2026-04-20 10:37:05 [INFO] Traceability:81 - 🔄 LOGGING CONFIGURADO - INICIO DE APLICACIÓN
2026-04-20 10:37:05 [INFO] Traceability:82 - 📁 Archivo diario: logs/server_20260420.log
2026-04-20 10:37:05 [INFO] Traceability:83 - 📁 Archivo general: logs/server.log
2026-04-20 10:37:05 [INFO] Traceability:84 - 📅 Fecha: 2026-04-20 10:37:05
2026-04-20 10:37:05 [INFO] Traceability:85 - ======================================================================
2026-04-20 10:37:11 [INFO] Traceability:154 - Cerrando aplicación...
2026-04-20 10:37:11 [INFO] Traceability:171 - Socket principal cerrado.
2026-04-20 10:37:11 [ERROR] Traceability:1339 - Error aceptando conexión: [WinError 10038] Se intentó realizar una operación en un elemento que no es un socket
2026-04-20 10:37:38 [INFO] Traceability:80 - ======================================================================
2026-04-20 10:37:38 [INFO] Traceability:81 - 🔄 LOGGING CONFIGURADO - INICIO DE APLICACIÓN
2026-04-20 10:37:38 [INFO] Traceability:82 - 📁 Archivo diario: logs/server_20260420.log
2026-04-20 10:37:38 [INFO] Traceability:83 - 📁 Archivo general: logs/server.log
2026-04-20 10:37:38 [INFO] Traceability:84 - 📅 Fecha: 2026-04-20 10:37:38
2026-04-20 10:37:38 [INFO] Traceability:85 - ======================================================================
2026-04-20 10:38:05 [INFO] Traceability:154 - Cerrando aplicación...
2026-04-20 10:38:05 [INFO] Traceability:171 - Socket principal cerrado.
2026-04-20 10:38:05 [ERROR] Traceability:1339 - Error aceptando conexión: [WinError 10038] Se intentó realizar una operación en un elemento que no es un socket
2026-04-20 10:50:26 [INFO] Traceability:80 - ======================================================================
2026-04-20 10:50:26 [INFO] Traceability:81 - 🔄 LOGGING CONFIGURADO - INICIO DE APLICACIÓN
2026-04-20 10:50:26 [INFO] Traceability:82 - 📁 Archivo diario: logs/server_20260420.log
2026-04-20 10:50:26 [INFO] Traceability:83 - 📁 Archivo general: logs/server.log
2026-04-20 10:50:26 [INFO] Traceability:84 - 📅 Fecha: 2026-04-20 10:50:26
2026-04-20 10:50:26 [INFO] Traceability:85 - ======================================================================
2026-04-20 11:03:41 [INFO] Traceability:80 - ======================================================================
2026-04-20 11:03:41 [INFO] Traceability:81 - 🔄 LOGGING CONFIGURADO - INICIO DE APLICACIÓN
2026-04-20 11:03:41 [INFO] Traceability:82 - 📁 Archivo diario: logs/server_20260420.log
2026-04-20 11:03:41 [INFO] Traceability:83 - 📁 Archivo general: logs/server.log
2026-04-20 11:03:41 [INFO] Traceability:84 - 📅 Fecha: 2026-04-20 11:03:41
2026-04-20 11:03:41 [INFO] Traceability:85 - ======================================================================
2026-04-20 11:18:01 [INFO] Traceability:80 - ======================================================================
2026-04-20 11:18:01 [INFO] Traceability:81 - 🔄 LOGGING CONFIGURADO - INICIO DE APLICACIÓN
2026-04-20 11:18:01 [INFO] Traceability:82 - 📁 Archivo diario: logs/server_20260420.log
2026-04-20 11:18:01 [INFO] Traceability:83 - 📁 Archivo general: logs/server.log
2026-04-20 11:18:01 [INFO] Traceability:84 - 📅 Fecha: 2026-04-20 11:18:01
2026-04-20 11:18:01 [INFO] Traceability:85 - ======================================================================
2026-04-20 11:18:22 [INFO] Traceability:88 - ======================================================================
2026-04-20 11:18:22 [INFO] Traceability:89 - 🔄 LOGGING CONFIGURADO - INICIO DE APLICACIÓN
2026-04-20 11:18:22 [INFO] Traceability:90 - 📁 Archivo diario: logs/server_20260420.log
2026-04-20 11:18:22 [INFO] Traceability:91 - 📁 Archivo general: logs/server.log
2026-04-20 11:18:22 [INFO] Traceability:92 - 📅 Fecha: 2026-04-20 11:18:22
2026-04-20 11:18:22 [INFO] Traceability:93 - ======================================================================
2026-04-20 11:49:33 [INFO] Traceability:69 - ======================================================================
2026-04-20 11:49:33 [INFO] Traceability:70 - 🔄 LOGGING CONFIGURADO - INICIO DE APLICACIÓN
2026-04-20 11:49:33 [INFO] Traceability:71 - 📁 Archivo diario: logs/server_20260420.log
2026-04-20 11:49:33 [INFO] Traceability:72 - 📁 Archivo general: logs/server.log
2026-04-20 11:49:33 [INFO] Traceability:73 - 📅 Fecha: 2026-04-20 11:49:33
2026-04-20 11:49:33 [INFO] Traceability:74 - ======================================================================
2026-04-20 11:50:39 [INFO] Traceability:144 - Cerrando aplicación...
2026-04-20 11:50:39 [INFO] Traceability:161 - Socket principal cerrado.
2026-04-20 11:50:39 [ERROR] Traceability:1330 - Error aceptando conexión: [WinError 10038] Se intentó realizar una operación en un elemento que no es un socket
2026-04-20 11:58:44 [INFO] Traceability:69 - ======================================================================
2026-04-20 11:58:44 [INFO] Traceability:70 - 🔄 LOGGING CONFIGURADO - INICIO DE APLICACIÓN
2026-04-20 11:58:44 [INFO] Traceability:71 - 📁 Archivo diario: logs/server_20260420.log
2026-04-20 11:58:44 [INFO] Traceability:72 - 📁 Archivo general: logs/server.log
2026-04-20 11:58:44 [INFO] Traceability:73 - 📅 Fecha: 2026-04-20 11:58:44
2026-04-20 11:58:44 [INFO] Traceability:74 - ======================================================================
2026-04-20 11:58:53 [INFO] Traceability:144 - Cerrando aplicación...
2026-04-20 11:58:53 [INFO] Traceability:161 - Socket principal cerrado.
2026-04-20 11:58:53 [ERROR] Traceability:1330 - Error aceptando conexión: [WinError 10038] Se intentó realizar una operación en un elemento que no es un socket
2026-04-20 12:03:23 [INFO] Traceability:69 - ======================================================================
2026-04-20 12:03:23 [INFO] Traceability:70 - 🔄 LOGGING CONFIGURADO - INICIO DE APLICACIÓN
2026-04-20 12:03:23 [INFO] Traceability:71 - 📁 Archivo diario: logs/server_20260420.log
2026-04-20 12:03:23 [INFO] Traceability:72 - 📁 Archivo general: logs/server.log
2026-04-20 12:03:23 [INFO] Traceability:73 - 📅 Fecha: 2026-04-20 12:03:23
2026-04-20 12:03:23 [INFO] Traceability:74 - ======================================================================
2026-04-20 12:03:32 [INFO] Traceability:144 - Cerrando aplicación...
2026-04-20 12:03:32 [INFO] Traceability:161 - Socket principal cerrado.
2026-04-20 12:03:32 [ERROR] Traceability:1330 - Error aceptando conexión: [WinError 10038] Se intentó realizar una operación en un elemento que no es un socket
=======
2026-04-20 17:29:05 [INFO] Traceability:78 - ======================================================================
2026-04-20 17:29:05 [INFO] Traceability:79 - 🔄 LOGGING CONFIGURADO - INICIO DE APLICACIÓN
2026-04-20 17:29:05 [INFO] Traceability:80 - 📁 Archivo diario: logs/server_20260420.log
2026-04-20 17:29:05 [INFO] Traceability:81 - 📁 Archivo general: logs/server.log
2026-04-20 17:29:05 [INFO] Traceability:82 - 📅 Fecha: 2026-04-20 17:29:05
2026-04-20 17:29:05 [INFO] Traceability:83 - ======================================================================
2026-04-20 17:29:07 [INFO] Traceability:141 - Cerrando aplicación...
2026-04-20 17:29:07 [INFO] Traceability:158 - Socket principal cerrado.
2026-04-20 17:29:07 [ERROR] Traceability:1318 - Error aceptando conexión: [WinError 10038] Se intentó realizar una operación en un elemento que no es un socket
2026-04-20 17:29:21 [INFO] Traceability:78 - ======================================================================
2026-04-20 17:29:21 [INFO] Traceability:79 - 🔄 LOGGING CONFIGURADO - INICIO DE APLICACIÓN
2026-04-20 17:29:21 [INFO] Traceability:80 - 📁 Archivo diario: logs/server_20260420.log
2026-04-20 17:29:21 [INFO] Traceability:81 - 📁 Archivo general: logs/server.log
2026-04-20 17:29:21 [INFO] Traceability:82 - 📅 Fecha: 2026-04-20 17:29:21
2026-04-20 17:29:21 [INFO] Traceability:83 - ======================================================================
2026-04-20 17:29:31 [INFO] Traceability:141 - Cerrando aplicación...
2026-04-20 17:29:31 [INFO] Traceability:158 - Socket principal cerrado.
2026-04-20 17:29:31 [ERROR] Traceability:1318 - Error aceptando conexión: [WinError 10038] Se intentó realizar una operación en un elemento que no es un socket
2026-04-24 17:28:34 [INFO] Traceability:78 - ======================================================================
2026-04-24 17:28:34 [INFO] Traceability:79 - 🔄 LOGGING CONFIGURADO - INICIO DE APLICACIÓN
2026-04-24 17:28:34 [INFO] Traceability:80 - 📁 Archivo diario: logs/server_20260424.log
2026-04-24 17:28:34 [INFO] Traceability:81 - 📁 Archivo general: logs/server.log
2026-04-24 17:28:34 [INFO] Traceability:82 - 📅 Fecha: 2026-04-24 17:28:34
2026-04-24 17:28:34 [INFO] Traceability:83 - ======================================================================
>>>>>>> Stashed changes
